[0.015s] Invoking command in '/home/workspace/mici_ws/build/mici_control': CMAKE_PREFIX_PATH=${CMAKE_PREFIX_PATH}:/home/workspace/turtlebot3_ws/install/turtlebot3_autorace_mission:/home/workspace/turtlebot3_ws/install/turtlebot3_autorace_detect:/home/workspace/turtlebot3_ws/install/turtlebot3_autorace_camera:/home/workspace/ros_ws/install/turtlebot3_description:/home/workspace/ros_ws/install/navigation_m:/home/workspace/ros_ws/install/my_robot_control:/opt/ros/humble /usr/bin/cmake --build /home/workspace/mici_ws/build/mici_control -- -j12 -l12
[0.048s] Invoked command in '/home/workspace/mici_ws/build/mici_control' returned '0': CMAKE_PREFIX_PATH=${CMAKE_PREFIX_PATH}:/home/workspace/turtlebot3_ws/install/turtlebot3_autorace_mission:/home/workspace/turtlebot3_ws/install/turtlebot3_autorace_detect:/home/workspace/turtlebot3_ws/install/turtlebot3_autorace_camera:/home/workspace/ros_ws/install/turtlebot3_description:/home/workspace/ros_ws/install/navigation_m:/home/workspace/ros_ws/install/my_robot_control:/opt/ros/humble /usr/bin/cmake --build /home/workspace/mici_ws/build/mici_control -- -j12 -l12
[0.057s] Invoking command in '/home/workspace/mici_ws/build/mici_control': CMAKE_PREFIX_PATH=${CMAKE_PREFIX_PATH}:/home/workspace/turtlebot3_ws/install/turtlebot3_autorace_mission:/home/workspace/turtlebot3_ws/install/turtlebot3_autorace_detect:/home/workspace/turtlebot3_ws/install/turtlebot3_autorace_camera:/home/workspace/ros_ws/install/turtlebot3_description:/home/workspace/ros_ws/install/navigation_m:/home/workspace/ros_ws/install/my_robot_control:/opt/ros/humble /usr/bin/cmake --install /home/workspace/mici_ws/build/mici_control
[0.062s] -- Install configuration: ""
[0.062s] -- Up-to-date: /home/workspace/mici_ws/install/mici_control/share/ament_index/resource_index/package_run_dependencies/mici_control
[0.062s] -- Up-to-date: /home/workspace/mici_ws/install/mici_control/share/ament_index/resource_index/parent_prefix_path/mici_control
[0.062s] -- Up-to-date: /home/workspace/mici_ws/install/mici_control/share/mici_control/environment/ament_prefix_path.sh
[0.062s] -- Up-to-date: /home/workspace/mici_ws/install/mici_control/share/mici_control/environment/ament_prefix_path.dsv
[0.063s] -- Up-to-date: /home/workspace/mici_ws/install/mici_control/share/mici_control/environment/path.sh
[0.063s] -- Up-to-date: /home/workspace/mici_ws/install/mici_control/share/mici_control/environment/path.dsv
[0.063s] -- Up-to-date: /home/workspace/mici_ws/install/mici_control/share/mici_control/local_setup.bash
[0.063s] -- Up-to-date: /home/workspace/mici_ws/install/mici_control/share/mici_control/local_setup.sh
[0.063s] -- Up-to-date: /home/workspace/mici_ws/install/mici_control/share/mici_control/local_setup.zsh
[0.063s] -- Up-to-date: /home/workspace/mici_ws/install/mici_control/share/mici_control/local_setup.dsv
[0.063s] -- Up-to-date: /home/workspace/mici_ws/install/mici_control/share/mici_control/package.dsv
[0.063s] -- Up-to-date: /home/workspace/mici_ws/install/mici_control/share/ament_index/resource_index/packages/mici_control
[0.063s] -- Up-to-date: /home/workspace/mici_ws/install/mici_control/share/mici_control/cmake/mici_controlConfig.cmake
[0.063s] -- Up-to-date: /home/workspace/mici_ws/install/mici_control/share/mici_control/cmake/mici_controlConfig-version.cmake
[0.063s] -- Up-to-date: /home/workspace/mici_ws/install/mici_control/share/mici_control/package.xml
[0.064s] Invoked command in '/home/workspace/mici_ws/build/mici_control' returned '0': CMAKE_PREFIX_PATH=${CMAKE_PREFIX_PATH}:/home/workspace/turtlebot3_ws/install/turtlebot3_autorace_mission:/home/workspace/turtlebot3_ws/install/turtlebot3_autorace_detect:/home/workspace/turtlebot3_ws/install/turtlebot3_autorace_camera:/home/workspace/ros_ws/install/turtlebot3_description:/home/workspace/ros_ws/install/navigation_m:/home/workspace/ros_ws/install/my_robot_control:/opt/ros/humble /usr/bin/cmake --install /home/workspace/mici_ws/build/mici_control
