running egg_info
writing ../../build/py_srvcli/py_srvcli.egg-info/PKG-INFO
writing dependency_links to ../../build/py_srvcli/py_srvcli.egg-info/dependency_links.txt
writing entry points to ../../build/py_srvcli/py_srvcli.egg-info/entry_points.txt
writing requirements to ../../build/py_srvcli/py_srvcli.egg-info/requires.txt
writing top-level names to ../../build/py_srvcli/py_srvcli.egg-info/top_level.txt
reading manifest file '../../build/py_srvcli/py_srvcli.egg-info/SOURCES.txt'
writing manifest file '../../build/py_srvcli/py_srvcli.egg-info/SOURCES.txt'
running build
running build_py
copying py_srvcli/service_member.py -> /home/workspace/mici_ws/build/py_srvcli/build/lib/py_srvcli
copying py_srvcli/client_member.py -> /home/workspace/mici_ws/build/py_srvcli/build/lib/py_srvcli
running install
running install_lib
copying /home/workspace/mici_ws/build/py_srvcli/build/lib/py_srvcli/service_member.py -> /home/workspace/mici_ws/install/py_srvcli/lib/python3.10/site-packages/py_srvcli
copying /home/workspace/mici_ws/build/py_srvcli/build/lib/py_srvcli/client_member.py -> /home/workspace/mici_ws/install/py_srvcli/lib/python3.10/site-packages/py_srvcli
byte-compiling /home/workspace/mici_ws/install/py_srvcli/lib/python3.10/site-packages/py_srvcli/service_member.py to service_member.cpython-310.pyc
byte-compiling /home/workspace/mici_ws/install/py_srvcli/lib/python3.10/site-packages/py_srvcli/client_member.py to client_member.cpython-310.pyc
running install_data
copying package.xml -> /home/workspace/mici_ws/install/py_srvcli/share/py_srvcli
running install_egg_info
removing '/home/workspace/mici_ws/install/py_srvcli/lib/python3.10/site-packages/py_srvcli-0.0.0-py3.10.egg-info' (and everything under it)
Copying ../../build/py_srvcli/py_srvcli.egg-info to /home/workspace/mici_ws/install/py_srvcli/lib/python3.10/site-packages/py_srvcli-0.0.0-py3.10.egg-info
running install_scripts
Installing clin script to /home/workspace/mici_ws/install/py_srvcli/lib/py_srvcli
Installing serv script to /home/workspace/mici_ws/install/py_srvcli/lib/py_srvcli
writing list of installed files to '/home/workspace/mici_ws/build/py_srvcli/install.log'
