[1.265s] Invoking command in '/home/workspace/mici_ws/src/py_launch_exam': PYTHONPATH=/home/workspace/mici_ws/build/py_launch_exam/prefix_override:/usr/lib/python3/dist-packages/colcon_core/task/python/colcon_distutils_commands:/home/workspace/mici_ws/install/py_launch_exam/lib/python3.10/site-packages:${PYTHONPATH} /usr/bin/python3 -W ignore:setup.py install is deprecated -W ignore:easy_install command is deprecated setup.py egg_info --egg-base ../../build/py_launch_exam build --build-base /home/workspace/mici_ws/build/py_launch_exam/build install --record /home/workspace/mici_ws/build/py_launch_exam/install.log --single-version-externally-managed install_data
[1.508s] running egg_info
[1.508s] writing ../../build/py_launch_exam/py_launch_exam.egg-info/PKG-INFO
[1.508s] writing dependency_links to ../../build/py_launch_exam/py_launch_exam.egg-info/dependency_links.txt
[1.508s] writing entry points to ../../build/py_launch_exam/py_launch_exam.egg-info/entry_points.txt
[1.508s] writing requirements to ../../build/py_launch_exam/py_launch_exam.egg-info/requires.txt
[1.509s] writing top-level names to ../../build/py_launch_exam/py_launch_exam.egg-info/top_level.txt
[1.510s] reading manifest file '../../build/py_launch_exam/py_launch_exam.egg-info/SOURCES.txt'
[1.510s] adding license file 'LICENSE'
[1.511s] writing manifest file '../../build/py_launch_exam/py_launch_exam.egg-info/SOURCES.txt'
[1.511s] running build
[1.511s] running build_py
[1.511s] running install
[1.511s] running install_lib
[1.512s] running install_data
[1.513s] running install_egg_info
[1.514s] removing '/home/workspace/mici_ws/install/py_launch_exam/lib/python3.10/site-packages/py_launch_exam-0.0.0-py3.10.egg-info' (and everything under it)
[1.515s] Copying ../../build/py_launch_exam/py_launch_exam.egg-info to /home/workspace/mici_ws/install/py_launch_exam/lib/python3.10/site-packages/py_launch_exam-0.0.0-py3.10.egg-info
[1.515s] running install_scripts
[1.541s] writing list of installed files to '/home/workspace/mici_ws/build/py_launch_exam/install.log'
[1.574s] Invoked command in '/home/workspace/mici_ws/src/py_launch_exam' returned '0': PYTHONPATH=/home/workspace/mici_ws/build/py_launch_exam/prefix_override:/usr/lib/python3/dist-packages/colcon_core/task/python/colcon_distutils_commands:/home/workspace/mici_ws/install/py_launch_exam/lib/python3.10/site-packages:${PYTHONPATH} /usr/bin/python3 -W ignore:setup.py install is deprecated -W ignore:easy_install command is deprecated setup.py egg_info --egg-base ../../build/py_launch_exam build --build-base /home/workspace/mici_ws/build/py_launch_exam/build install --record /home/workspace/mici_ws/build/py_launch_exam/install.log --single-version-externally-managed install_data
