[0.410s] Invoking command in '/home/workspace/mici_ws/src/py_srvcli': PYTHONPATH=/home/workspace/mici_ws/build/py_srvcli/prefix_override:/usr/lib/python3/dist-packages/colcon_core/task/python/colcon_distutils_commands:/home/workspace/mici_ws/install/py_srvcli/lib/python3.10/site-packages:${PYTHONPATH} /usr/bin/python3 -W ignore:setup.py install is deprecated -W ignore:easy_install command is deprecated setup.py egg_info --egg-base ../../build/py_srvcli build --build-base /home/workspace/mici_ws/build/py_srvcli/build install --record /home/workspace/mici_ws/build/py_srvcli/install.log --single-version-externally-managed install_data
[0.572s] running egg_info
[0.572s] writing ../../build/py_srvcli/py_srvcli.egg-info/PKG-INFO
[0.572s] writing dependency_links to ../../build/py_srvcli/py_srvcli.egg-info/dependency_links.txt
[0.572s] writing entry points to ../../build/py_srvcli/py_srvcli.egg-info/entry_points.txt
[0.572s] writing requirements to ../../build/py_srvcli/py_srvcli.egg-info/requires.txt
[0.572s] writing top-level names to ../../build/py_srvcli/py_srvcli.egg-info/top_level.txt
[0.574s] reading manifest file '../../build/py_srvcli/py_srvcli.egg-info/SOURCES.txt'
[0.574s] writing manifest file '../../build/py_srvcli/py_srvcli.egg-info/SOURCES.txt'
[0.574s] running build
[0.574s] running build_py
[0.575s] running install
[0.575s] running install_lib
[0.576s] running install_data
[0.576s] running install_egg_info
[0.577s] removing '/home/workspace/mici_ws/install/py_srvcli/lib/python3.10/site-packages/py_srvcli-0.0.0-py3.10.egg-info' (and everything under it)
[0.578s] Copying ../../build/py_srvcli/py_srvcli.egg-info to /home/workspace/mici_ws/install/py_srvcli/lib/python3.10/site-packages/py_srvcli-0.0.0-py3.10.egg-info
[0.578s] running install_scripts
[0.591s] Installing clin script to /home/workspace/mici_ws/install/py_srvcli/lib/py_srvcli
[0.591s] Installing serv script to /home/workspace/mici_ws/install/py_srvcli/lib/py_srvcli
[0.591s] writing list of installed files to '/home/workspace/mici_ws/build/py_srvcli/install.log'
[0.608s] Invoked command in '/home/workspace/mici_ws/src/py_srvcli' returned '0': PYTHONPATH=/home/workspace/mici_ws/build/py_srvcli/prefix_override:/usr/lib/python3/dist-packages/colcon_core/task/python/colcon_distutils_commands:/home/workspace/mici_ws/install/py_srvcli/lib/python3.10/site-packages:${PYTHONPATH} /usr/bin/python3 -W ignore:setup.py install is deprecated -W ignore:easy_install command is deprecated setup.py egg_info --egg-base ../../build/py_srvcli build --build-base /home/workspace/mici_ws/build/py_srvcli/build install --record /home/workspace/mici_ws/build/py_srvcli/install.log --single-version-externally-managed install_data
