[0.015s] Invoking command in '/home/workspace/mici_ws/build/mici_description': CMAKE_PREFIX_PATH=${CMAKE_PREFIX_PATH}:/home/workspace/turtlebot3_ws/install/turtlebot3_autorace_mission:/home/workspace/turtlebot3_ws/install/turtlebot3_autorace_detect:/home/workspace/turtlebot3_ws/install/turtlebot3_autorace_camera:/home/workspace/ros_ws/install/turtlebot3_description:/home/workspace/ros_ws/install/navigation_m:/home/workspace/ros_ws/install/my_robot_control:/opt/ros/humble /usr/bin/cmake --build /home/workspace/mici_ws/build/mici_description -- -j12 -l12
[0.059s] [100%] Built target my_node
[0.214s] Invoked command in '/home/workspace/mici_ws/build/mici_description' returned '0': CMAKE_PREFIX_PATH=${CMAKE_PREFIX_PATH}:/home/workspace/turtlebot3_ws/install/turtlebot3_autorace_mission:/home/workspace/turtlebot3_ws/install/turtlebot3_autorace_detect:/home/workspace/turtlebot3_ws/install/turtlebot3_autorace_camera:/home/workspace/ros_ws/install/turtlebot3_description:/home/workspace/ros_ws/install/navigation_m:/home/workspace/ros_ws/install/my_robot_control:/opt/ros/humble /usr/bin/cmake --build /home/workspace/mici_ws/build/mici_description -- -j12 -l12
[0.214s] Invoking command in '/home/workspace/mici_ws/build/mici_description': CMAKE_PREFIX_PATH=${CMAKE_PREFIX_PATH}:/home/workspace/turtlebot3_ws/install/turtlebot3_autorace_mission:/home/workspace/turtlebot3_ws/install/turtlebot3_autorace_detect:/home/workspace/turtlebot3_ws/install/turtlebot3_autorace_camera:/home/workspace/ros_ws/install/turtlebot3_description:/home/workspace/ros_ws/install/navigation_m:/home/workspace/ros_ws/install/my_robot_control:/opt/ros/humble /usr/bin/cmake --install /home/workspace/mici_ws/build/mici_description
[0.221s] -- Install configuration: ""
[0.222s] -- Up-to-date: /home/workspace/mici_ws/install/mici_description/lib/mici_description/my_node
[0.222s] -- Up-to-date: /home/workspace/mici_ws/install/mici_description/share/ament_index/resource_index/package_run_dependencies/mici_description
[0.222s] -- Up-to-date: /home/workspace/mici_ws/install/mici_description/share/ament_index/resource_index/parent_prefix_path/mici_description
[0.222s] -- Up-to-date: /home/workspace/mici_ws/install/mici_description/share/mici_description/environment/ament_prefix_path.sh
[0.223s] -- Up-to-date: /home/workspace/mici_ws/install/mici_description/share/mici_description/environment/ament_prefix_path.dsv
[0.223s] -- Up-to-date: /home/workspace/mici_ws/install/mici_description/share/mici_description/environment/path.sh
[0.223s] -- Up-to-date: /home/workspace/mici_ws/install/mici_description/share/mici_description/environment/path.dsv
[0.223s] -- Up-to-date: /home/workspace/mici_ws/install/mici_description/share/mici_description/local_setup.bash
[0.223s] -- Up-to-date: /home/workspace/mici_ws/install/mici_description/share/mici_description/local_setup.sh
[0.223s] -- Up-to-date: /home/workspace/mici_ws/install/mici_description/share/mici_description/local_setup.zsh
[0.224s] -- Up-to-date: /home/workspace/mici_ws/install/mici_description/share/mici_description/local_setup.dsv
[0.224s] -- Installing: /home/workspace/mici_ws/install/mici_description/share/mici_description/package.dsv
[0.224s] -- Up-to-date: /home/workspace/mici_ws/install/mici_description/share/ament_index/resource_index/packages/mici_description
[0.224s] -- Up-to-date: /home/workspace/mici_ws/install/mici_description/share/mici_description/cmake/mici_descriptionConfig.cmake
[0.224s] -- Up-to-date: /home/workspace/mici_ws/install/mici_description/share/mici_description/cmake/mici_descriptionConfig-version.cmake
[0.224s] -- Up-to-date: /home/workspace/mici_ws/install/mici_description/share/mici_description/package.xml
[0.248s] Invoked command in '/home/workspace/mici_ws/build/mici_description' returned '0': CMAKE_PREFIX_PATH=${CMAKE_PREFIX_PATH}:/home/workspace/turtlebot3_ws/install/turtlebot3_autorace_mission:/home/workspace/turtlebot3_ws/install/turtlebot3_autorace_detect:/home/workspace/turtlebot3_ws/install/turtlebot3_autorace_camera:/home/workspace/ros_ws/install/turtlebot3_description:/home/workspace/ros_ws/install/navigation_m:/home/workspace/ros_ws/install/my_robot_control:/opt/ros/humble /usr/bin/cmake --install /home/workspace/mici_ws/build/mici_description
