[0.667s] Invoking command in '/home/workspace/mici_ws/src/py_srvcli': PYTHONPATH=/home/workspace/mici_ws/build/py_srvcli/prefix_override:/usr/lib/python3/dist-packages/colcon_core/task/python/colcon_distutils_commands:/home/workspace/mici_ws/install/py_srvcli/lib/python3.10/site-packages:${PYTHONPATH} /usr/bin/python3 -W ignore:setup.py install is deprecated -W ignore:easy_install command is deprecated setup.py egg_info --egg-base ../../build/py_srvcli build --build-base /home/workspace/mici_ws/build/py_srvcli/build install --record /home/workspace/mici_ws/build/py_srvcli/install.log --single-version-externally-managed install_data
[0.856s] running egg_info
[0.857s] creating ../../build/py_srvcli/py_srvcli.egg-info
[0.857s] writing ../../build/py_srvcli/py_srvcli.egg-info/PKG-INFO
[0.857s] writing dependency_links to ../../build/py_srvcli/py_srvcli.egg-info/dependency_links.txt
[0.857s] writing entry points to ../../build/py_srvcli/py_srvcli.egg-info/entry_points.txt
[0.857s] writing requirements to ../../build/py_srvcli/py_srvcli.egg-info/requires.txt
[0.857s] writing top-level names to ../../build/py_srvcli/py_srvcli.egg-info/top_level.txt
[0.857s] writing manifest file '../../build/py_srvcli/py_srvcli.egg-info/SOURCES.txt'
[0.859s] reading manifest file '../../build/py_srvcli/py_srvcli.egg-info/SOURCES.txt'
[0.859s] writing manifest file '../../build/py_srvcli/py_srvcli.egg-info/SOURCES.txt'
[0.859s] running build
[0.859s] running build_py
[0.859s] creating /home/workspace/mici_ws/build/py_srvcli/build
[0.859s] creating /home/workspace/mici_ws/build/py_srvcli/build/lib
[0.859s] creating /home/workspace/mici_ws/build/py_srvcli/build/lib/py_srvcli
[0.859s] copying py_srvcli/__init__.py -> /home/workspace/mici_ws/build/py_srvcli/build/lib/py_srvcli
[0.859s] copying py_srvcli/service_member.py -> /home/workspace/mici_ws/build/py_srvcli/build/lib/py_srvcli
[0.859s] copying py_srvcli/client_member.py -> /home/workspace/mici_ws/build/py_srvcli/build/lib/py_srvcli
[0.860s] running install
[0.860s] running install_lib
[0.860s] creating /home/workspace/mici_ws/install/py_srvcli/lib/python3.10/site-packages/py_srvcli
[0.860s] copying /home/workspace/mici_ws/build/py_srvcli/build/lib/py_srvcli/__init__.py -> /home/workspace/mici_ws/install/py_srvcli/lib/python3.10/site-packages/py_srvcli
[0.860s] copying /home/workspace/mici_ws/build/py_srvcli/build/lib/py_srvcli/service_member.py -> /home/workspace/mici_ws/install/py_srvcli/lib/python3.10/site-packages/py_srvcli
[0.860s] copying /home/workspace/mici_ws/build/py_srvcli/build/lib/py_srvcli/client_member.py -> /home/workspace/mici_ws/install/py_srvcli/lib/python3.10/site-packages/py_srvcli
[0.860s] byte-compiling /home/workspace/mici_ws/install/py_srvcli/lib/python3.10/site-packages/py_srvcli/__init__.py to __init__.cpython-310.pyc
[0.860s] byte-compiling /home/workspace/mici_ws/install/py_srvcli/lib/python3.10/site-packages/py_srvcli/service_member.py to service_member.cpython-310.pyc
[0.860s] byte-compiling /home/workspace/mici_ws/install/py_srvcli/lib/python3.10/site-packages/py_srvcli/client_member.py to client_member.cpython-310.pyc
[0.861s] running install_data
[0.861s] creating /home/workspace/mici_ws/install/py_srvcli/share/ament_index
[0.861s] creating /home/workspace/mici_ws/install/py_srvcli/share/ament_index/resource_index
[0.861s] creating /home/workspace/mici_ws/install/py_srvcli/share/ament_index/resource_index/packages
[0.861s] copying resource/py_srvcli -> /home/workspace/mici_ws/install/py_srvcli/share/ament_index/resource_index/packages
[0.861s] copying package.xml -> /home/workspace/mici_ws/install/py_srvcli/share/py_srvcli
[0.861s] running install_egg_info
[0.863s] Copying ../../build/py_srvcli/py_srvcli.egg-info to /home/workspace/mici_ws/install/py_srvcli/lib/python3.10/site-packages/py_srvcli-0.0.0-py3.10.egg-info
[0.863s] running install_scripts
[0.877s] writing list of installed files to '/home/workspace/mici_ws/build/py_srvcli/install.log'
[0.895s] Invoked command in '/home/workspace/mici_ws/src/py_srvcli' returned '0': PYTHONPATH=/home/workspace/mici_ws/build/py_srvcli/prefix_override:/usr/lib/python3/dist-packages/colcon_core/task/python/colcon_distutils_commands:/home/workspace/mici_ws/install/py_srvcli/lib/python3.10/site-packages:${PYTHONPATH} /usr/bin/python3 -W ignore:setup.py install is deprecated -W ignore:easy_install command is deprecated setup.py egg_info --egg-base ../../build/py_srvcli build --build-base /home/workspace/mici_ws/build/py_srvcli/build install --record /home/workspace/mici_ws/build/py_srvcli/install.log --single-version-externally-managed install_data
