[0.060s] DEBUG:colcon:Command line arguments: ['/usr/bin/colcon', 'build']
[0.060s] DEBUG:colcon:Parsed command line arguments: Namespace(log_base=None, log_level=None, verb_name='build', build_base='build', install_base='install', merge_install=False, symlink_install=False, test_result_base=None, continue_on_error=False, executor='parallel', parallel_workers=12, event_handlers=None, ignore_user_meta=False, metas=['./colcon.meta'], base_paths=['.'], packages_ignore=None, packages_ignore_regex=None, paths=None, packages_up_to=None, packages_up_to_regex=None, packages_above=None, packages_above_and_dependencies=None, packages_above_depth=None, packages_select_by_dep=None, packages_skip_by_dep=None, packages_skip_up_to=None, packages_select_build_failed=False, packages_skip_build_finished=False, packages_select_test_failures=False, packages_skip_test_passed=False, packages_select=None, packages_skip=None, packages_select_regex=None, packages_skip_regex=None, packages_start=None, packages_end=None, allow_overriding=[], cmake_args=None, cmake_target=None, cmake_target_skip_unavailable=False, cmake_clean_cache=False, cmake_clean_first=False, cmake_force_configure=False, ament_cmake_args=None, catkin_cmake_args=None, catkin_skip_building_tests=False, verb_parser=<colcon_defaults.argument_parser.defaults.DefaultArgumentsDecorator object at 0x7aa12a9f3940>, verb_extension=<colcon_core.verb.build.BuildVerb object at 0x7aa12ab34dc0>, main=<bound method BuildVerb.main of <colcon_core.verb.build.BuildVerb object at 0x7aa12ab34dc0>>)
[0.164s] Level 1:colcon.colcon_core.package_discovery:discover_packages(colcon_meta) check parameters
[0.164s] Level 1:colcon.colcon_core.package_discovery:discover_packages(recursive) check parameters
[0.164s] Level 1:colcon.colcon_core.package_discovery:discover_packages(ignore) check parameters
[0.164s] Level 1:colcon.colcon_core.package_discovery:discover_packages(path) check parameters
[0.164s] Level 1:colcon.colcon_core.package_discovery:discover_packages(colcon_meta) discover
[0.164s] Level 1:colcon.colcon_core.package_discovery:discover_packages(recursive) discover
[0.164s] INFO:colcon.colcon_core.package_discovery:Crawling recursively for packages in '/home/workspace/mici_ws'
[0.164s] Level 1:colcon.colcon_core.package_identification:_identify(.) by extensions ['ignore', 'ignore_ament_install']
[0.164s] Level 1:colcon.colcon_core.package_identification:_identify(.) by extension 'ignore'
[0.164s] Level 1:colcon.colcon_core.package_identification:_identify(.) by extension 'ignore_ament_install'
[0.164s] Level 1:colcon.colcon_core.package_identification:_identify(.) by extensions ['colcon_pkg']
[0.164s] Level 1:colcon.colcon_core.package_identification:_identify(.) by extension 'colcon_pkg'
[0.164s] Level 1:colcon.colcon_core.package_identification:_identify(.) by extensions ['colcon_meta']
[0.164s] Level 1:colcon.colcon_core.package_identification:_identify(.) by extension 'colcon_meta'
[0.164s] Level 1:colcon.colcon_core.package_identification:_identify(.) by extensions ['ros']
[0.164s] Level 1:colcon.colcon_core.package_identification:_identify(.) by extension 'ros'
[0.171s] Level 1:colcon.colcon_core.package_identification:_identify(.) by extensions ['cmake', 'python']
[0.171s] Level 1:colcon.colcon_core.package_identification:_identify(.) by extension 'cmake'
[0.171s] Level 1:colcon.colcon_core.package_identification:_identify(.) by extension 'python'
[0.171s] Level 1:colcon.colcon_core.package_identification:_identify(.) by extensions ['python_setup_py']
[0.171s] Level 1:colcon.colcon_core.package_identification:_identify(.) by extension 'python_setup_py'
[0.171s] Level 1:colcon.colcon_core.package_identification:_identify(build) by extensions ['ignore', 'ignore_ament_install']
[0.171s] Level 1:colcon.colcon_core.package_identification:_identify(build) by extension 'ignore'
[0.171s] Level 1:colcon.colcon_core.package_identification:_identify(build) ignored
[0.171s] Level 1:colcon.colcon_core.package_identification:_identify(install) by extensions ['ignore', 'ignore_ament_install']
[0.171s] Level 1:colcon.colcon_core.package_identification:_identify(install) by extension 'ignore'
[0.171s] Level 1:colcon.colcon_core.package_identification:_identify(install) ignored
[0.171s] Level 1:colcon.colcon_core.package_identification:_identify(launch) by extensions ['ignore', 'ignore_ament_install']
[0.171s] Level 1:colcon.colcon_core.package_identification:_identify(launch) by extension 'ignore'
[0.171s] Level 1:colcon.colcon_core.package_identification:_identify(launch) by extension 'ignore_ament_install'
[0.171s] Level 1:colcon.colcon_core.package_identification:_identify(launch) by extensions ['colcon_pkg']
[0.171s] Level 1:colcon.colcon_core.package_identification:_identify(launch) by extension 'colcon_pkg'
[0.171s] Level 1:colcon.colcon_core.package_identification:_identify(launch) by extensions ['colcon_meta']
[0.171s] Level 1:colcon.colcon_core.package_identification:_identify(launch) by extension 'colcon_meta'
[0.171s] Level 1:colcon.colcon_core.package_identification:_identify(launch) by extensions ['ros']
[0.171s] Level 1:colcon.colcon_core.package_identification:_identify(launch) by extension 'ros'
[0.171s] Level 1:colcon.colcon_core.package_identification:_identify(launch) by extensions ['cmake', 'python']
[0.171s] Level 1:colcon.colcon_core.package_identification:_identify(launch) by extension 'cmake'
[0.171s] Level 1:colcon.colcon_core.package_identification:_identify(launch) by extension 'python'
[0.171s] Level 1:colcon.colcon_core.package_identification:_identify(launch) by extensions ['python_setup_py']
[0.171s] Level 1:colcon.colcon_core.package_identification:_identify(launch) by extension 'python_setup_py'
[0.171s] Level 1:colcon.colcon_core.package_identification:_identify(launch/__pycache__) by extensions ['ignore', 'ignore_ament_install']
[0.171s] Level 1:colcon.colcon_core.package_identification:_identify(launch/__pycache__) by extension 'ignore'
[0.171s] Level 1:colcon.colcon_core.package_identification:_identify(launch/__pycache__) by extension 'ignore_ament_install'
[0.171s] Level 1:colcon.colcon_core.package_identification:_identify(launch/__pycache__) by extensions ['colcon_pkg']
[0.171s] Level 1:colcon.colcon_core.package_identification:_identify(launch/__pycache__) by extension 'colcon_pkg'
[0.171s] Level 1:colcon.colcon_core.package_identification:_identify(launch/__pycache__) by extensions ['colcon_meta']
[0.171s] Level 1:colcon.colcon_core.package_identification:_identify(launch/__pycache__) by extension 'colcon_meta'
[0.171s] Level 1:colcon.colcon_core.package_identification:_identify(launch/__pycache__) by extensions ['ros']
[0.171s] Level 1:colcon.colcon_core.package_identification:_identify(launch/__pycache__) by extension 'ros'
[0.172s] Level 1:colcon.colcon_core.package_identification:_identify(launch/__pycache__) by extensions ['cmake', 'python']
[0.172s] Level 1:colcon.colcon_core.package_identification:_identify(launch/__pycache__) by extension 'cmake'
[0.172s] Level 1:colcon.colcon_core.package_identification:_identify(launch/__pycache__) by extension 'python'
[0.172s] Level 1:colcon.colcon_core.package_identification:_identify(launch/__pycache__) by extensions ['python_setup_py']
[0.172s] Level 1:colcon.colcon_core.package_identification:_identify(launch/__pycache__) by extension 'python_setup_py'
[0.172s] Level 1:colcon.colcon_core.package_identification:_identify(log) by extensions ['ignore', 'ignore_ament_install']
[0.172s] Level 1:colcon.colcon_core.package_identification:_identify(log) by extension 'ignore'
[0.172s] Level 1:colcon.colcon_core.package_identification:_identify(log) ignored
[0.172s] Level 1:colcon.colcon_core.package_identification:_identify(src) by extensions ['ignore', 'ignore_ament_install']
[0.172s] Level 1:colcon.colcon_core.package_identification:_identify(src) by extension 'ignore'
[0.172s] Level 1:colcon.colcon_core.package_identification:_identify(src) by extension 'ignore_ament_install'
[0.172s] Level 1:colcon.colcon_core.package_identification:_identify(src) by extensions ['colcon_pkg']
[0.172s] Level 1:colcon.colcon_core.package_identification:_identify(src) by extension 'colcon_pkg'
[0.172s] Level 1:colcon.colcon_core.package_identification:_identify(src) by extensions ['colcon_meta']
[0.172s] Level 1:colcon.colcon_core.package_identification:_identify(src) by extension 'colcon_meta'
[0.172s] Level 1:colcon.colcon_core.package_identification:_identify(src) by extensions ['ros']
[0.172s] Level 1:colcon.colcon_core.package_identification:_identify(src) by extension 'ros'
[0.172s] Level 1:colcon.colcon_core.package_identification:_identify(src) by extensions ['cmake', 'python']
[0.172s] Level 1:colcon.colcon_core.package_identification:_identify(src) by extension 'cmake'
[0.172s] Level 1:colcon.colcon_core.package_identification:_identify(src) by extension 'python'
[0.172s] Level 1:colcon.colcon_core.package_identification:_identify(src) by extensions ['python_setup_py']
[0.172s] Level 1:colcon.colcon_core.package_identification:_identify(src) by extension 'python_setup_py'
[0.172s] Level 1:colcon.colcon_core.package_identification:_identify(src/mici_control) by extensions ['ignore', 'ignore_ament_install']
[0.172s] Level 1:colcon.colcon_core.package_identification:_identify(src/mici_control) by extension 'ignore'
[0.172s] Level 1:colcon.colcon_core.package_identification:_identify(src/mici_control) by extension 'ignore_ament_install'
[0.172s] Level 1:colcon.colcon_core.package_identification:_identify(src/mici_control) by extensions ['colcon_pkg']
[0.172s] Level 1:colcon.colcon_core.package_identification:_identify(src/mici_control) by extension 'colcon_pkg'
[0.172s] Level 1:colcon.colcon_core.package_identification:_identify(src/mici_control) by extensions ['colcon_meta']
[0.172s] Level 1:colcon.colcon_core.package_identification:_identify(src/mici_control) by extension 'colcon_meta'
[0.172s] Level 1:colcon.colcon_core.package_identification:_identify(src/mici_control) by extensions ['ros']
[0.172s] Level 1:colcon.colcon_core.package_identification:_identify(src/mici_control) by extension 'ros'
[0.174s] DEBUG:colcon.colcon_core.package_identification:Package 'src/mici_control' with type 'ros.ament_cmake' and name 'mici_control'
[0.174s] Level 1:colcon.colcon_core.package_identification:_identify(src/mici_description) by extensions ['ignore', 'ignore_ament_install']
[0.174s] Level 1:colcon.colcon_core.package_identification:_identify(src/mici_description) by extension 'ignore'
[0.174s] Level 1:colcon.colcon_core.package_identification:_identify(src/mici_description) by extension 'ignore_ament_install'
[0.174s] Level 1:colcon.colcon_core.package_identification:_identify(src/mici_description) by extensions ['colcon_pkg']
[0.174s] Level 1:colcon.colcon_core.package_identification:_identify(src/mici_description) by extension 'colcon_pkg'
[0.174s] Level 1:colcon.colcon_core.package_identification:_identify(src/mici_description) by extensions ['colcon_meta']
[0.174s] Level 1:colcon.colcon_core.package_identification:_identify(src/mici_description) by extension 'colcon_meta'
[0.174s] Level 1:colcon.colcon_core.package_identification:_identify(src/mici_description) by extensions ['ros']
[0.174s] Level 1:colcon.colcon_core.package_identification:_identify(src/mici_description) by extension 'ros'
[0.174s] DEBUG:colcon.colcon_core.package_identification:Package 'src/mici_description' with type 'ros.ament_cmake' and name 'mici_description'
[0.174s] Level 1:colcon.colcon_core.package_identification:_identify(src/mici_launch) by extensions ['ignore', 'ignore_ament_install']
[0.174s] Level 1:colcon.colcon_core.package_identification:_identify(src/mici_launch) by extension 'ignore'
[0.174s] Level 1:colcon.colcon_core.package_identification:_identify(src/mici_launch) by extension 'ignore_ament_install'
[0.174s] Level 1:colcon.colcon_core.package_identification:_identify(src/mici_launch) by extensions ['colcon_pkg']
[0.174s] Level 1:colcon.colcon_core.package_identification:_identify(src/mici_launch) by extension 'colcon_pkg'
[0.174s] Level 1:colcon.colcon_core.package_identification:_identify(src/mici_launch) by extensions ['colcon_meta']
[0.174s] Level 1:colcon.colcon_core.package_identification:_identify(src/mici_launch) by extension 'colcon_meta'
[0.174s] Level 1:colcon.colcon_core.package_identification:_identify(src/mici_launch) by extensions ['ros']
[0.174s] Level 1:colcon.colcon_core.package_identification:_identify(src/mici_launch) by extension 'ros'
[0.175s] DEBUG:colcon.colcon_core.package_identification:Package 'src/mici_launch' with type 'ros.ament_cmake' and name 'mici_launch'
[0.175s] Level 1:colcon.colcon_core.package_identification:_identify(src/py_launch_exam) by extensions ['ignore', 'ignore_ament_install']
[0.175s] Level 1:colcon.colcon_core.package_identification:_identify(src/py_launch_exam) by extension 'ignore'
[0.175s] Level 1:colcon.colcon_core.package_identification:_identify(src/py_launch_exam) by extension 'ignore_ament_install'
[0.175s] Level 1:colcon.colcon_core.package_identification:_identify(src/py_launch_exam) by extensions ['colcon_pkg']
[0.175s] Level 1:colcon.colcon_core.package_identification:_identify(src/py_launch_exam) by extension 'colcon_pkg'
[0.175s] Level 1:colcon.colcon_core.package_identification:_identify(src/py_launch_exam) by extensions ['colcon_meta']
[0.175s] Level 1:colcon.colcon_core.package_identification:_identify(src/py_launch_exam) by extension 'colcon_meta'
[0.175s] Level 1:colcon.colcon_core.package_identification:_identify(src/py_launch_exam) by extensions ['ros']
[0.175s] Level 1:colcon.colcon_core.package_identification:_identify(src/py_launch_exam) by extension 'ros'
[0.175s] DEBUG:colcon.colcon_core.package_identification:Package 'src/py_launch_exam' with type 'ros.ament_python' and name 'py_launch_exam'
[0.175s] Level 1:colcon.colcon_core.package_identification:_identify(src/py_parameter) by extensions ['ignore', 'ignore_ament_install']
[0.175s] Level 1:colcon.colcon_core.package_identification:_identify(src/py_parameter) by extension 'ignore'
[0.175s] Level 1:colcon.colcon_core.package_identification:_identify(src/py_parameter) by extension 'ignore_ament_install'
[0.175s] Level 1:colcon.colcon_core.package_identification:_identify(src/py_parameter) by extensions ['colcon_pkg']
[0.175s] Level 1:colcon.colcon_core.package_identification:_identify(src/py_parameter) by extension 'colcon_pkg'
[0.175s] Level 1:colcon.colcon_core.package_identification:_identify(src/py_parameter) by extensions ['colcon_meta']
[0.175s] Level 1:colcon.colcon_core.package_identification:_identify(src/py_parameter) by extension 'colcon_meta'
[0.175s] Level 1:colcon.colcon_core.package_identification:_identify(src/py_parameter) by extensions ['ros']
[0.175s] Level 1:colcon.colcon_core.package_identification:_identify(src/py_parameter) by extension 'ros'
[0.176s] DEBUG:colcon.colcon_core.package_identification:Package 'src/py_parameter' with type 'ros.ament_python' and name 'py_parameter'
[0.176s] Level 1:colcon.colcon_core.package_identification:_identify(src/py_pubsub) by extensions ['ignore', 'ignore_ament_install']
[0.176s] Level 1:colcon.colcon_core.package_identification:_identify(src/py_pubsub) by extension 'ignore'
[0.176s] Level 1:colcon.colcon_core.package_identification:_identify(src/py_pubsub) by extension 'ignore_ament_install'
[0.176s] Level 1:colcon.colcon_core.package_identification:_identify(src/py_pubsub) by extensions ['colcon_pkg']
[0.176s] Level 1:colcon.colcon_core.package_identification:_identify(src/py_pubsub) by extension 'colcon_pkg'
[0.176s] Level 1:colcon.colcon_core.package_identification:_identify(src/py_pubsub) by extensions ['colcon_meta']
[0.176s] Level 1:colcon.colcon_core.package_identification:_identify(src/py_pubsub) by extension 'colcon_meta'
[0.176s] Level 1:colcon.colcon_core.package_identification:_identify(src/py_pubsub) by extensions ['ros']
[0.176s] Level 1:colcon.colcon_core.package_identification:_identify(src/py_pubsub) by extension 'ros'
[0.176s] DEBUG:colcon.colcon_core.package_identification:Package 'src/py_pubsub' with type 'ros.ament_python' and name 'py_pubsub'
[0.176s] Level 1:colcon.colcon_core.package_identification:_identify(src/py_srvcli) by extensions ['ignore', 'ignore_ament_install']
[0.176s] Level 1:colcon.colcon_core.package_identification:_identify(src/py_srvcli) by extension 'ignore'
[0.176s] Level 1:colcon.colcon_core.package_identification:_identify(src/py_srvcli) by extension 'ignore_ament_install'
[0.176s] Level 1:colcon.colcon_core.package_identification:_identify(src/py_srvcli) by extensions ['colcon_pkg']
[0.176s] Level 1:colcon.colcon_core.package_identification:_identify(src/py_srvcli) by extension 'colcon_pkg'
[0.176s] Level 1:colcon.colcon_core.package_identification:_identify(src/py_srvcli) by extensions ['colcon_meta']
[0.176s] Level 1:colcon.colcon_core.package_identification:_identify(src/py_srvcli) by extension 'colcon_meta'
[0.176s] Level 1:colcon.colcon_core.package_identification:_identify(src/py_srvcli) by extensions ['ros']
[0.176s] Level 1:colcon.colcon_core.package_identification:_identify(src/py_srvcli) by extension 'ros'
[0.177s] DEBUG:colcon.colcon_core.package_identification:Package 'src/py_srvcli' with type 'ros.ament_python' and name 'py_srvcli'
[0.177s] Level 1:colcon.colcon_core.package_discovery:discover_packages(recursive) using defaults
[0.177s] Level 1:colcon.colcon_core.package_discovery:discover_packages(ignore) discover
[0.177s] Level 1:colcon.colcon_core.package_discovery:discover_packages(ignore) using defaults
[0.177s] Level 1:colcon.colcon_core.package_discovery:discover_packages(path) discover
[0.177s] Level 1:colcon.colcon_core.package_discovery:discover_packages(path) using defaults
[0.189s] Level 1:colcon.colcon_core.package_discovery:discover_packages(prefix_path) check parameters
[0.189s] Level 1:colcon.colcon_core.package_discovery:discover_packages(prefix_path) discover
[0.190s] DEBUG:colcon.colcon_installed_package_information.package_discovery:Found 7 installed packages in /home/workspace/mici_ws/install
[0.191s] DEBUG:colcon.colcon_installed_package_information.package_discovery:Found 4 installed packages in /home/workspace/ros_ws/install
[0.191s] DEBUG:colcon.colcon_installed_package_information.package_discovery:Found 4 installed packages in /home/workspace/turtlebot3_ws/install
[0.191s] DEBUG:colcon.colcon_installed_package_information.package_discovery:Found 3 installed packages in /home/workspace/simulation_ws/install
[0.191s] DEBUG:colcon.colcon_installed_package_information.package_discovery:Found 15 installed packages in /home/workspace/pico_ws/install
[0.192s] DEBUG:colcon.colcon_installed_package_information.package_discovery:Found 413 installed packages in /opt/ros/humble
[0.193s] Level 1:colcon.colcon_core.package_discovery:discover_packages(prefix_path) using defaults
[0.220s] Level 5:colcon.colcon_core.verb:set package 'mici_control' build argument 'cmake_args' from command line to 'None'
[0.220s] Level 5:colcon.colcon_core.verb:set package 'mici_control' build argument 'cmake_target' from command line to 'None'
[0.220s] Level 5:colcon.colcon_core.verb:set package 'mici_control' build argument 'cmake_target_skip_unavailable' from command line to 'False'
[0.220s] Level 5:colcon.colcon_core.verb:set package 'mici_control' build argument 'cmake_clean_cache' from command line to 'False'
[0.220s] Level 5:colcon.colcon_core.verb:set package 'mici_control' build argument 'cmake_clean_first' from command line to 'False'
[0.220s] Level 5:colcon.colcon_core.verb:set package 'mici_control' build argument 'cmake_force_configure' from command line to 'False'
[0.220s] Level 5:colcon.colcon_core.verb:set package 'mici_control' build argument 'ament_cmake_args' from command line to 'None'
[0.220s] Level 5:colcon.colcon_core.verb:set package 'mici_control' build argument 'catkin_cmake_args' from command line to 'None'
[0.220s] Level 5:colcon.colcon_core.verb:set package 'mici_control' build argument 'catkin_skip_building_tests' from command line to 'False'
[0.220s] DEBUG:colcon.colcon_core.verb:Building package 'mici_control' with the following arguments: {'ament_cmake_args': None, 'build_base': '/home/workspace/mici_ws/build/mici_control', 'catkin_cmake_args': None, 'catkin_skip_building_tests': False, 'cmake_args': None, 'cmake_clean_cache': False, 'cmake_clean_first': False, 'cmake_force_configure': False, 'cmake_target': None, 'cmake_target_skip_unavailable': False, 'install_base': '/home/workspace/mici_ws/install/mici_control', 'merge_install': False, 'path': '/home/workspace/mici_ws/src/mici_control', 'symlink_install': False, 'test_result_base': None}
[0.220s] Level 5:colcon.colcon_core.verb:set package 'mici_description' build argument 'cmake_args' from command line to 'None'
[0.220s] Level 5:colcon.colcon_core.verb:set package 'mici_description' build argument 'cmake_target' from command line to 'None'
[0.220s] Level 5:colcon.colcon_core.verb:set package 'mici_description' build argument 'cmake_target_skip_unavailable' from command line to 'False'
[0.220s] Level 5:colcon.colcon_core.verb:set package 'mici_description' build argument 'cmake_clean_cache' from command line to 'False'
[0.220s] Level 5:colcon.colcon_core.verb:set package 'mici_description' build argument 'cmake_clean_first' from command line to 'False'
[0.220s] Level 5:colcon.colcon_core.verb:set package 'mici_description' build argument 'cmake_force_configure' from command line to 'False'
[0.220s] Level 5:colcon.colcon_core.verb:set package 'mici_description' build argument 'ament_cmake_args' from command line to 'None'
[0.220s] Level 5:colcon.colcon_core.verb:set package 'mici_description' build argument 'catkin_cmake_args' from command line to 'None'
[0.220s] Level 5:colcon.colcon_core.verb:set package 'mici_description' build argument 'catkin_skip_building_tests' from command line to 'False'
[0.220s] DEBUG:colcon.colcon_core.verb:Building package 'mici_description' with the following arguments: {'ament_cmake_args': None, 'build_base': '/home/workspace/mici_ws/build/mici_description', 'catkin_cmake_args': None, 'catkin_skip_building_tests': False, 'cmake_args': None, 'cmake_clean_cache': False, 'cmake_clean_first': False, 'cmake_force_configure': False, 'cmake_target': None, 'cmake_target_skip_unavailable': False, 'install_base': '/home/workspace/mici_ws/install/mici_description', 'merge_install': False, 'path': '/home/workspace/mici_ws/src/mici_description', 'symlink_install': False, 'test_result_base': None}
[0.220s] Level 5:colcon.colcon_core.verb:set package 'mici_launch' build argument 'cmake_args' from command line to 'None'
[0.220s] Level 5:colcon.colcon_core.verb:set package 'mici_launch' build argument 'cmake_target' from command line to 'None'
[0.220s] Level 5:colcon.colcon_core.verb:set package 'mici_launch' build argument 'cmake_target_skip_unavailable' from command line to 'False'
[0.220s] Level 5:colcon.colcon_core.verb:set package 'mici_launch' build argument 'cmake_clean_cache' from command line to 'False'
[0.220s] Level 5:colcon.colcon_core.verb:set package 'mici_launch' build argument 'cmake_clean_first' from command line to 'False'
[0.220s] Level 5:colcon.colcon_core.verb:set package 'mici_launch' build argument 'cmake_force_configure' from command line to 'False'
[0.220s] Level 5:colcon.colcon_core.verb:set package 'mici_launch' build argument 'ament_cmake_args' from command line to 'None'
[0.220s] Level 5:colcon.colcon_core.verb:set package 'mici_launch' build argument 'catkin_cmake_args' from command line to 'None'
[0.220s] Level 5:colcon.colcon_core.verb:set package 'mici_launch' build argument 'catkin_skip_building_tests' from command line to 'False'
[0.220s] DEBUG:colcon.colcon_core.verb:Building package 'mici_launch' with the following arguments: {'ament_cmake_args': None, 'build_base': '/home/workspace/mici_ws/build/mici_launch', 'catkin_cmake_args': None, 'catkin_skip_building_tests': False, 'cmake_args': None, 'cmake_clean_cache': False, 'cmake_clean_first': False, 'cmake_force_configure': False, 'cmake_target': None, 'cmake_target_skip_unavailable': False, 'install_base': '/home/workspace/mici_ws/install/mici_launch', 'merge_install': False, 'path': '/home/workspace/mici_ws/src/mici_launch', 'symlink_install': False, 'test_result_base': None}
[0.221s] Level 5:colcon.colcon_core.verb:set package 'py_launch_exam' build argument 'cmake_args' from command line to 'None'
[0.221s] Level 5:colcon.colcon_core.verb:set package 'py_launch_exam' build argument 'cmake_target' from command line to 'None'
[0.221s] Level 5:colcon.colcon_core.verb:set package 'py_launch_exam' build argument 'cmake_target_skip_unavailable' from command line to 'False'
[0.221s] Level 5:colcon.colcon_core.verb:set package 'py_launch_exam' build argument 'cmake_clean_cache' from command line to 'False'
[0.221s] Level 5:colcon.colcon_core.verb:set package 'py_launch_exam' build argument 'cmake_clean_first' from command line to 'False'
[0.221s] Level 5:colcon.colcon_core.verb:set package 'py_launch_exam' build argument 'cmake_force_configure' from command line to 'False'
[0.221s] Level 5:colcon.colcon_core.verb:set package 'py_launch_exam' build argument 'ament_cmake_args' from command line to 'None'
[0.221s] Level 5:colcon.colcon_core.verb:set package 'py_launch_exam' build argument 'catkin_cmake_args' from command line to 'None'
[0.221s] Level 5:colcon.colcon_core.verb:set package 'py_launch_exam' build argument 'catkin_skip_building_tests' from command line to 'False'
[0.221s] DEBUG:colcon.colcon_core.verb:Building package 'py_launch_exam' with the following arguments: {'ament_cmake_args': None, 'build_base': '/home/workspace/mici_ws/build/py_launch_exam', 'catkin_cmake_args': None, 'catkin_skip_building_tests': False, 'cmake_args': None, 'cmake_clean_cache': False, 'cmake_clean_first': False, 'cmake_force_configure': False, 'cmake_target': None, 'cmake_target_skip_unavailable': False, 'install_base': '/home/workspace/mici_ws/install/py_launch_exam', 'merge_install': False, 'path': '/home/workspace/mici_ws/src/py_launch_exam', 'symlink_install': False, 'test_result_base': None}
[0.221s] Level 5:colcon.colcon_core.verb:set package 'py_parameter' build argument 'cmake_args' from command line to 'None'
[0.221s] Level 5:colcon.colcon_core.verb:set package 'py_parameter' build argument 'cmake_target' from command line to 'None'
[0.221s] Level 5:colcon.colcon_core.verb:set package 'py_parameter' build argument 'cmake_target_skip_unavailable' from command line to 'False'
[0.221s] Level 5:colcon.colcon_core.verb:set package 'py_parameter' build argument 'cmake_clean_cache' from command line to 'False'
[0.221s] Level 5:colcon.colcon_core.verb:set package 'py_parameter' build argument 'cmake_clean_first' from command line to 'False'
[0.221s] Level 5:colcon.colcon_core.verb:set package 'py_parameter' build argument 'cmake_force_configure' from command line to 'False'
[0.221s] Level 5:colcon.colcon_core.verb:set package 'py_parameter' build argument 'ament_cmake_args' from command line to 'None'
[0.221s] Level 5:colcon.colcon_core.verb:set package 'py_parameter' build argument 'catkin_cmake_args' from command line to 'None'
[0.221s] Level 5:colcon.colcon_core.verb:set package 'py_parameter' build argument 'catkin_skip_building_tests' from command line to 'False'
[0.221s] DEBUG:colcon.colcon_core.verb:Building package 'py_parameter' with the following arguments: {'ament_cmake_args': None, 'build_base': '/home/workspace/mici_ws/build/py_parameter', 'catkin_cmake_args': None, 'catkin_skip_building_tests': False, 'cmake_args': None, 'cmake_clean_cache': False, 'cmake_clean_first': False, 'cmake_force_configure': False, 'cmake_target': None, 'cmake_target_skip_unavailable': False, 'install_base': '/home/workspace/mici_ws/install/py_parameter', 'merge_install': False, 'path': '/home/workspace/mici_ws/src/py_parameter', 'symlink_install': False, 'test_result_base': None}
[0.221s] Level 5:colcon.colcon_core.verb:set package 'py_pubsub' build argument 'cmake_args' from command line to 'None'
[0.221s] Level 5:colcon.colcon_core.verb:set package 'py_pubsub' build argument 'cmake_target' from command line to 'None'
[0.221s] Level 5:colcon.colcon_core.verb:set package 'py_pubsub' build argument 'cmake_target_skip_unavailable' from command line to 'False'
[0.221s] Level 5:colcon.colcon_core.verb:set package 'py_pubsub' build argument 'cmake_clean_cache' from command line to 'False'
[0.221s] Level 5:colcon.colcon_core.verb:set package 'py_pubsub' build argument 'cmake_clean_first' from command line to 'False'
[0.221s] Level 5:colcon.colcon_core.verb:set package 'py_pubsub' build argument 'cmake_force_configure' from command line to 'False'
[0.221s] Level 5:colcon.colcon_core.verb:set package 'py_pubsub' build argument 'ament_cmake_args' from command line to 'None'
[0.221s] Level 5:colcon.colcon_core.verb:set package 'py_pubsub' build argument 'catkin_cmake_args' from command line to 'None'
[0.221s] Level 5:colcon.colcon_core.verb:set package 'py_pubsub' build argument 'catkin_skip_building_tests' from command line to 'False'
[0.221s] DEBUG:colcon.colcon_core.verb:Building package 'py_pubsub' with the following arguments: {'ament_cmake_args': None, 'build_base': '/home/workspace/mici_ws/build/py_pubsub', 'catkin_cmake_args': None, 'catkin_skip_building_tests': False, 'cmake_args': None, 'cmake_clean_cache': False, 'cmake_clean_first': False, 'cmake_force_configure': False, 'cmake_target': None, 'cmake_target_skip_unavailable': False, 'install_base': '/home/workspace/mici_ws/install/py_pubsub', 'merge_install': False, 'path': '/home/workspace/mici_ws/src/py_pubsub', 'symlink_install': False, 'test_result_base': None}
[0.221s] Level 5:colcon.colcon_core.verb:set package 'py_srvcli' build argument 'cmake_args' from command line to 'None'
[0.221s] Level 5:colcon.colcon_core.verb:set package 'py_srvcli' build argument 'cmake_target' from command line to 'None'
[0.221s] Level 5:colcon.colcon_core.verb:set package 'py_srvcli' build argument 'cmake_target_skip_unavailable' from command line to 'False'
[0.221s] Level 5:colcon.colcon_core.verb:set package 'py_srvcli' build argument 'cmake_clean_cache' from command line to 'False'
[0.221s] Level 5:colcon.colcon_core.verb:set package 'py_srvcli' build argument 'cmake_clean_first' from command line to 'False'
[0.221s] Level 5:colcon.colcon_core.verb:set package 'py_srvcli' build argument 'cmake_force_configure' from command line to 'False'
[0.221s] Level 5:colcon.colcon_core.verb:set package 'py_srvcli' build argument 'ament_cmake_args' from command line to 'None'
[0.221s] Level 5:colcon.colcon_core.verb:set package 'py_srvcli' build argument 'catkin_cmake_args' from command line to 'None'
[0.221s] Level 5:colcon.colcon_core.verb:set package 'py_srvcli' build argument 'catkin_skip_building_tests' from command line to 'False'
[0.221s] DEBUG:colcon.colcon_core.verb:Building package 'py_srvcli' with the following arguments: {'ament_cmake_args': None, 'build_base': '/home/workspace/mici_ws/build/py_srvcli', 'catkin_cmake_args': None, 'catkin_skip_building_tests': False, 'cmake_args': None, 'cmake_clean_cache': False, 'cmake_clean_first': False, 'cmake_force_configure': False, 'cmake_target': None, 'cmake_target_skip_unavailable': False, 'install_base': '/home/workspace/mici_ws/install/py_srvcli', 'merge_install': False, 'path': '/home/workspace/mici_ws/src/py_srvcli', 'symlink_install': False, 'test_result_base': None}
[0.221s] INFO:colcon.colcon_core.executor:Executing jobs using 'parallel' executor
[0.222s] DEBUG:colcon.colcon_parallel_executor.executor.parallel:run_until_complete
[0.222s] INFO:colcon.colcon_ros.task.ament_cmake.build:Building ROS package in '/home/workspace/mici_ws/src/mici_control' with build type 'ament_cmake'
[0.223s] INFO:colcon.colcon_cmake.task.cmake.build:Building CMake package in '/home/workspace/mici_ws/src/mici_control'
[0.224s] INFO:colcon.colcon_core.plugin_system:Skipping extension 'colcon_core.shell.bat': Not used on non-Windows systems
[0.224s] INFO:colcon.colcon_core.shell:Skip shell extension 'powershell' for command environment: Not usable outside of PowerShell
[0.224s] DEBUG:colcon.colcon_core.shell:Skip shell extension 'dsv' for command environment
[0.227s] INFO:colcon.colcon_ros.task.ament_cmake.build:Building ROS package in '/home/workspace/mici_ws/src/mici_description' with build type 'ament_cmake'
[0.227s] INFO:colcon.colcon_cmake.task.cmake.build:Building CMake package in '/home/workspace/mici_ws/src/mici_description'
[0.227s] INFO:colcon.colcon_core.shell:Skip shell extension 'powershell' for command environment: Not usable outside of PowerShell
[0.227s] DEBUG:colcon.colcon_core.shell:Skip shell extension 'dsv' for command environment
[0.231s] INFO:colcon.colcon_ros.task.ament_cmake.build:Building ROS package in '/home/workspace/mici_ws/src/mici_launch' with build type 'ament_cmake'
[0.231s] INFO:colcon.colcon_cmake.task.cmake.build:Building CMake package in '/home/workspace/mici_ws/src/mici_launch'
[0.231s] INFO:colcon.colcon_core.shell:Skip shell extension 'powershell' for command environment: Not usable outside of PowerShell
[0.231s] DEBUG:colcon.colcon_core.shell:Skip shell extension 'dsv' for command environment
[0.234s] INFO:colcon.colcon_ros.task.ament_python.build:Building ROS package in '/home/workspace/mici_ws/src/py_launch_exam' with build type 'ament_python'
[0.234s] Level 1:colcon.colcon_core.shell:create_environment_hook('py_launch_exam', 'ament_prefix_path')
[0.234s] INFO:colcon.colcon_core.shell:Creating environment hook '/home/workspace/mici_ws/install/py_launch_exam/share/py_launch_exam/hook/ament_prefix_path.ps1'
[0.235s] INFO:colcon.colcon_core.shell:Creating environment descriptor '/home/workspace/mici_ws/install/py_launch_exam/share/py_launch_exam/hook/ament_prefix_path.dsv'
[0.236s] INFO:colcon.colcon_core.shell:Creating environment hook '/home/workspace/mici_ws/install/py_launch_exam/share/py_launch_exam/hook/ament_prefix_path.sh'
[0.236s] INFO:colcon.colcon_core.shell:Skip shell extension 'powershell' for command environment: Not usable outside of PowerShell
[0.236s] DEBUG:colcon.colcon_core.shell:Skip shell extension 'dsv' for command environment
[0.243s] INFO:colcon.colcon_ros.task.ament_python.build:Building ROS package in '/home/workspace/mici_ws/src/py_parameter' with build type 'ament_python'
[0.243s] Level 1:colcon.colcon_core.shell:create_environment_hook('py_parameter', 'ament_prefix_path')
[0.243s] INFO:colcon.colcon_core.shell:Creating environment hook '/home/workspace/mici_ws/install/py_parameter/share/py_parameter/hook/ament_prefix_path.ps1'
[0.243s] INFO:colcon.colcon_core.shell:Creating environment descriptor '/home/workspace/mici_ws/install/py_parameter/share/py_parameter/hook/ament_prefix_path.dsv'
[0.244s] INFO:colcon.colcon_core.shell:Creating environment hook '/home/workspace/mici_ws/install/py_parameter/share/py_parameter/hook/ament_prefix_path.sh'
[0.244s] INFO:colcon.colcon_core.shell:Skip shell extension 'powershell' for command environment: Not usable outside of PowerShell
[0.244s] DEBUG:colcon.colcon_core.shell:Skip shell extension 'dsv' for command environment
[0.249s] INFO:colcon.colcon_ros.task.ament_python.build:Building ROS package in '/home/workspace/mici_ws/src/py_pubsub' with build type 'ament_python'
[0.249s] Level 1:colcon.colcon_core.shell:create_environment_hook('py_pubsub', 'ament_prefix_path')
[0.249s] INFO:colcon.colcon_core.shell:Creating environment hook '/home/workspace/mici_ws/install/py_pubsub/share/py_pubsub/hook/ament_prefix_path.ps1'
[0.250s] INFO:colcon.colcon_core.shell:Creating environment descriptor '/home/workspace/mici_ws/install/py_pubsub/share/py_pubsub/hook/ament_prefix_path.dsv'
[0.250s] INFO:colcon.colcon_core.shell:Creating environment hook '/home/workspace/mici_ws/install/py_pubsub/share/py_pubsub/hook/ament_prefix_path.sh'
[0.250s] INFO:colcon.colcon_core.shell:Skip shell extension 'powershell' for command environment: Not usable outside of PowerShell
[0.250s] DEBUG:colcon.colcon_core.shell:Skip shell extension 'dsv' for command environment
[0.253s] INFO:colcon.colcon_ros.task.ament_python.build:Building ROS package in '/home/workspace/mici_ws/src/py_srvcli' with build type 'ament_python'
[0.254s] Level 1:colcon.colcon_core.shell:create_environment_hook('py_srvcli', 'ament_prefix_path')
[0.254s] INFO:colcon.colcon_core.shell:Creating environment hook '/home/workspace/mici_ws/install/py_srvcli/share/py_srvcli/hook/ament_prefix_path.ps1'
[0.254s] INFO:colcon.colcon_core.shell:Creating environment descriptor '/home/workspace/mici_ws/install/py_srvcli/share/py_srvcli/hook/ament_prefix_path.dsv'
[0.254s] INFO:colcon.colcon_core.shell:Creating environment hook '/home/workspace/mici_ws/install/py_srvcli/share/py_srvcli/hook/ament_prefix_path.sh'
[0.254s] INFO:colcon.colcon_core.shell:Skip shell extension 'powershell' for command environment: Not usable outside of PowerShell
[0.255s] DEBUG:colcon.colcon_core.shell:Skip shell extension 'dsv' for command environment
[0.261s] DEBUG:colcon.colcon_core.event_handler.log_command:Invoking command in '/home/workspace/mici_ws/build/mici_control': CMAKE_PREFIX_PATH=${CMAKE_PREFIX_PATH}:/home/workspace/ros_ws/install/turtlebot3_description:/home/workspace/ros_ws/install/my_robot_control:/home/workspace/mici_ws/install/py_srvcli:/home/workspace/mici_ws/install/py_pubsub:/home/workspace/mici_ws/install/py_parameter:/home/workspace/mici_ws/install/py_launch_exam:/home/workspace/turtlebot3_ws/install/turtlebot3_autorace_mission:/home/workspace/turtlebot3_ws/install/turtlebot3_autorace_detect:/home/workspace/turtlebot3_ws/install/turtlebot3_autorace_camera:/opt/ros/humble /usr/bin/cmake --build /home/workspace/mici_ws/build/mici_control -- -j12 -l12
[0.262s] DEBUG:colcon.colcon_core.event_handler.log_command:Invoking command in '/home/workspace/mici_ws/build/mici_description': CMAKE_PREFIX_PATH=${CMAKE_PREFIX_PATH}:/home/workspace/ros_ws/install/turtlebot3_description:/home/workspace/ros_ws/install/my_robot_control:/home/workspace/mici_ws/install/py_srvcli:/home/workspace/mici_ws/install/py_pubsub:/home/workspace/mici_ws/install/py_parameter:/home/workspace/mici_ws/install/py_launch_exam:/home/workspace/turtlebot3_ws/install/turtlebot3_autorace_mission:/home/workspace/turtlebot3_ws/install/turtlebot3_autorace_detect:/home/workspace/turtlebot3_ws/install/turtlebot3_autorace_camera:/opt/ros/humble /usr/bin/cmake --build /home/workspace/mici_ws/build/mici_description -- -j12 -l12
[0.264s] DEBUG:colcon.colcon_core.event_handler.log_command:Invoking command in '/home/workspace/mici_ws/build/mici_launch': CMAKE_PREFIX_PATH=${CMAKE_PREFIX_PATH}:/home/workspace/ros_ws/install/turtlebot3_description:/home/workspace/ros_ws/install/my_robot_control:/home/workspace/mici_ws/install/py_srvcli:/home/workspace/mici_ws/install/py_pubsub:/home/workspace/mici_ws/install/py_parameter:/home/workspace/mici_ws/install/py_launch_exam:/home/workspace/turtlebot3_ws/install/turtlebot3_autorace_mission:/home/workspace/turtlebot3_ws/install/turtlebot3_autorace_detect:/home/workspace/turtlebot3_ws/install/turtlebot3_autorace_camera:/opt/ros/humble /usr/bin/cmake --build /home/workspace/mici_ws/build/mici_launch -- -j12 -l12
[0.428s] INFO:colcon.colcon_core.task.python.build:Building Python package in '/home/workspace/mici_ws/src/py_launch_exam'
[0.428s] INFO:colcon.colcon_core.shell:Skip shell extension 'powershell' for command environment: Not usable outside of PowerShell
[0.428s] DEBUG:colcon.colcon_core.shell:Skip shell extension 'dsv' for command environment
[0.592s] INFO:colcon.colcon_core.task.python.build:Building Python package in '/home/workspace/mici_ws/src/py_parameter'
[0.592s] INFO:colcon.colcon_core.shell:Skip shell extension 'powershell' for command environment: Not usable outside of PowerShell
[0.592s] DEBUG:colcon.colcon_core.shell:Skip shell extension 'dsv' for command environment
[0.754s] INFO:colcon.colcon_core.task.python.build:Building Python package in '/home/workspace/mici_ws/src/py_pubsub'
[0.754s] INFO:colcon.colcon_core.shell:Skip shell extension 'powershell' for command environment: Not usable outside of PowerShell
[0.754s] DEBUG:colcon.colcon_core.shell:Skip shell extension 'dsv' for command environment
[0.761s] DEBUG:colcon.colcon_core.event_handler.log_command:Invoked command in '/home/workspace/mici_ws/build/mici_control' returned '0': CMAKE_PREFIX_PATH=${CMAKE_PREFIX_PATH}:/home/workspace/ros_ws/install/turtlebot3_description:/home/workspace/ros_ws/install/my_robot_control:/home/workspace/mici_ws/install/py_srvcli:/home/workspace/mici_ws/install/py_pubsub:/home/workspace/mici_ws/install/py_parameter:/home/workspace/mici_ws/install/py_launch_exam:/home/workspace/turtlebot3_ws/install/turtlebot3_autorace_mission:/home/workspace/turtlebot3_ws/install/turtlebot3_autorace_detect:/home/workspace/turtlebot3_ws/install/turtlebot3_autorace_camera:/opt/ros/humble /usr/bin/cmake --build /home/workspace/mici_ws/build/mici_control -- -j12 -l12
[0.768s] DEBUG:colcon.colcon_core.event_handler.log_command:Invoking command in '/home/workspace/mici_ws/build/mici_control': CMAKE_PREFIX_PATH=${CMAKE_PREFIX_PATH}:/home/workspace/ros_ws/install/turtlebot3_description:/home/workspace/ros_ws/install/my_robot_control:/home/workspace/mici_ws/install/py_srvcli:/home/workspace/mici_ws/install/py_pubsub:/home/workspace/mici_ws/install/py_parameter:/home/workspace/mici_ws/install/py_launch_exam:/home/workspace/turtlebot3_ws/install/turtlebot3_autorace_mission:/home/workspace/turtlebot3_ws/install/turtlebot3_autorace_detect:/home/workspace/turtlebot3_ws/install/turtlebot3_autorace_camera:/opt/ros/humble /usr/bin/cmake --install /home/workspace/mici_ws/build/mici_control
[0.768s] DEBUG:colcon.colcon_core.event_handler.log_command:Invoked command in '/home/workspace/mici_ws/build/mici_launch' returned '0': CMAKE_PREFIX_PATH=${CMAKE_PREFIX_PATH}:/home/workspace/ros_ws/install/turtlebot3_description:/home/workspace/ros_ws/install/my_robot_control:/home/workspace/mici_ws/install/py_srvcli:/home/workspace/mici_ws/install/py_pubsub:/home/workspace/mici_ws/install/py_parameter:/home/workspace/mici_ws/install/py_launch_exam:/home/workspace/turtlebot3_ws/install/turtlebot3_autorace_mission:/home/workspace/turtlebot3_ws/install/turtlebot3_autorace_detect:/home/workspace/turtlebot3_ws/install/turtlebot3_autorace_camera:/opt/ros/humble /usr/bin/cmake --build /home/workspace/mici_ws/build/mici_launch -- -j12 -l12
[0.769s] DEBUG:colcon.colcon_core.event_handler.log_command:Invoking command in '/home/workspace/mici_ws/build/mici_launch': CMAKE_PREFIX_PATH=${CMAKE_PREFIX_PATH}:/home/workspace/ros_ws/install/turtlebot3_description:/home/workspace/ros_ws/install/my_robot_control:/home/workspace/mici_ws/install/py_srvcli:/home/workspace/mici_ws/install/py_pubsub:/home/workspace/mici_ws/install/py_parameter:/home/workspace/mici_ws/install/py_launch_exam:/home/workspace/turtlebot3_ws/install/turtlebot3_autorace_mission:/home/workspace/turtlebot3_ws/install/turtlebot3_autorace_detect:/home/workspace/turtlebot3_ws/install/turtlebot3_autorace_camera:/opt/ros/humble /usr/bin/cmake --install /home/workspace/mici_ws/build/mici_launch
[0.924s] INFO:colcon.colcon_core.task.python.build:Building Python package in '/home/workspace/mici_ws/src/py_srvcli'
[0.925s] INFO:colcon.colcon_core.shell:Skip shell extension 'powershell' for command environment: Not usable outside of PowerShell
[0.925s] DEBUG:colcon.colcon_core.shell:Skip shell extension 'dsv' for command environment
[0.932s] DEBUG:colcon.colcon_core.event_handler.log_command:Invoked command in '/home/workspace/mici_ws/build/mici_description' returned '0': CMAKE_PREFIX_PATH=${CMAKE_PREFIX_PATH}:/home/workspace/ros_ws/install/turtlebot3_description:/home/workspace/ros_ws/install/my_robot_control:/home/workspace/mici_ws/install/py_srvcli:/home/workspace/mici_ws/install/py_pubsub:/home/workspace/mici_ws/install/py_parameter:/home/workspace/mici_ws/install/py_launch_exam:/home/workspace/turtlebot3_ws/install/turtlebot3_autorace_mission:/home/workspace/turtlebot3_ws/install/turtlebot3_autorace_detect:/home/workspace/turtlebot3_ws/install/turtlebot3_autorace_camera:/opt/ros/humble /usr/bin/cmake --build /home/workspace/mici_ws/build/mici_description -- -j12 -l12
[0.933s] DEBUG:colcon.colcon_core.event_handler.log_command:Invoking command in '/home/workspace/mici_ws/build/mici_description': CMAKE_PREFIX_PATH=${CMAKE_PREFIX_PATH}:/home/workspace/ros_ws/install/turtlebot3_description:/home/workspace/ros_ws/install/my_robot_control:/home/workspace/mici_ws/install/py_srvcli:/home/workspace/mici_ws/install/py_pubsub:/home/workspace/mici_ws/install/py_parameter:/home/workspace/mici_ws/install/py_launch_exam:/home/workspace/turtlebot3_ws/install/turtlebot3_autorace_mission:/home/workspace/turtlebot3_ws/install/turtlebot3_autorace_detect:/home/workspace/turtlebot3_ws/install/turtlebot3_autorace_camera:/opt/ros/humble /usr/bin/cmake --install /home/workspace/mici_ws/build/mici_description
[0.935s] Level 1:colcon.colcon_core.environment:create_environment_scripts_only(mici_control)
[0.935s] DEBUG:colcon.colcon_core.event_handler.log_command:Invoked command in '/home/workspace/mici_ws/build/mici_control' returned '0': CMAKE_PREFIX_PATH=${CMAKE_PREFIX_PATH}:/home/workspace/ros_ws/install/turtlebot3_description:/home/workspace/ros_ws/install/my_robot_control:/home/workspace/mici_ws/install/py_srvcli:/home/workspace/mici_ws/install/py_pubsub:/home/workspace/mici_ws/install/py_parameter:/home/workspace/mici_ws/install/py_launch_exam:/home/workspace/turtlebot3_ws/install/turtlebot3_autorace_mission:/home/workspace/turtlebot3_ws/install/turtlebot3_autorace_detect:/home/workspace/turtlebot3_ws/install/turtlebot3_autorace_camera:/opt/ros/humble /usr/bin/cmake --install /home/workspace/mici_ws/build/mici_control
[0.937s] Level 1:colcon.colcon_core.environment:checking '/home/workspace/mici_ws/install/mici_control' for CMake module files
[0.937s] Level 1:colcon.colcon_core.environment:checking '/home/workspace/mici_ws/install/mici_control' for CMake config files
[0.937s] Level 1:colcon.colcon_core.shell:create_environment_hook('mici_control', 'cmake_prefix_path')
[0.937s] INFO:colcon.colcon_core.shell:Creating environment hook '/home/workspace/mici_ws/install/mici_control/share/mici_control/hook/cmake_prefix_path.ps1'
[0.937s] INFO:colcon.colcon_core.shell:Creating environment descriptor '/home/workspace/mici_ws/install/mici_control/share/mici_control/hook/cmake_prefix_path.dsv'
[0.938s] INFO:colcon.colcon_core.shell:Creating environment hook '/home/workspace/mici_ws/install/mici_control/share/mici_control/hook/cmake_prefix_path.sh'
[0.938s] Level 1:colcon.colcon_core.environment:checking '/home/workspace/mici_ws/install/mici_control/lib'
[0.938s] Level 1:colcon.colcon_core.environment:checking '/home/workspace/mici_ws/install/mici_control/bin'
[0.938s] Level 1:colcon.colcon_core.environment:checking '/home/workspace/mici_ws/install/mici_control/lib/pkgconfig/mici_control.pc'
[0.939s] Level 1:colcon.colcon_core.environment:checking '/home/workspace/mici_ws/install/mici_control/lib/python3.10/site-packages'
[0.939s] Level 1:colcon.colcon_core.environment:checking '/home/workspace/mici_ws/install/mici_control/bin'
[0.939s] INFO:colcon.colcon_core.shell:Creating package script '/home/workspace/mici_ws/install/mici_control/share/mici_control/package.ps1'
[0.939s] INFO:colcon.colcon_core.shell:Creating package descriptor '/home/workspace/mici_ws/install/mici_control/share/mici_control/package.dsv'
[0.940s] INFO:colcon.colcon_core.shell:Creating package script '/home/workspace/mici_ws/install/mici_control/share/mici_control/package.sh'
[0.940s] INFO:colcon.colcon_core.shell:Creating package script '/home/workspace/mici_ws/install/mici_control/share/mici_control/package.bash'
[0.941s] INFO:colcon.colcon_core.shell:Creating package script '/home/workspace/mici_ws/install/mici_control/share/mici_control/package.zsh'
[0.943s] Level 1:colcon.colcon_core.environment:create_file_with_runtime_dependencies(/home/workspace/mici_ws/install/mici_control/share/colcon-core/packages/mici_control)
[0.943s] Level 1:colcon.colcon_core.environment:create_environment_scripts_only(mici_control)
[0.943s] Level 1:colcon.colcon_core.environment:checking '/home/workspace/mici_ws/install/mici_control' for CMake module files
[0.943s] Level 1:colcon.colcon_core.environment:checking '/home/workspace/mici_ws/install/mici_control' for CMake config files
[0.943s] Level 1:colcon.colcon_core.shell:create_environment_hook('mici_control', 'cmake_prefix_path')
[0.943s] INFO:colcon.colcon_core.shell:Creating environment hook '/home/workspace/mici_ws/install/mici_control/share/mici_control/hook/cmake_prefix_path.ps1'
[0.944s] INFO:colcon.colcon_core.shell:Creating environment descriptor '/home/workspace/mici_ws/install/mici_control/share/mici_control/hook/cmake_prefix_path.dsv'
[0.944s] INFO:colcon.colcon_core.shell:Creating environment hook '/home/workspace/mici_ws/install/mici_control/share/mici_control/hook/cmake_prefix_path.sh'
[0.944s] Level 1:colcon.colcon_core.environment:checking '/home/workspace/mici_ws/install/mici_control/lib'
[0.944s] Level 1:colcon.colcon_core.environment:checking '/home/workspace/mici_ws/install/mici_control/bin'
[0.944s] Level 1:colcon.colcon_core.environment:checking '/home/workspace/mici_ws/install/mici_control/lib/pkgconfig/mici_control.pc'
[0.944s] Level 1:colcon.colcon_core.environment:checking '/home/workspace/mici_ws/install/mici_control/lib/python3.10/site-packages'
[0.945s] Level 1:colcon.colcon_core.environment:checking '/home/workspace/mici_ws/install/mici_control/bin'
[0.945s] INFO:colcon.colcon_core.shell:Creating package script '/home/workspace/mici_ws/install/mici_control/share/mici_control/package.ps1'
[0.945s] INFO:colcon.colcon_core.shell:Creating package descriptor '/home/workspace/mici_ws/install/mici_control/share/mici_control/package.dsv'
[0.945s] INFO:colcon.colcon_core.shell:Creating package script '/home/workspace/mici_ws/install/mici_control/share/mici_control/package.sh'
[0.945s] INFO:colcon.colcon_core.shell:Creating package script '/home/workspace/mici_ws/install/mici_control/share/mici_control/package.bash'
[0.946s] INFO:colcon.colcon_core.shell:Creating package script '/home/workspace/mici_ws/install/mici_control/share/mici_control/package.zsh'
[0.946s] Level 1:colcon.colcon_core.environment:create_file_with_runtime_dependencies(/home/workspace/mici_ws/install/mici_control/share/colcon-core/packages/mici_control)
[0.946s] Level 1:colcon.colcon_core.environment:create_environment_scripts_only(mici_launch)
[0.947s] Level 1:colcon.colcon_core.environment:checking '/home/workspace/mici_ws/install/mici_launch' for CMake module files
[0.947s] DEBUG:colcon.colcon_core.event_handler.log_command:Invoked command in '/home/workspace/mici_ws/build/mici_launch' returned '0': CMAKE_PREFIX_PATH=${CMAKE_PREFIX_PATH}:/home/workspace/ros_ws/install/turtlebot3_description:/home/workspace/ros_ws/install/my_robot_control:/home/workspace/mici_ws/install/py_srvcli:/home/workspace/mici_ws/install/py_pubsub:/home/workspace/mici_ws/install/py_parameter:/home/workspace/mici_ws/install/py_launch_exam:/home/workspace/turtlebot3_ws/install/turtlebot3_autorace_mission:/home/workspace/turtlebot3_ws/install/turtlebot3_autorace_detect:/home/workspace/turtlebot3_ws/install/turtlebot3_autorace_camera:/opt/ros/humble /usr/bin/cmake --install /home/workspace/mici_ws/build/mici_launch
[0.947s] Level 1:colcon.colcon_core.environment:checking '/home/workspace/mici_ws/install/mici_launch' for CMake config files
[0.947s] Level 1:colcon.colcon_core.shell:create_environment_hook('mici_launch', 'cmake_prefix_path')
[0.947s] INFO:colcon.colcon_core.shell:Creating environment hook '/home/workspace/mici_ws/install/mici_launch/share/mici_launch/hook/cmake_prefix_path.ps1'
[0.947s] INFO:colcon.colcon_core.shell:Creating environment descriptor '/home/workspace/mici_ws/install/mici_launch/share/mici_launch/hook/cmake_prefix_path.dsv'
[0.948s] INFO:colcon.colcon_core.shell:Creating environment hook '/home/workspace/mici_ws/install/mici_launch/share/mici_launch/hook/cmake_prefix_path.sh'
[0.948s] Level 1:colcon.colcon_core.environment:checking '/home/workspace/mici_ws/install/mici_launch/bin'
[0.948s] Level 1:colcon.colcon_core.environment:checking '/home/workspace/mici_ws/install/mici_launch/lib/pkgconfig/mici_launch.pc'
[0.948s] Level 1:colcon.colcon_core.environment:checking '/home/workspace/mici_ws/install/mici_launch/lib/python3.10/site-packages'
[0.948s] Level 1:colcon.colcon_core.environment:checking '/home/workspace/mici_ws/install/mici_launch/bin'
[0.948s] INFO:colcon.colcon_core.shell:Creating package script '/home/workspace/mici_ws/install/mici_launch/share/mici_launch/package.ps1'
[0.949s] INFO:colcon.colcon_core.shell:Creating package descriptor '/home/workspace/mici_ws/install/mici_launch/share/mici_launch/package.dsv'
[0.949s] INFO:colcon.colcon_core.shell:Creating package script '/home/workspace/mici_ws/install/mici_launch/share/mici_launch/package.sh'
[0.949s] INFO:colcon.colcon_core.shell:Creating package script '/home/workspace/mici_ws/install/mici_launch/share/mici_launch/package.bash'
[0.949s] INFO:colcon.colcon_core.shell:Creating package script '/home/workspace/mici_ws/install/mici_launch/share/mici_launch/package.zsh'
[0.949s] Level 1:colcon.colcon_core.environment:create_file_with_runtime_dependencies(/home/workspace/mici_ws/install/mici_launch/share/colcon-core/packages/mici_launch)
[0.950s] Level 1:colcon.colcon_core.environment:create_environment_scripts_only(mici_launch)
[0.950s] Level 1:colcon.colcon_core.environment:checking '/home/workspace/mici_ws/install/mici_launch' for CMake module files
[0.950s] Level 1:colcon.colcon_core.environment:checking '/home/workspace/mici_ws/install/mici_launch' for CMake config files
[0.950s] Level 1:colcon.colcon_core.shell:create_environment_hook('mici_launch', 'cmake_prefix_path')
[0.950s] INFO:colcon.colcon_core.shell:Creating environment hook '/home/workspace/mici_ws/install/mici_launch/share/mici_launch/hook/cmake_prefix_path.ps1'
[0.950s] INFO:colcon.colcon_core.shell:Creating environment descriptor '/home/workspace/mici_ws/install/mici_launch/share/mici_launch/hook/cmake_prefix_path.dsv'
[0.951s] INFO:colcon.colcon_core.shell:Creating environment hook '/home/workspace/mici_ws/install/mici_launch/share/mici_launch/hook/cmake_prefix_path.sh'
[0.951s] Level 1:colcon.colcon_core.environment:checking '/home/workspace/mici_ws/install/mici_launch/bin'
[0.951s] Level 1:colcon.colcon_core.environment:checking '/home/workspace/mici_ws/install/mici_launch/lib/pkgconfig/mici_launch.pc'
[0.951s] Level 1:colcon.colcon_core.environment:checking '/home/workspace/mici_ws/install/mici_launch/lib/python3.10/site-packages'
[0.951s] Level 1:colcon.colcon_core.environment:checking '/home/workspace/mici_ws/install/mici_launch/bin'
[0.951s] INFO:colcon.colcon_core.shell:Creating package script '/home/workspace/mici_ws/install/mici_launch/share/mici_launch/package.ps1'
[0.952s] INFO:colcon.colcon_core.shell:Creating package descriptor '/home/workspace/mici_ws/install/mici_launch/share/mici_launch/package.dsv'
[0.952s] INFO:colcon.colcon_core.shell:Creating package script '/home/workspace/mici_ws/install/mici_launch/share/mici_launch/package.sh'
[0.952s] INFO:colcon.colcon_core.shell:Creating package script '/home/workspace/mici_ws/install/mici_launch/share/mici_launch/package.bash'
[0.952s] INFO:colcon.colcon_core.shell:Creating package script '/home/workspace/mici_ws/install/mici_launch/share/mici_launch/package.zsh'
[0.953s] Level 1:colcon.colcon_core.environment:create_file_with_runtime_dependencies(/home/workspace/mici_ws/install/mici_launch/share/colcon-core/packages/mici_launch)
[0.954s] Level 1:colcon.colcon_core.environment:create_environment_scripts_only(mici_description)
[0.955s] Level 1:colcon.colcon_core.environment:checking '/home/workspace/mici_ws/install/mici_description' for CMake module files
[0.955s] DEBUG:colcon.colcon_core.event_handler.log_command:Invoked command in '/home/workspace/mici_ws/build/mici_description' returned '0': CMAKE_PREFIX_PATH=${CMAKE_PREFIX_PATH}:/home/workspace/ros_ws/install/turtlebot3_description:/home/workspace/ros_ws/install/my_robot_control:/home/workspace/mici_ws/install/py_srvcli:/home/workspace/mici_ws/install/py_pubsub:/home/workspace/mici_ws/install/py_parameter:/home/workspace/mici_ws/install/py_launch_exam:/home/workspace/turtlebot3_ws/install/turtlebot3_autorace_mission:/home/workspace/turtlebot3_ws/install/turtlebot3_autorace_detect:/home/workspace/turtlebot3_ws/install/turtlebot3_autorace_camera:/opt/ros/humble /usr/bin/cmake --install /home/workspace/mici_ws/build/mici_description
[0.955s] Level 1:colcon.colcon_core.environment:checking '/home/workspace/mici_ws/install/mici_description' for CMake config files
[0.956s] Level 1:colcon.colcon_core.shell:create_environment_hook('mici_description', 'cmake_prefix_path')
[0.956s] INFO:colcon.colcon_core.shell:Creating environment hook '/home/workspace/mici_ws/install/mici_description/share/mici_description/hook/cmake_prefix_path.ps1'
[0.956s] INFO:colcon.colcon_core.shell:Creating environment descriptor '/home/workspace/mici_ws/install/mici_description/share/mici_description/hook/cmake_prefix_path.dsv'
[0.957s] INFO:colcon.colcon_core.shell:Creating environment hook '/home/workspace/mici_ws/install/mici_description/share/mici_description/hook/cmake_prefix_path.sh'
[0.957s] Level 1:colcon.colcon_core.environment:checking '/home/workspace/mici_ws/install/mici_description/lib'
[0.957s] Level 1:colcon.colcon_core.environment:checking '/home/workspace/mici_ws/install/mici_description/bin'
[0.957s] Level 1:colcon.colcon_core.environment:checking '/home/workspace/mici_ws/install/mici_description/lib/pkgconfig/mici_description.pc'
[0.958s] Level 1:colcon.colcon_core.environment:checking '/home/workspace/mici_ws/install/mici_description/lib/python3.10/site-packages'
[0.958s] Level 1:colcon.colcon_core.environment:checking '/home/workspace/mici_ws/install/mici_description/bin'
[0.958s] INFO:colcon.colcon_core.shell:Creating package script '/home/workspace/mici_ws/install/mici_description/share/mici_description/package.ps1'
[0.959s] INFO:colcon.colcon_core.shell:Creating package descriptor '/home/workspace/mici_ws/install/mici_description/share/mici_description/package.dsv'
[0.959s] INFO:colcon.colcon_core.shell:Creating package script '/home/workspace/mici_ws/install/mici_description/share/mici_description/package.sh'
[0.959s] INFO:colcon.colcon_core.shell:Creating package script '/home/workspace/mici_ws/install/mici_description/share/mici_description/package.bash'
[0.960s] INFO:colcon.colcon_core.shell:Creating package script '/home/workspace/mici_ws/install/mici_description/share/mici_description/package.zsh'
[0.960s] Level 1:colcon.colcon_core.environment:create_file_with_runtime_dependencies(/home/workspace/mici_ws/install/mici_description/share/colcon-core/packages/mici_description)
[0.961s] Level 1:colcon.colcon_core.environment:create_environment_scripts_only(mici_description)
[0.961s] Level 1:colcon.colcon_core.environment:checking '/home/workspace/mici_ws/install/mici_description' for CMake module files
[0.961s] Level 1:colcon.colcon_core.environment:checking '/home/workspace/mici_ws/install/mici_description' for CMake config files
[0.961s] Level 1:colcon.colcon_core.shell:create_environment_hook('mici_description', 'cmake_prefix_path')
[0.962s] INFO:colcon.colcon_core.shell:Creating environment hook '/home/workspace/mici_ws/install/mici_description/share/mici_description/hook/cmake_prefix_path.ps1'
[0.962s] INFO:colcon.colcon_core.shell:Creating environment descriptor '/home/workspace/mici_ws/install/mici_description/share/mici_description/hook/cmake_prefix_path.dsv'
[0.962s] INFO:colcon.colcon_core.shell:Creating environment hook '/home/workspace/mici_ws/install/mici_description/share/mici_description/hook/cmake_prefix_path.sh'
[0.963s] Level 1:colcon.colcon_core.environment:checking '/home/workspace/mici_ws/install/mici_description/lib'
[0.963s] Level 1:colcon.colcon_core.environment:checking '/home/workspace/mici_ws/install/mici_description/bin'
[0.963s] Level 1:colcon.colcon_core.environment:checking '/home/workspace/mici_ws/install/mici_description/lib/pkgconfig/mici_description.pc'
[0.963s] Level 1:colcon.colcon_core.environment:checking '/home/workspace/mici_ws/install/mici_description/lib/python3.10/site-packages'
[0.964s] Level 1:colcon.colcon_core.environment:checking '/home/workspace/mici_ws/install/mici_description/bin'
[0.964s] INFO:colcon.colcon_core.shell:Creating package script '/home/workspace/mici_ws/install/mici_description/share/mici_description/package.ps1'
[0.964s] INFO:colcon.colcon_core.shell:Creating package descriptor '/home/workspace/mici_ws/install/mici_description/share/mici_description/package.dsv'
[0.965s] INFO:colcon.colcon_core.shell:Creating package script '/home/workspace/mici_ws/install/mici_description/share/mici_description/package.sh'
[0.965s] INFO:colcon.colcon_core.shell:Creating package script '/home/workspace/mici_ws/install/mici_description/share/mici_description/package.bash'
[0.966s] INFO:colcon.colcon_core.shell:Creating package script '/home/workspace/mici_ws/install/mici_description/share/mici_description/package.zsh'
[0.966s] Level 1:colcon.colcon_core.environment:create_file_with_runtime_dependencies(/home/workspace/mici_ws/install/mici_description/share/colcon-core/packages/mici_description)
[1.179s] DEBUG:colcon.colcon_core.event_handler.log_command:Invoking command in '/home/workspace/mici_ws/src/py_pubsub': PYTHONPATH=/home/workspace/mici_ws/build/py_pubsub/prefix_override:/usr/lib/python3/dist-packages/colcon_core/task/python/colcon_distutils_commands:/home/workspace/mici_ws/install/py_pubsub/lib/python3.10/site-packages:${PYTHONPATH} /usr/bin/python3 -W ignore:setup.py install is deprecated -W ignore:easy_install command is deprecated setup.py egg_info --egg-base ../../build/py_pubsub build --build-base /home/workspace/mici_ws/build/py_pubsub/build install --record /home/workspace/mici_ws/build/py_pubsub/install.log --single-version-externally-managed install_data
[1.216s] DEBUG:colcon.colcon_core.event_handler.log_command:Invoking command in '/home/workspace/mici_ws/src/py_launch_exam': PYTHONPATH=/home/workspace/mici_ws/build/py_launch_exam/prefix_override:/usr/lib/python3/dist-packages/colcon_core/task/python/colcon_distutils_commands:/home/workspace/mici_ws/install/py_launch_exam/lib/python3.10/site-packages:${PYTHONPATH} /usr/bin/python3 -W ignore:setup.py install is deprecated -W ignore:easy_install command is deprecated setup.py egg_info --egg-base ../../build/py_launch_exam build --build-base /home/workspace/mici_ws/build/py_launch_exam/build install --record /home/workspace/mici_ws/build/py_launch_exam/install.log --single-version-externally-managed install_data
[1.233s] DEBUG:colcon.colcon_core.event_handler.log_command:Invoking command in '/home/workspace/mici_ws/src/py_parameter': PYTHONPATH=/home/workspace/mici_ws/build/py_parameter/prefix_override:/usr/lib/python3/dist-packages/colcon_core/task/python/colcon_distutils_commands:/home/workspace/mici_ws/install/py_parameter/lib/python3.10/site-packages:${PYTHONPATH} /usr/bin/python3 -W ignore:setup.py install is deprecated -W ignore:easy_install command is deprecated setup.py egg_info --egg-base ../../build/py_parameter build --build-base /home/workspace/mici_ws/build/py_parameter/build install --record /home/workspace/mici_ws/build/py_parameter/install.log --single-version-externally-managed install_data
[1.338s] DEBUG:colcon.colcon_core.event_handler.log_command:Invoking command in '/home/workspace/mici_ws/src/py_srvcli': PYTHONPATH=/home/workspace/mici_ws/build/py_srvcli/prefix_override:/usr/lib/python3/dist-packages/colcon_core/task/python/colcon_distutils_commands:/home/workspace/mici_ws/install/py_srvcli/lib/python3.10/site-packages:${PYTHONPATH} /usr/bin/python3 -W ignore:setup.py install is deprecated -W ignore:easy_install command is deprecated setup.py egg_info --egg-base ../../build/py_srvcli build --build-base /home/workspace/mici_ws/build/py_srvcli/build install --record /home/workspace/mici_ws/build/py_srvcli/install.log --single-version-externally-managed install_data
[1.393s] Level 1:colcon.colcon_core.environment:checking '/home/workspace/mici_ws/install/py_pubsub' for CMake module files
[1.393s] DEBUG:colcon.colcon_core.event_handler.log_command:Invoked command in '/home/workspace/mici_ws/src/py_pubsub' returned '0': PYTHONPATH=/home/workspace/mici_ws/build/py_pubsub/prefix_override:/usr/lib/python3/dist-packages/colcon_core/task/python/colcon_distutils_commands:/home/workspace/mici_ws/install/py_pubsub/lib/python3.10/site-packages:${PYTHONPATH} /usr/bin/python3 -W ignore:setup.py install is deprecated -W ignore:easy_install command is deprecated setup.py egg_info --egg-base ../../build/py_pubsub build --build-base /home/workspace/mici_ws/build/py_pubsub/build install --record /home/workspace/mici_ws/build/py_pubsub/install.log --single-version-externally-managed install_data
[1.394s] Level 1:colcon.colcon_core.environment:checking '/home/workspace/mici_ws/install/py_pubsub' for CMake config files
[1.394s] Level 1:colcon.colcon_core.environment:checking '/home/workspace/mici_ws/install/py_pubsub/lib'
[1.394s] Level 1:colcon.colcon_core.environment:checking '/home/workspace/mici_ws/install/py_pubsub/bin'
[1.394s] Level 1:colcon.colcon_core.environment:checking '/home/workspace/mici_ws/install/py_pubsub/lib/pkgconfig/py_pubsub.pc'
[1.395s] Level 1:colcon.colcon_core.environment:checking '/home/workspace/mici_ws/install/py_pubsub/lib/python3.10/site-packages'
[1.395s] Level 1:colcon.colcon_core.shell:create_environment_hook('py_pubsub', 'pythonpath')
[1.395s] INFO:colcon.colcon_core.shell:Creating environment hook '/home/workspace/mici_ws/install/py_pubsub/share/py_pubsub/hook/pythonpath.ps1'
[1.395s] INFO:colcon.colcon_core.shell:Creating environment descriptor '/home/workspace/mici_ws/install/py_pubsub/share/py_pubsub/hook/pythonpath.dsv'
[1.396s] INFO:colcon.colcon_core.shell:Creating environment hook '/home/workspace/mici_ws/install/py_pubsub/share/py_pubsub/hook/pythonpath.sh'
[1.396s] Level 1:colcon.colcon_core.environment:checking '/home/workspace/mici_ws/install/py_pubsub/bin'
[1.396s] Level 1:colcon.colcon_core.environment:create_environment_scripts_only(py_pubsub)
[1.397s] INFO:colcon.colcon_core.shell:Creating package script '/home/workspace/mici_ws/install/py_pubsub/share/py_pubsub/package.ps1'
[1.397s] INFO:colcon.colcon_core.shell:Creating package descriptor '/home/workspace/mici_ws/install/py_pubsub/share/py_pubsub/package.dsv'
[1.397s] INFO:colcon.colcon_core.shell:Creating package script '/home/workspace/mici_ws/install/py_pubsub/share/py_pubsub/package.sh'
[1.398s] INFO:colcon.colcon_core.shell:Creating package script '/home/workspace/mici_ws/install/py_pubsub/share/py_pubsub/package.bash'
[1.398s] INFO:colcon.colcon_core.shell:Creating package script '/home/workspace/mici_ws/install/py_pubsub/share/py_pubsub/package.zsh'
[1.399s] Level 1:colcon.colcon_core.environment:create_file_with_runtime_dependencies(/home/workspace/mici_ws/install/py_pubsub/share/colcon-core/packages/py_pubsub)
[1.418s] Level 1:colcon.colcon_core.environment:checking '/home/workspace/mici_ws/install/py_launch_exam' for CMake module files
[1.419s] Level 1:colcon.colcon_core.environment:checking '/home/workspace/mici_ws/install/py_launch_exam' for CMake config files
[1.419s] DEBUG:colcon.colcon_core.event_handler.log_command:Invoked command in '/home/workspace/mici_ws/src/py_launch_exam' returned '0': PYTHONPATH=/home/workspace/mici_ws/build/py_launch_exam/prefix_override:/usr/lib/python3/dist-packages/colcon_core/task/python/colcon_distutils_commands:/home/workspace/mici_ws/install/py_launch_exam/lib/python3.10/site-packages:${PYTHONPATH} /usr/bin/python3 -W ignore:setup.py install is deprecated -W ignore:easy_install command is deprecated setup.py egg_info --egg-base ../../build/py_launch_exam build --build-base /home/workspace/mici_ws/build/py_launch_exam/build install --record /home/workspace/mici_ws/build/py_launch_exam/install.log --single-version-externally-managed install_data
[1.420s] Level 1:colcon.colcon_core.environment:checking '/home/workspace/mici_ws/install/py_launch_exam/lib'
[1.420s] Level 1:colcon.colcon_core.environment:checking '/home/workspace/mici_ws/install/py_launch_exam/bin'
[1.420s] Level 1:colcon.colcon_core.environment:checking '/home/workspace/mici_ws/install/py_launch_exam/lib/pkgconfig/py_launch_exam.pc'
[1.420s] Level 1:colcon.colcon_core.environment:checking '/home/workspace/mici_ws/install/py_launch_exam/lib/python3.10/site-packages'
[1.420s] Level 1:colcon.colcon_core.shell:create_environment_hook('py_launch_exam', 'pythonpath')
[1.420s] INFO:colcon.colcon_core.shell:Creating environment hook '/home/workspace/mici_ws/install/py_launch_exam/share/py_launch_exam/hook/pythonpath.ps1'
[1.421s] INFO:colcon.colcon_core.shell:Creating environment descriptor '/home/workspace/mici_ws/install/py_launch_exam/share/py_launch_exam/hook/pythonpath.dsv'
[1.421s] INFO:colcon.colcon_core.shell:Creating environment hook '/home/workspace/mici_ws/install/py_launch_exam/share/py_launch_exam/hook/pythonpath.sh'
[1.422s] Level 1:colcon.colcon_core.environment:checking '/home/workspace/mici_ws/install/py_launch_exam/bin'
[1.422s] Level 1:colcon.colcon_core.environment:create_environment_scripts_only(py_launch_exam)
[1.422s] INFO:colcon.colcon_core.shell:Creating package script '/home/workspace/mici_ws/install/py_launch_exam/share/py_launch_exam/package.ps1'
[1.422s] INFO:colcon.colcon_core.shell:Creating package descriptor '/home/workspace/mici_ws/install/py_launch_exam/share/py_launch_exam/package.dsv'
[1.423s] INFO:colcon.colcon_core.shell:Creating package script '/home/workspace/mici_ws/install/py_launch_exam/share/py_launch_exam/package.sh'
[1.423s] INFO:colcon.colcon_core.shell:Creating package script '/home/workspace/mici_ws/install/py_launch_exam/share/py_launch_exam/package.bash'
[1.424s] INFO:colcon.colcon_core.shell:Creating package script '/home/workspace/mici_ws/install/py_launch_exam/share/py_launch_exam/package.zsh'
[1.424s] Level 1:colcon.colcon_core.environment:create_file_with_runtime_dependencies(/home/workspace/mici_ws/install/py_launch_exam/share/colcon-core/packages/py_launch_exam)
[1.496s] Level 1:colcon.colcon_core.environment:checking '/home/workspace/mici_ws/install/py_parameter' for CMake module files
[1.496s] DEBUG:colcon.colcon_core.event_handler.log_command:Invoked command in '/home/workspace/mici_ws/src/py_parameter' returned '0': PYTHONPATH=/home/workspace/mici_ws/build/py_parameter/prefix_override:/usr/lib/python3/dist-packages/colcon_core/task/python/colcon_distutils_commands:/home/workspace/mici_ws/install/py_parameter/lib/python3.10/site-packages:${PYTHONPATH} /usr/bin/python3 -W ignore:setup.py install is deprecated -W ignore:easy_install command is deprecated setup.py egg_info --egg-base ../../build/py_parameter build --build-base /home/workspace/mici_ws/build/py_parameter/build install --record /home/workspace/mici_ws/build/py_parameter/install.log --single-version-externally-managed install_data
[1.497s] Level 1:colcon.colcon_core.environment:checking '/home/workspace/mici_ws/install/py_parameter' for CMake config files
[1.497s] Level 1:colcon.colcon_core.environment:checking '/home/workspace/mici_ws/install/py_parameter/lib'
[1.497s] Level 1:colcon.colcon_core.environment:checking '/home/workspace/mici_ws/install/py_parameter/bin'
[1.497s] Level 1:colcon.colcon_core.environment:checking '/home/workspace/mici_ws/install/py_parameter/lib/pkgconfig/py_parameter.pc'
[1.497s] Level 1:colcon.colcon_core.environment:checking '/home/workspace/mici_ws/install/py_parameter/lib/python3.10/site-packages'
[1.497s] Level 1:colcon.colcon_core.shell:create_environment_hook('py_parameter', 'pythonpath')
[1.498s] INFO:colcon.colcon_core.shell:Creating environment hook '/home/workspace/mici_ws/install/py_parameter/share/py_parameter/hook/pythonpath.ps1'
[1.498s] INFO:colcon.colcon_core.shell:Creating environment descriptor '/home/workspace/mici_ws/install/py_parameter/share/py_parameter/hook/pythonpath.dsv'
[1.498s] INFO:colcon.colcon_core.shell:Creating environment hook '/home/workspace/mici_ws/install/py_parameter/share/py_parameter/hook/pythonpath.sh'
[1.499s] Level 1:colcon.colcon_core.environment:checking '/home/workspace/mici_ws/install/py_parameter/bin'
[1.499s] Level 1:colcon.colcon_core.environment:create_environment_scripts_only(py_parameter)
[1.499s] INFO:colcon.colcon_core.shell:Creating package script '/home/workspace/mici_ws/install/py_parameter/share/py_parameter/package.ps1'
[1.500s] INFO:colcon.colcon_core.shell:Creating package descriptor '/home/workspace/mici_ws/install/py_parameter/share/py_parameter/package.dsv'
[1.500s] INFO:colcon.colcon_core.shell:Creating package script '/home/workspace/mici_ws/install/py_parameter/share/py_parameter/package.sh'
[1.501s] INFO:colcon.colcon_core.shell:Creating package script '/home/workspace/mici_ws/install/py_parameter/share/py_parameter/package.bash'
[1.501s] INFO:colcon.colcon_core.shell:Creating package script '/home/workspace/mici_ws/install/py_parameter/share/py_parameter/package.zsh'
[1.501s] Level 1:colcon.colcon_core.environment:create_file_with_runtime_dependencies(/home/workspace/mici_ws/install/py_parameter/share/colcon-core/packages/py_parameter)
[1.562s] Level 1:colcon.colcon_core.environment:checking '/home/workspace/mici_ws/install/py_srvcli' for CMake module files
[1.563s] DEBUG:colcon.colcon_core.event_handler.log_command:Invoked command in '/home/workspace/mici_ws/src/py_srvcli' returned '0': PYTHONPATH=/home/workspace/mici_ws/build/py_srvcli/prefix_override:/usr/lib/python3/dist-packages/colcon_core/task/python/colcon_distutils_commands:/home/workspace/mici_ws/install/py_srvcli/lib/python3.10/site-packages:${PYTHONPATH} /usr/bin/python3 -W ignore:setup.py install is deprecated -W ignore:easy_install command is deprecated setup.py egg_info --egg-base ../../build/py_srvcli build --build-base /home/workspace/mici_ws/build/py_srvcli/build install --record /home/workspace/mici_ws/build/py_srvcli/install.log --single-version-externally-managed install_data
[1.563s] Level 1:colcon.colcon_core.environment:checking '/home/workspace/mici_ws/install/py_srvcli' for CMake config files
[1.563s] Level 1:colcon.colcon_core.environment:checking '/home/workspace/mici_ws/install/py_srvcli/lib'
[1.563s] Level 1:colcon.colcon_core.environment:checking '/home/workspace/mici_ws/install/py_srvcli/bin'
[1.564s] Level 1:colcon.colcon_core.environment:checking '/home/workspace/mici_ws/install/py_srvcli/lib/pkgconfig/py_srvcli.pc'
[1.564s] Level 1:colcon.colcon_core.environment:checking '/home/workspace/mici_ws/install/py_srvcli/lib/python3.10/site-packages'
[1.564s] Level 1:colcon.colcon_core.shell:create_environment_hook('py_srvcli', 'pythonpath')
[1.564s] INFO:colcon.colcon_core.shell:Creating environment hook '/home/workspace/mici_ws/install/py_srvcli/share/py_srvcli/hook/pythonpath.ps1'
[1.564s] INFO:colcon.colcon_core.shell:Creating environment descriptor '/home/workspace/mici_ws/install/py_srvcli/share/py_srvcli/hook/pythonpath.dsv'
[1.565s] INFO:colcon.colcon_core.shell:Creating environment hook '/home/workspace/mici_ws/install/py_srvcli/share/py_srvcli/hook/pythonpath.sh'
[1.565s] Level 1:colcon.colcon_core.environment:checking '/home/workspace/mici_ws/install/py_srvcli/bin'
[1.565s] Level 1:colcon.colcon_core.environment:create_environment_scripts_only(py_srvcli)
[1.565s] INFO:colcon.colcon_core.shell:Creating package script '/home/workspace/mici_ws/install/py_srvcli/share/py_srvcli/package.ps1'
[1.565s] INFO:colcon.colcon_core.shell:Creating package descriptor '/home/workspace/mici_ws/install/py_srvcli/share/py_srvcli/package.dsv'
[1.566s] INFO:colcon.colcon_core.shell:Creating package script '/home/workspace/mici_ws/install/py_srvcli/share/py_srvcli/package.sh'
[1.566s] INFO:colcon.colcon_core.shell:Creating package script '/home/workspace/mici_ws/install/py_srvcli/share/py_srvcli/package.bash'
[1.566s] INFO:colcon.colcon_core.shell:Creating package script '/home/workspace/mici_ws/install/py_srvcli/share/py_srvcli/package.zsh'
[1.566s] Level 1:colcon.colcon_core.environment:create_file_with_runtime_dependencies(/home/workspace/mici_ws/install/py_srvcli/share/colcon-core/packages/py_srvcli)
[1.566s] DEBUG:colcon.colcon_parallel_executor.executor.parallel:closing loop
[1.566s] DEBUG:colcon.colcon_parallel_executor.executor.parallel:loop closed
[1.566s] DEBUG:colcon.colcon_parallel_executor.executor.parallel:run_until_complete finished with '0'
[1.566s] DEBUG:colcon.colcon_core.event_reactor:joining thread
[1.570s] INFO:colcon.colcon_core.plugin_system:Skipping extension 'colcon_notification.desktop_notification.terminal_notifier': Not used on non-Darwin systems
[1.570s] INFO:colcon.colcon_core.plugin_system:Skipping extension 'colcon_notification.desktop_notification.win32': Not used on non-Windows systems
[1.570s] INFO:colcon.colcon_notification.desktop_notification:Sending desktop notification using 'notify2'
[1.578s] DEBUG:colcon.colcon_core.event_reactor:joined thread
[1.579s] INFO:colcon.colcon_core.shell:Creating prefix script '/home/workspace/mici_ws/install/local_setup.ps1'
[1.580s] INFO:colcon.colcon_core.shell:Creating prefix util module '/home/workspace/mici_ws/install/_local_setup_util_ps1.py'
[1.581s] INFO:colcon.colcon_core.shell:Creating prefix chain script '/home/workspace/mici_ws/install/setup.ps1'
[1.582s] INFO:colcon.colcon_core.shell:Creating prefix script '/home/workspace/mici_ws/install/local_setup.sh'
[1.582s] INFO:colcon.colcon_core.shell:Creating prefix util module '/home/workspace/mici_ws/install/_local_setup_util_sh.py'
[1.582s] INFO:colcon.colcon_core.shell:Creating prefix chain script '/home/workspace/mici_ws/install/setup.sh'
[1.583s] INFO:colcon.colcon_core.shell:Creating prefix script '/home/workspace/mici_ws/install/local_setup.bash'
[1.584s] INFO:colcon.colcon_core.shell:Creating prefix chain script '/home/workspace/mici_ws/install/setup.bash'
[1.585s] INFO:colcon.colcon_core.shell:Creating prefix script '/home/workspace/mici_ws/install/local_setup.zsh'
[1.585s] INFO:colcon.colcon_core.shell:Creating prefix chain script '/home/workspace/mici_ws/install/setup.zsh'
