running egg_info
creating ../../build/py_launch_exam/py_launch_exam.egg-info
writing ../../build/py_launch_exam/py_launch_exam.egg-info/PKG-INFO
writing dependency_links to ../../build/py_launch_exam/py_launch_exam.egg-info/dependency_links.txt
writing entry points to ../../build/py_launch_exam/py_launch_exam.egg-info/entry_points.txt
writing requirements to ../../build/py_launch_exam/py_launch_exam.egg-info/requires.txt
writing top-level names to ../../build/py_launch_exam/py_launch_exam.egg-info/top_level.txt
writing manifest file '../../build/py_launch_exam/py_launch_exam.egg-info/SOURCES.txt'
reading manifest file '../../build/py_launch_exam/py_launch_exam.egg-info/SOURCES.txt'
adding license file 'LICENSE'
writing manifest file '../../build/py_launch_exam/py_launch_exam.egg-info/SOURCES.txt'
running build
running build_py
creating /home/workspace/mici_ws/build/py_launch_exam/build
creating /home/workspace/mici_ws/build/py_launch_exam/build/lib
creating /home/workspace/mici_ws/build/py_launch_exam/build/lib/py_launch_exam
copying py_launch_exam/__init__.py -> /home/workspace/mici_ws/build/py_launch_exam/build/lib/py_launch_exam
running install
running install_lib
creating /home/workspace/mici_ws/install/py_launch_exam/lib/python3.10/site-packages/py_launch_exam
copying /home/workspace/mici_ws/build/py_launch_exam/build/lib/py_launch_exam/__init__.py -> /home/workspace/mici_ws/install/py_launch_exam/lib/python3.10/site-packages/py_launch_exam
byte-compiling /home/workspace/mici_ws/install/py_launch_exam/lib/python3.10/site-packages/py_launch_exam/__init__.py to __init__.cpython-310.pyc
running install_data
creating /home/workspace/mici_ws/install/py_launch_exam/share/ament_index
creating /home/workspace/mici_ws/install/py_launch_exam/share/ament_index/resource_index
creating /home/workspace/mici_ws/install/py_launch_exam/share/ament_index/resource_index/packages
copying resource/py_launch_exam -> /home/workspace/mici_ws/install/py_launch_exam/share/ament_index/resource_index/packages
copying package.xml -> /home/workspace/mici_ws/install/py_launch_exam/share/py_launch_exam
running install_egg_info
Copying ../../build/py_launch_exam/py_launch_exam.egg-info to /home/workspace/mici_ws/install/py_launch_exam/lib/python3.10/site-packages/py_launch_exam-0.0.0-py3.10.egg-info
running install_scripts
writing list of installed files to '/home/workspace/mici_ws/build/py_launch_exam/install.log'
