[1.104s] Invoking command in '/home/workspace/mici_ws/src/py_launch_exam': PYTHONPATH=/home/workspace/mici_ws/build/py_launch_exam/prefix_override:/usr/lib/python3/dist-packages/colcon_core/task/python/colcon_distutils_commands:/home/workspace/mici_ws/install/py_launch_exam/lib/python3.10/site-packages:${PYTHONPATH} /usr/bin/python3 -W ignore:setup.py install is deprecated -W ignore:easy_install command is deprecated setup.py egg_info --egg-base ../../build/py_launch_exam build --build-base /home/workspace/mici_ws/build/py_launch_exam/build install --record /home/workspace/mici_ws/build/py_launch_exam/install.log --single-version-externally-managed install_data
[1.369s] running egg_info
[1.369s] creating ../../build/py_launch_exam/py_launch_exam.egg-info
[1.369s] writing ../../build/py_launch_exam/py_launch_exam.egg-info/PKG-INFO
[1.369s] writing dependency_links to ../../build/py_launch_exam/py_launch_exam.egg-info/dependency_links.txt
[1.370s] writing entry points to ../../build/py_launch_exam/py_launch_exam.egg-info/entry_points.txt
[1.370s] writing requirements to ../../build/py_launch_exam/py_launch_exam.egg-info/requires.txt
[1.370s] writing top-level names to ../../build/py_launch_exam/py_launch_exam.egg-info/top_level.txt
[1.370s] writing manifest file '../../build/py_launch_exam/py_launch_exam.egg-info/SOURCES.txt'
[1.371s] reading manifest file '../../build/py_launch_exam/py_launch_exam.egg-info/SOURCES.txt'
[1.371s] adding license file 'LICENSE'
[1.371s] writing manifest file '../../build/py_launch_exam/py_launch_exam.egg-info/SOURCES.txt'
[1.372s] running build
[1.372s] running build_py
[1.372s] creating /home/workspace/mici_ws/build/py_launch_exam/build
[1.372s] creating /home/workspace/mici_ws/build/py_launch_exam/build/lib
[1.372s] creating /home/workspace/mici_ws/build/py_launch_exam/build/lib/py_launch_exam
[1.372s] copying py_launch_exam/__init__.py -> /home/workspace/mici_ws/build/py_launch_exam/build/lib/py_launch_exam
[1.372s] running install
[1.372s] running install_lib
[1.373s] creating /home/workspace/mici_ws/install/py_launch_exam/lib/python3.10/site-packages/py_launch_exam
[1.373s] copying /home/workspace/mici_ws/build/py_launch_exam/build/lib/py_launch_exam/__init__.py -> /home/workspace/mici_ws/install/py_launch_exam/lib/python3.10/site-packages/py_launch_exam
[1.373s] byte-compiling /home/workspace/mici_ws/install/py_launch_exam/lib/python3.10/site-packages/py_launch_exam/__init__.py to __init__.cpython-310.pyc
[1.373s] running install_data
[1.373s] creating /home/workspace/mici_ws/install/py_launch_exam/share/ament_index
[1.374s] creating /home/workspace/mici_ws/install/py_launch_exam/share/ament_index/resource_index
[1.374s] creating /home/workspace/mici_ws/install/py_launch_exam/share/ament_index/resource_index/packages
[1.374s] copying resource/py_launch_exam -> /home/workspace/mici_ws/install/py_launch_exam/share/ament_index/resource_index/packages
[1.374s] copying package.xml -> /home/workspace/mici_ws/install/py_launch_exam/share/py_launch_exam
[1.374s] running install_egg_info
[1.375s] Copying ../../build/py_launch_exam/py_launch_exam.egg-info to /home/workspace/mici_ws/install/py_launch_exam/lib/python3.10/site-packages/py_launch_exam-0.0.0-py3.10.egg-info
[1.376s] running install_scripts
[1.393s] writing list of installed files to '/home/workspace/mici_ws/build/py_launch_exam/install.log'
[1.416s] Invoked command in '/home/workspace/mici_ws/src/py_launch_exam' returned '0': PYTHONPATH=/home/workspace/mici_ws/build/py_launch_exam/prefix_override:/usr/lib/python3/dist-packages/colcon_core/task/python/colcon_distutils_commands:/home/workspace/mici_ws/install/py_launch_exam/lib/python3.10/site-packages:${PYTHONPATH} /usr/bin/python3 -W ignore:setup.py install is deprecated -W ignore:easy_install command is deprecated setup.py egg_info --egg-base ../../build/py_launch_exam build --build-base /home/workspace/mici_ws/build/py_launch_exam/build install --record /home/workspace/mici_ws/build/py_launch_exam/install.log --single-version-externally-managed install_data
