[0.017s] Invoking command in '/home/workspace/mici_ws/build/mici_control': CMAKE_PREFIX_PATH=${CMAKE_PREFIX_PATH}:/home/workspace/turtlebot3_ws/install/turtlebot3_autorace_mission:/home/workspace/turtlebot3_ws/install/turtlebot3_autorace_detect:/home/workspace/turtlebot3_ws/install/turtlebot3_autorace_camera:/home/workspace/ros_ws/install/turtlebot3_description:/home/workspace/ros_ws/install/navigation_m:/home/workspace/ros_ws/install/my_robot_control:/opt/ros/humble /usr/bin/cmake --build /home/workspace/mici_ws/build/mici_control -- -j12 -l12
[0.037s] -- Found ament_cmake: 1.3.12 (/opt/ros/humble/share/ament_cmake/cmake)
[0.137s] [31mCMake Error at CMakeLists.txt:15 (target_include_directories):
[0.137s]   target_include_directories called with invalid arguments
[0.137s] 
[0.137s] [0m
[0.137s] [31mCMake Error at CMakeLists.txt:19 (target_compile_features):
[0.137s]   target_compile_features specified unknown feature "c_std" for target
[0.137s]   "my_node".
[0.138s] 
[0.138s] [0m
[0.138s] -- Found ament_lint_auto: 0.12.14 (/opt/ros/humble/share/ament_lint_auto/cmake)
[0.183s] -- Added test 'cppcheck' to perform static code analysis on C / C++ code
[0.183s] -- Configured cppcheck include dirs: 
[0.183s] -- Configured cppcheck exclude dirs and/or files: 
[0.183s] -- Added test 'lint_cmake' to check CMake code style
[0.184s] -- Added test 'uncrustify' to check C / C++ code style
[0.184s] -- Configured uncrustify additional arguments: 
[0.184s] -- Added test 'xmllint' to check XML markup files
[0.185s] -- Configuring incomplete, errors occurred!
[0.185s] See also "/home/workspace/mici_ws/build/mici_control/CMakeFiles/CMakeOutput.log".
[0.186s] gmake: *** [Makefile:226: cmake_check_build_system] Error 1
[0.188s] Invoked command in '/home/workspace/mici_ws/build/mici_control' returned '2': CMAKE_PREFIX_PATH=${CMAKE_PREFIX_PATH}:/home/workspace/turtlebot3_ws/install/turtlebot3_autorace_mission:/home/workspace/turtlebot3_ws/install/turtlebot3_autorace_detect:/home/workspace/turtlebot3_ws/install/turtlebot3_autorace_camera:/home/workspace/ros_ws/install/turtlebot3_description:/home/workspace/ros_ws/install/navigation_m:/home/workspace/ros_ws/install/my_robot_control:/opt/ros/humble /usr/bin/cmake --build /home/workspace/mici_ws/build/mici_control -- -j12 -l12
