[0.473s] Invoking command in '/home/workspace/mici_ws/src/py_pubsub': PYTHONPATH=/home/workspace/mici_ws/build/py_pubsub/prefix_override:/usr/lib/python3/dist-packages/colcon_core/task/python/colcon_distutils_commands:/home/workspace/mici_ws/install/py_pubsub/lib/python3.10/site-packages:${PYTHONPATH} /usr/bin/python3 -W ignore:setup.py install is deprecated -W ignore:easy_install command is deprecated setup.py egg_info --egg-base ../../build/py_pubsub build --build-base /home/workspace/mici_ws/build/py_pubsub/build install --record /home/workspace/mici_ws/build/py_pubsub/install.log --single-version-externally-managed install_data
[0.627s] running egg_info
[0.627s] writing ../../build/py_pubsub/py_pubsub.egg-info/PKG-INFO
[0.628s] writing dependency_links to ../../build/py_pubsub/py_pubsub.egg-info/dependency_links.txt
[0.628s] writing entry points to ../../build/py_pubsub/py_pubsub.egg-info/entry_points.txt
[0.628s] writing requirements to ../../build/py_pubsub/py_pubsub.egg-info/requires.txt
[0.628s] writing top-level names to ../../build/py_pubsub/py_pubsub.egg-info/top_level.txt
[0.629s] reading manifest file '../../build/py_pubsub/py_pubsub.egg-info/SOURCES.txt'
[0.630s] writing manifest file '../../build/py_pubsub/py_pubsub.egg-info/SOURCES.txt'
[0.630s] running build
[0.630s] running build_py
[0.630s] copying py_pubsub/subscriber_member.py -> /home/workspace/mici_ws/build/py_pubsub/build/lib/py_pubsub
[0.630s] running install
[0.630s] running install_lib
[0.630s] copying /home/workspace/mici_ws/build/py_pubsub/build/lib/py_pubsub/subscriber_member.py -> /home/workspace/mici_ws/install/py_pubsub/lib/python3.10/site-packages/py_pubsub
[0.630s] byte-compiling /home/workspace/mici_ws/install/py_pubsub/lib/python3.10/site-packages/py_pubsub/subscriber_member.py to subscriber_member.cpython-310.pyc
[0.631s] running install_data
[0.631s] running install_egg_info
[0.632s] removing '/home/workspace/mici_ws/install/py_pubsub/lib/python3.10/site-packages/py_pubsub-0.0.0-py3.10.egg-info' (and everything under it)
[0.632s] Copying ../../build/py_pubsub/py_pubsub.egg-info to /home/workspace/mici_ws/install/py_pubsub/lib/python3.10/site-packages/py_pubsub-0.0.0-py3.10.egg-info
[0.632s] running install_scripts
[0.645s] Installing listener script to /home/workspace/mici_ws/install/py_pubsub/lib/py_pubsub
[0.645s] Installing talker script to /home/workspace/mici_ws/install/py_pubsub/lib/py_pubsub
[0.645s] writing list of installed files to '/home/workspace/mici_ws/build/py_pubsub/install.log'
[0.661s] Invoked command in '/home/workspace/mici_ws/src/py_pubsub' returned '0': PYTHONPATH=/home/workspace/mici_ws/build/py_pubsub/prefix_override:/usr/lib/python3/dist-packages/colcon_core/task/python/colcon_distutils_commands:/home/workspace/mici_ws/install/py_pubsub/lib/python3.10/site-packages:${PYTHONPATH} /usr/bin/python3 -W ignore:setup.py install is deprecated -W ignore:easy_install command is deprecated setup.py egg_info --egg-base ../../build/py_pubsub build --build-base /home/workspace/mici_ws/build/py_pubsub/build install --record /home/workspace/mici_ws/build/py_pubsub/install.log --single-version-externally-managed install_data
