[0.062s] DEBUG:colcon:Command line arguments: ['/usr/bin/colcon', 'build', '--packages-select', 'py_parameter']
[0.062s] DEBUG:colcon:Parsed command line arguments: Namespace(log_base=None, log_level=None, verb_name='build', build_base='build', install_base='install', merge_install=False, symlink_install=False, test_result_base=None, continue_on_error=False, executor='parallel', parallel_workers=12, event_handlers=None, ignore_user_meta=False, metas=['./colcon.meta'], base_paths=['.'], packages_ignore=None, packages_ignore_regex=None, paths=None, packages_up_to=None, packages_up_to_regex=None, packages_above=None, packages_above_and_dependencies=None, packages_above_depth=None, packages_select_by_dep=None, packages_skip_by_dep=None, packages_skip_up_to=None, packages_select_build_failed=False, packages_skip_build_finished=False, packages_select_test_failures=False, packages_skip_test_passed=False, packages_select=['py_parameter'], packages_skip=None, packages_select_regex=None, packages_skip_regex=None, packages_start=None, packages_end=None, allow_overriding=[], cmake_args=None, cmake_target=None, cmake_target_skip_unavailable=False, cmake_clean_cache=False, cmake_clean_first=False, cmake_force_configure=False, ament_cmake_args=None, catkin_cmake_args=None, catkin_skip_building_tests=False, verb_parser=<colcon_defaults.argument_parser.defaults.DefaultArgumentsDecorator object at 0x78385c7f7520>, verb_extension=<colcon_core.verb.build.BuildVerb object at 0x78385c9349a0>, main=<bound method BuildVerb.main of <colcon_core.verb.build.BuildVerb object at 0x78385c9349a0>>)
[0.170s] Level 1:colcon.colcon_core.package_discovery:discover_packages(colcon_meta) check parameters
[0.170s] Level 1:colcon.colcon_core.package_discovery:discover_packages(recursive) check parameters
[0.170s] Level 1:colcon.colcon_core.package_discovery:discover_packages(ignore) check parameters
[0.170s] Level 1:colcon.colcon_core.package_discovery:discover_packages(path) check parameters
[0.170s] Level 1:colcon.colcon_core.package_discovery:discover_packages(colcon_meta) discover
[0.170s] Level 1:colcon.colcon_core.package_discovery:discover_packages(recursive) discover
[0.170s] INFO:colcon.colcon_core.package_discovery:Crawling recursively for packages in '/home/workspace/mici_ws'
[0.170s] Level 1:colcon.colcon_core.package_identification:_identify(.) by extensions ['ignore', 'ignore_ament_install']
[0.170s] Level 1:colcon.colcon_core.package_identification:_identify(.) by extension 'ignore'
[0.170s] Level 1:colcon.colcon_core.package_identification:_identify(.) by extension 'ignore_ament_install'
[0.170s] Level 1:colcon.colcon_core.package_identification:_identify(.) by extensions ['colcon_pkg']
[0.170s] Level 1:colcon.colcon_core.package_identification:_identify(.) by extension 'colcon_pkg'
[0.170s] Level 1:colcon.colcon_core.package_identification:_identify(.) by extensions ['colcon_meta']
[0.170s] Level 1:colcon.colcon_core.package_identification:_identify(.) by extension 'colcon_meta'
[0.170s] Level 1:colcon.colcon_core.package_identification:_identify(.) by extensions ['ros']
[0.170s] Level 1:colcon.colcon_core.package_identification:_identify(.) by extension 'ros'
[0.177s] Level 1:colcon.colcon_core.package_identification:_identify(.) by extensions ['cmake', 'python']
[0.177s] Level 1:colcon.colcon_core.package_identification:_identify(.) by extension 'cmake'
[0.177s] Level 1:colcon.colcon_core.package_identification:_identify(.) by extension 'python'
[0.177s] Level 1:colcon.colcon_core.package_identification:_identify(.) by extensions ['python_setup_py']
[0.177s] Level 1:colcon.colcon_core.package_identification:_identify(.) by extension 'python_setup_py'
[0.177s] Level 1:colcon.colcon_core.package_identification:_identify(build) by extensions ['ignore', 'ignore_ament_install']
[0.177s] Level 1:colcon.colcon_core.package_identification:_identify(build) by extension 'ignore'
[0.177s] Level 1:colcon.colcon_core.package_identification:_identify(build) ignored
[0.177s] Level 1:colcon.colcon_core.package_identification:_identify(install) by extensions ['ignore', 'ignore_ament_install']
[0.177s] Level 1:colcon.colcon_core.package_identification:_identify(install) by extension 'ignore'
[0.177s] Level 1:colcon.colcon_core.package_identification:_identify(install) ignored
[0.177s] Level 1:colcon.colcon_core.package_identification:_identify(log) by extensions ['ignore', 'ignore_ament_install']
[0.177s] Level 1:colcon.colcon_core.package_identification:_identify(log) by extension 'ignore'
[0.177s] Level 1:colcon.colcon_core.package_identification:_identify(log) ignored
[0.177s] Level 1:colcon.colcon_core.package_identification:_identify(src) by extensions ['ignore', 'ignore_ament_install']
[0.177s] Level 1:colcon.colcon_core.package_identification:_identify(src) by extension 'ignore'
[0.177s] Level 1:colcon.colcon_core.package_identification:_identify(src) by extension 'ignore_ament_install'
[0.177s] Level 1:colcon.colcon_core.package_identification:_identify(src) by extensions ['colcon_pkg']
[0.177s] Level 1:colcon.colcon_core.package_identification:_identify(src) by extension 'colcon_pkg'
[0.177s] Level 1:colcon.colcon_core.package_identification:_identify(src) by extensions ['colcon_meta']
[0.177s] Level 1:colcon.colcon_core.package_identification:_identify(src) by extension 'colcon_meta'
[0.177s] Level 1:colcon.colcon_core.package_identification:_identify(src) by extensions ['ros']
[0.177s] Level 1:colcon.colcon_core.package_identification:_identify(src) by extension 'ros'
[0.177s] Level 1:colcon.colcon_core.package_identification:_identify(src) by extensions ['cmake', 'python']
[0.178s] Level 1:colcon.colcon_core.package_identification:_identify(src) by extension 'cmake'
[0.178s] Level 1:colcon.colcon_core.package_identification:_identify(src) by extension 'python'
[0.178s] Level 1:colcon.colcon_core.package_identification:_identify(src) by extensions ['python_setup_py']
[0.178s] Level 1:colcon.colcon_core.package_identification:_identify(src) by extension 'python_setup_py'
[0.178s] Level 1:colcon.colcon_core.package_identification:_identify(src/mici_control) by extensions ['ignore', 'ignore_ament_install']
[0.178s] Level 1:colcon.colcon_core.package_identification:_identify(src/mici_control) by extension 'ignore'
[0.178s] Level 1:colcon.colcon_core.package_identification:_identify(src/mici_control) by extension 'ignore_ament_install'
[0.178s] Level 1:colcon.colcon_core.package_identification:_identify(src/mici_control) by extensions ['colcon_pkg']
[0.178s] Level 1:colcon.colcon_core.package_identification:_identify(src/mici_control) by extension 'colcon_pkg'
[0.178s] Level 1:colcon.colcon_core.package_identification:_identify(src/mici_control) by extensions ['colcon_meta']
[0.178s] Level 1:colcon.colcon_core.package_identification:_identify(src/mici_control) by extension 'colcon_meta'
[0.178s] Level 1:colcon.colcon_core.package_identification:_identify(src/mici_control) by extensions ['ros']
[0.178s] Level 1:colcon.colcon_core.package_identification:_identify(src/mici_control) by extension 'ros'
[0.179s] DEBUG:colcon.colcon_core.package_identification:Package 'src/mici_control' with type 'ros.ament_cmake' and name 'mici_control'
[0.179s] Level 1:colcon.colcon_core.package_identification:_identify(src/mici_description) by extensions ['ignore', 'ignore_ament_install']
[0.179s] Level 1:colcon.colcon_core.package_identification:_identify(src/mici_description) by extension 'ignore'
[0.179s] Level 1:colcon.colcon_core.package_identification:_identify(src/mici_description) by extension 'ignore_ament_install'
[0.179s] Level 1:colcon.colcon_core.package_identification:_identify(src/mici_description) by extensions ['colcon_pkg']
[0.179s] Level 1:colcon.colcon_core.package_identification:_identify(src/mici_description) by extension 'colcon_pkg'
[0.180s] Level 1:colcon.colcon_core.package_identification:_identify(src/mici_description) by extensions ['colcon_meta']
[0.180s] Level 1:colcon.colcon_core.package_identification:_identify(src/mici_description) by extension 'colcon_meta'
[0.180s] Level 1:colcon.colcon_core.package_identification:_identify(src/mici_description) by extensions ['ros']
[0.180s] Level 1:colcon.colcon_core.package_identification:_identify(src/mici_description) by extension 'ros'
[0.180s] DEBUG:colcon.colcon_core.package_identification:Package 'src/mici_description' with type 'ros.ament_cmake' and name 'mici_description'
[0.180s] Level 1:colcon.colcon_core.package_identification:_identify(src/mici_launch) by extensions ['ignore', 'ignore_ament_install']
[0.180s] Level 1:colcon.colcon_core.package_identification:_identify(src/mici_launch) by extension 'ignore'
[0.180s] Level 1:colcon.colcon_core.package_identification:_identify(src/mici_launch) by extension 'ignore_ament_install'
[0.180s] Level 1:colcon.colcon_core.package_identification:_identify(src/mici_launch) by extensions ['colcon_pkg']
[0.180s] Level 1:colcon.colcon_core.package_identification:_identify(src/mici_launch) by extension 'colcon_pkg'
[0.180s] Level 1:colcon.colcon_core.package_identification:_identify(src/mici_launch) by extensions ['colcon_meta']
[0.180s] Level 1:colcon.colcon_core.package_identification:_identify(src/mici_launch) by extension 'colcon_meta'
[0.180s] Level 1:colcon.colcon_core.package_identification:_identify(src/mici_launch) by extensions ['ros']
[0.180s] Level 1:colcon.colcon_core.package_identification:_identify(src/mici_launch) by extension 'ros'
[0.180s] DEBUG:colcon.colcon_core.package_identification:Package 'src/mici_launch' with type 'ros.ament_cmake' and name 'mici_launch'
[0.180s] Level 1:colcon.colcon_core.package_identification:_identify(src/py_parameter) by extensions ['ignore', 'ignore_ament_install']
[0.180s] Level 1:colcon.colcon_core.package_identification:_identify(src/py_parameter) by extension 'ignore'
[0.180s] Level 1:colcon.colcon_core.package_identification:_identify(src/py_parameter) by extension 'ignore_ament_install'
[0.181s] Level 1:colcon.colcon_core.package_identification:_identify(src/py_parameter) by extensions ['colcon_pkg']
[0.181s] Level 1:colcon.colcon_core.package_identification:_identify(src/py_parameter) by extension 'colcon_pkg'
[0.181s] Level 1:colcon.colcon_core.package_identification:_identify(src/py_parameter) by extensions ['colcon_meta']
[0.181s] Level 1:colcon.colcon_core.package_identification:_identify(src/py_parameter) by extension 'colcon_meta'
[0.181s] Level 1:colcon.colcon_core.package_identification:_identify(src/py_parameter) by extensions ['ros']
[0.181s] Level 1:colcon.colcon_core.package_identification:_identify(src/py_parameter) by extension 'ros'
[0.181s] DEBUG:colcon.colcon_core.package_identification:Package 'src/py_parameter' with type 'ros.ament_python' and name 'py_parameter'
[0.181s] Level 1:colcon.colcon_core.package_identification:_identify(src/py_pubsub) by extensions ['ignore', 'ignore_ament_install']
[0.181s] Level 1:colcon.colcon_core.package_identification:_identify(src/py_pubsub) by extension 'ignore'
[0.181s] Level 1:colcon.colcon_core.package_identification:_identify(src/py_pubsub) by extension 'ignore_ament_install'
[0.181s] Level 1:colcon.colcon_core.package_identification:_identify(src/py_pubsub) by extensions ['colcon_pkg']
[0.181s] Level 1:colcon.colcon_core.package_identification:_identify(src/py_pubsub) by extension 'colcon_pkg'
[0.181s] Level 1:colcon.colcon_core.package_identification:_identify(src/py_pubsub) by extensions ['colcon_meta']
[0.181s] Level 1:colcon.colcon_core.package_identification:_identify(src/py_pubsub) by extension 'colcon_meta'
[0.181s] Level 1:colcon.colcon_core.package_identification:_identify(src/py_pubsub) by extensions ['ros']
[0.181s] Level 1:colcon.colcon_core.package_identification:_identify(src/py_pubsub) by extension 'ros'
[0.182s] DEBUG:colcon.colcon_core.package_identification:Package 'src/py_pubsub' with type 'ros.ament_python' and name 'py_pubsub'
[0.182s] Level 1:colcon.colcon_core.package_identification:_identify(src/py_srvcli) by extensions ['ignore', 'ignore_ament_install']
[0.182s] Level 1:colcon.colcon_core.package_identification:_identify(src/py_srvcli) by extension 'ignore'
[0.182s] Level 1:colcon.colcon_core.package_identification:_identify(src/py_srvcli) by extension 'ignore_ament_install'
[0.182s] Level 1:colcon.colcon_core.package_identification:_identify(src/py_srvcli) by extensions ['colcon_pkg']
[0.182s] Level 1:colcon.colcon_core.package_identification:_identify(src/py_srvcli) by extension 'colcon_pkg'
[0.182s] Level 1:colcon.colcon_core.package_identification:_identify(src/py_srvcli) by extensions ['colcon_meta']
[0.182s] Level 1:colcon.colcon_core.package_identification:_identify(src/py_srvcli) by extension 'colcon_meta'
[0.182s] Level 1:colcon.colcon_core.package_identification:_identify(src/py_srvcli) by extensions ['ros']
[0.182s] Level 1:colcon.colcon_core.package_identification:_identify(src/py_srvcli) by extension 'ros'
[0.182s] DEBUG:colcon.colcon_core.package_identification:Package 'src/py_srvcli' with type 'ros.ament_python' and name 'py_srvcli'
[0.182s] Level 1:colcon.colcon_core.package_discovery:discover_packages(recursive) using defaults
[0.182s] Level 1:colcon.colcon_core.package_discovery:discover_packages(ignore) discover
[0.182s] Level 1:colcon.colcon_core.package_discovery:discover_packages(ignore) using defaults
[0.182s] Level 1:colcon.colcon_core.package_discovery:discover_packages(path) discover
[0.182s] Level 1:colcon.colcon_core.package_discovery:discover_packages(path) using defaults
[0.194s] INFO:colcon.colcon_core.package_selection:Skipping not selected package 'mici_control' in 'src/mici_control'
[0.194s] INFO:colcon.colcon_core.package_selection:Skipping not selected package 'mici_description' in 'src/mici_description'
[0.194s] INFO:colcon.colcon_core.package_selection:Skipping not selected package 'mici_launch' in 'src/mici_launch'
[0.194s] INFO:colcon.colcon_core.package_selection:Skipping not selected package 'py_pubsub' in 'src/py_pubsub'
[0.194s] INFO:colcon.colcon_core.package_selection:Skipping not selected package 'py_srvcli' in 'src/py_srvcli'
[0.195s] Level 1:colcon.colcon_core.package_discovery:discover_packages(prefix_path) check parameters
[0.195s] Level 1:colcon.colcon_core.package_discovery:discover_packages(prefix_path) discover
[0.196s] DEBUG:colcon.colcon_installed_package_information.package_discovery:Found 6 installed packages in /home/workspace/mici_ws/install
[0.196s] DEBUG:colcon.colcon_installed_package_information.package_discovery:Found 4 installed packages in /home/workspace/turtlebot3_ws/install
[0.196s] DEBUG:colcon.colcon_installed_package_information.package_discovery:Found 3 installed packages in /home/workspace/simulation_ws/install
[0.197s] DEBUG:colcon.colcon_installed_package_information.package_discovery:Found 15 installed packages in /home/workspace/pico_ws/install
[0.197s] DEBUG:colcon.colcon_installed_package_information.package_discovery:Found 4 installed packages in /home/workspace/ros_ws/install
[0.198s] DEBUG:colcon.colcon_installed_package_information.package_discovery:Found 412 installed packages in /opt/ros/humble
[0.199s] Level 1:colcon.colcon_core.package_discovery:discover_packages(prefix_path) using defaults
[0.225s] Level 5:colcon.colcon_core.verb:set package 'py_parameter' build argument 'cmake_args' from command line to 'None'
[0.225s] Level 5:colcon.colcon_core.verb:set package 'py_parameter' build argument 'cmake_target' from command line to 'None'
[0.225s] Level 5:colcon.colcon_core.verb:set package 'py_parameter' build argument 'cmake_target_skip_unavailable' from command line to 'False'
[0.225s] Level 5:colcon.colcon_core.verb:set package 'py_parameter' build argument 'cmake_clean_cache' from command line to 'False'
[0.225s] Level 5:colcon.colcon_core.verb:set package 'py_parameter' build argument 'cmake_clean_first' from command line to 'False'
[0.225s] Level 5:colcon.colcon_core.verb:set package 'py_parameter' build argument 'cmake_force_configure' from command line to 'False'
[0.225s] Level 5:colcon.colcon_core.verb:set package 'py_parameter' build argument 'ament_cmake_args' from command line to 'None'
[0.225s] Level 5:colcon.colcon_core.verb:set package 'py_parameter' build argument 'catkin_cmake_args' from command line to 'None'
[0.225s] Level 5:colcon.colcon_core.verb:set package 'py_parameter' build argument 'catkin_skip_building_tests' from command line to 'False'
[0.226s] DEBUG:colcon.colcon_core.verb:Building package 'py_parameter' with the following arguments: {'ament_cmake_args': None, 'build_base': '/home/workspace/mici_ws/build/py_parameter', 'catkin_cmake_args': None, 'catkin_skip_building_tests': False, 'cmake_args': None, 'cmake_clean_cache': False, 'cmake_clean_first': False, 'cmake_force_configure': False, 'cmake_target': None, 'cmake_target_skip_unavailable': False, 'install_base': '/home/workspace/mici_ws/install/py_parameter', 'merge_install': False, 'path': '/home/workspace/mici_ws/src/py_parameter', 'symlink_install': False, 'test_result_base': None}
[0.226s] INFO:colcon.colcon_core.executor:Executing jobs using 'parallel' executor
[0.226s] DEBUG:colcon.colcon_parallel_executor.executor.parallel:run_until_complete
[0.226s] INFO:colcon.colcon_ros.task.ament_python.build:Building ROS package in '/home/workspace/mici_ws/src/py_parameter' with build type 'ament_python'
[0.227s] Level 1:colcon.colcon_core.shell:create_environment_hook('py_parameter', 'ament_prefix_path')
[0.228s] INFO:colcon.colcon_core.plugin_system:Skipping extension 'colcon_core.shell.bat': Not used on non-Windows systems
[0.228s] INFO:colcon.colcon_core.shell:Creating environment hook '/home/workspace/mici_ws/install/py_parameter/share/py_parameter/hook/ament_prefix_path.ps1'
[0.228s] INFO:colcon.colcon_core.shell:Creating environment descriptor '/home/workspace/mici_ws/install/py_parameter/share/py_parameter/hook/ament_prefix_path.dsv'
[0.229s] INFO:colcon.colcon_core.shell:Creating environment hook '/home/workspace/mici_ws/install/py_parameter/share/py_parameter/hook/ament_prefix_path.sh'
[0.229s] INFO:colcon.colcon_core.shell:Skip shell extension 'powershell' for command environment: Not usable outside of PowerShell
[0.229s] DEBUG:colcon.colcon_core.shell:Skip shell extension 'dsv' for command environment
[0.393s] INFO:colcon.colcon_core.task.python.build:Building Python package in '/home/workspace/mici_ws/src/py_parameter'
[0.394s] INFO:colcon.colcon_core.shell:Skip shell extension 'powershell' for command environment: Not usable outside of PowerShell
[0.394s] DEBUG:colcon.colcon_core.shell:Skip shell extension 'dsv' for command environment
[0.634s] DEBUG:colcon.colcon_core.event_handler.log_command:Invoking command in '/home/workspace/mici_ws/src/py_parameter': PYTHONPATH=/home/workspace/mici_ws/build/py_parameter/prefix_override:/usr/lib/python3/dist-packages/colcon_core/task/python/colcon_distutils_commands:/home/workspace/mici_ws/install/py_parameter/lib/python3.10/site-packages:${PYTHONPATH} /usr/bin/python3 -W ignore:setup.py install is deprecated -W ignore:easy_install command is deprecated setup.py egg_info --egg-base ../../build/py_parameter build --build-base /home/workspace/mici_ws/build/py_parameter/build install --record /home/workspace/mici_ws/build/py_parameter/install.log --single-version-externally-managed install_data
[0.836s] DEBUG:colcon.colcon_core.event_handler.log_command:Invoked command in '/home/workspace/mici_ws/src/py_parameter' returned '0': PYTHONPATH=/home/workspace/mici_ws/build/py_parameter/prefix_override:/usr/lib/python3/dist-packages/colcon_core/task/python/colcon_distutils_commands:/home/workspace/mici_ws/install/py_parameter/lib/python3.10/site-packages:${PYTHONPATH} /usr/bin/python3 -W ignore:setup.py install is deprecated -W ignore:easy_install command is deprecated setup.py egg_info --egg-base ../../build/py_parameter build --build-base /home/workspace/mici_ws/build/py_parameter/build install --record /home/workspace/mici_ws/build/py_parameter/install.log --single-version-externally-managed install_data
[0.838s] Level 1:colcon.colcon_core.environment:checking '/home/workspace/mici_ws/install/py_parameter' for CMake module files
[0.838s] Level 1:colcon.colcon_core.environment:checking '/home/workspace/mici_ws/install/py_parameter' for CMake config files
[0.838s] Level 1:colcon.colcon_core.environment:checking '/home/workspace/mici_ws/install/py_parameter/lib'
[0.838s] Level 1:colcon.colcon_core.environment:checking '/home/workspace/mici_ws/install/py_parameter/bin'
[0.838s] Level 1:colcon.colcon_core.environment:checking '/home/workspace/mici_ws/install/py_parameter/lib/pkgconfig/py_parameter.pc'
[0.838s] Level 1:colcon.colcon_core.environment:checking '/home/workspace/mici_ws/install/py_parameter/lib/python3.10/site-packages'
[0.838s] Level 1:colcon.colcon_core.shell:create_environment_hook('py_parameter', 'pythonpath')
[0.839s] INFO:colcon.colcon_core.shell:Creating environment hook '/home/workspace/mici_ws/install/py_parameter/share/py_parameter/hook/pythonpath.ps1'
[0.839s] INFO:colcon.colcon_core.shell:Creating environment descriptor '/home/workspace/mici_ws/install/py_parameter/share/py_parameter/hook/pythonpath.dsv'
[0.839s] INFO:colcon.colcon_core.shell:Creating environment hook '/home/workspace/mici_ws/install/py_parameter/share/py_parameter/hook/pythonpath.sh'
[0.839s] Level 1:colcon.colcon_core.environment:checking '/home/workspace/mici_ws/install/py_parameter/bin'
[0.839s] Level 1:colcon.colcon_core.environment:create_environment_scripts_only(py_parameter)
[0.840s] INFO:colcon.colcon_core.shell:Creating package script '/home/workspace/mici_ws/install/py_parameter/share/py_parameter/package.ps1'
[0.840s] INFO:colcon.colcon_core.shell:Creating package descriptor '/home/workspace/mici_ws/install/py_parameter/share/py_parameter/package.dsv'
[0.840s] INFO:colcon.colcon_core.shell:Creating package script '/home/workspace/mici_ws/install/py_parameter/share/py_parameter/package.sh'
[0.841s] INFO:colcon.colcon_core.shell:Creating package script '/home/workspace/mici_ws/install/py_parameter/share/py_parameter/package.bash'
[0.841s] INFO:colcon.colcon_core.shell:Creating package script '/home/workspace/mici_ws/install/py_parameter/share/py_parameter/package.zsh'
[0.842s] Level 1:colcon.colcon_core.environment:create_file_with_runtime_dependencies(/home/workspace/mici_ws/install/py_parameter/share/colcon-core/packages/py_parameter)
[0.842s] DEBUG:colcon.colcon_parallel_executor.executor.parallel:closing loop
[0.842s] DEBUG:colcon.colcon_parallel_executor.executor.parallel:loop closed
[0.842s] DEBUG:colcon.colcon_parallel_executor.executor.parallel:run_until_complete finished with '0'
[0.842s] DEBUG:colcon.colcon_core.event_reactor:joining thread
[0.845s] INFO:colcon.colcon_core.plugin_system:Skipping extension 'colcon_notification.desktop_notification.terminal_notifier': Not used on non-Darwin systems
[0.845s] INFO:colcon.colcon_core.plugin_system:Skipping extension 'colcon_notification.desktop_notification.win32': Not used on non-Windows systems
[0.845s] INFO:colcon.colcon_notification.desktop_notification:Sending desktop notification using 'notify2'
[0.856s] DEBUG:colcon.colcon_core.event_reactor:joined thread
[0.856s] INFO:colcon.colcon_core.shell:Creating prefix script '/home/workspace/mici_ws/install/local_setup.ps1'
[0.857s] INFO:colcon.colcon_core.shell:Creating prefix util module '/home/workspace/mici_ws/install/_local_setup_util_ps1.py'
[0.858s] INFO:colcon.colcon_core.shell:Creating prefix chain script '/home/workspace/mici_ws/install/setup.ps1'
[0.859s] INFO:colcon.colcon_core.shell:Creating prefix script '/home/workspace/mici_ws/install/local_setup.sh'
[0.859s] INFO:colcon.colcon_core.shell:Creating prefix util module '/home/workspace/mici_ws/install/_local_setup_util_sh.py'
[0.860s] INFO:colcon.colcon_core.shell:Creating prefix chain script '/home/workspace/mici_ws/install/setup.sh'
[0.861s] INFO:colcon.colcon_core.shell:Creating prefix script '/home/workspace/mici_ws/install/local_setup.bash'
[0.861s] INFO:colcon.colcon_core.shell:Creating prefix chain script '/home/workspace/mici_ws/install/setup.bash'
[0.862s] INFO:colcon.colcon_core.shell:Creating prefix script '/home/workspace/mici_ws/install/local_setup.zsh'
[0.863s] INFO:colcon.colcon_core.shell:Creating prefix chain script '/home/workspace/mici_ws/install/setup.zsh'
