[1.022s] Invoking command in '/home/workspace/mici_ws/src/py_srvcli': PYTHONPATH=/home/workspace/mici_ws/build/py_srvcli/prefix_override:/usr/lib/python3/dist-packages/colcon_core/task/python/colcon_distutils_commands:/home/workspace/mici_ws/install/py_srvcli/lib/python3.10/site-packages:${PYTHONPATH} /usr/bin/python3 -W ignore:setup.py install is deprecated -W ignore:easy_install command is deprecated setup.py egg_info --egg-base ../../build/py_srvcli build --build-base /home/workspace/mici_ws/build/py_srvcli/build install --record /home/workspace/mici_ws/build/py_srvcli/install.log --single-version-externally-managed install_data
[1.230s] running egg_info
[1.230s] writing ../../build/py_srvcli/py_srvcli.egg-info/PKG-INFO
[1.230s] writing dependency_links to ../../build/py_srvcli/py_srvcli.egg-info/dependency_links.txt
[1.230s] writing entry points to ../../build/py_srvcli/py_srvcli.egg-info/entry_points.txt
[1.231s] writing requirements to ../../build/py_srvcli/py_srvcli.egg-info/requires.txt
[1.231s] writing top-level names to ../../build/py_srvcli/py_srvcli.egg-info/top_level.txt
[1.232s] reading manifest file '../../build/py_srvcli/py_srvcli.egg-info/SOURCES.txt'
[1.233s] writing manifest file '../../build/py_srvcli/py_srvcli.egg-info/SOURCES.txt'
[1.233s] running build
[1.233s] running build_py
[1.233s] running install
[1.233s] running install_lib
[1.234s] running install_data
[1.235s] running install_egg_info
[1.236s] removing '/home/workspace/mici_ws/install/py_srvcli/lib/python3.10/site-packages/py_srvcli-0.0.0-py3.10.egg-info' (and everything under it)
[1.236s] Copying ../../build/py_srvcli/py_srvcli.egg-info to /home/workspace/mici_ws/install/py_srvcli/lib/python3.10/site-packages/py_srvcli-0.0.0-py3.10.egg-info
[1.237s] running install_scripts
[1.252s] Installing clin script to /home/workspace/mici_ws/install/py_srvcli/lib/py_srvcli
[1.252s] Installing serv script to /home/workspace/mici_ws/install/py_srvcli/lib/py_srvcli
[1.252s] writing list of installed files to '/home/workspace/mici_ws/build/py_srvcli/install.log'
[1.271s] Invoked command in '/home/workspace/mici_ws/src/py_srvcli' returned '0': PYTHONPATH=/home/workspace/mici_ws/build/py_srvcli/prefix_override:/usr/lib/python3/dist-packages/colcon_core/task/python/colcon_distutils_commands:/home/workspace/mici_ws/install/py_srvcli/lib/python3.10/site-packages:${PYTHONPATH} /usr/bin/python3 -W ignore:setup.py install is deprecated -W ignore:easy_install command is deprecated setup.py egg_info --egg-base ../../build/py_srvcli build --build-base /home/workspace/mici_ws/build/py_srvcli/build install --record /home/workspace/mici_ws/build/py_srvcli/install.log --single-version-externally-managed install_data
