[0.499s] Invoking command in '/home/workspace/mici_ws/src/py_pubsub': PYTHONPATH=/home/workspace/mici_ws/build/py_pubsub/prefix_override:/usr/lib/python3/dist-packages/colcon_core/task/python/colcon_distutils_commands:/home/workspace/mici_ws/install/py_pubsub/lib/python3.10/site-packages:${PYTHONPATH} /usr/bin/python3 -W ignore:setup.py install is deprecated -W ignore:easy_install command is deprecated setup.py egg_info --egg-base ../../build/py_pubsub build --build-base /home/workspace/mici_ws/build/py_pubsub/build install --record /home/workspace/mici_ws/build/py_pubsub/install.log --single-version-externally-managed install_data
[0.656s] running egg_info
[0.656s] writing ../../build/py_pubsub/py_pubsub.egg-info/PKG-INFO
[0.656s] writing dependency_links to ../../build/py_pubsub/py_pubsub.egg-info/dependency_links.txt
[0.656s] writing entry points to ../../build/py_pubsub/py_pubsub.egg-info/entry_points.txt
[0.656s] writing requirements to ../../build/py_pubsub/py_pubsub.egg-info/requires.txt
[0.656s] writing top-level names to ../../build/py_pubsub/py_pubsub.egg-info/top_level.txt
[0.657s] reading manifest file '../../build/py_pubsub/py_pubsub.egg-info/SOURCES.txt'
[0.658s] writing manifest file '../../build/py_pubsub/py_pubsub.egg-info/SOURCES.txt'
[0.658s] running build
[0.658s] running build_py
[0.658s] running install
[0.658s] running install_lib
[0.659s] running install_data
[0.659s] running install_egg_info
[0.660s] removing '/home/workspace/mici_ws/install/py_pubsub/lib/python3.10/site-packages/py_pubsub-0.0.0-py3.10.egg-info' (and everything under it)
[0.660s] Copying ../../build/py_pubsub/py_pubsub.egg-info to /home/workspace/mici_ws/install/py_pubsub/lib/python3.10/site-packages/py_pubsub-0.0.0-py3.10.egg-info
[0.661s] running install_scripts
[0.673s] Installing listener script to /home/workspace/mici_ws/install/py_pubsub/lib/py_pubsub
[0.673s] Installing talker script to /home/workspace/mici_ws/install/py_pubsub/lib/py_pubsub
[0.674s] writing list of installed files to '/home/workspace/mici_ws/build/py_pubsub/install.log'
[0.689s] Invoked command in '/home/workspace/mici_ws/src/py_pubsub' returned '0': PYTHONPATH=/home/workspace/mici_ws/build/py_pubsub/prefix_override:/usr/lib/python3/dist-packages/colcon_core/task/python/colcon_distutils_commands:/home/workspace/mici_ws/install/py_pubsub/lib/python3.10/site-packages:${PYTHONPATH} /usr/bin/python3 -W ignore:setup.py install is deprecated -W ignore:easy_install command is deprecated setup.py egg_info --egg-base ../../build/py_pubsub build --build-base /home/workspace/mici_ws/build/py_pubsub/build install --record /home/workspace/mici_ws/build/py_pubsub/install.log --single-version-externally-managed install_data
