[0.013s] Invoking command in '/home/workspace/mici_ws/build/mici_description': CMAKE_PREFIX_PATH=${CMAKE_PREFIX_PATH}:/home/workspace/turtlebot3_ws/install/turtlebot3_autorace_mission:/home/workspace/turtlebot3_ws/install/turtlebot3_autorace_detect:/home/workspace/turtlebot3_ws/install/turtlebot3_autorace_camera:/home/workspace/ros_ws/install/turtlebot3_description:/home/workspace/ros_ws/install/navigation_m:/home/workspace/ros_ws/install/my_robot_control:/opt/ros/humble /usr/bin/cmake /home/workspace/mici_ws/src/mici_description -DCMAKE_INSTALL_PREFIX=/home/workspace/mici_ws/install/mici_description
[0.095s] -- The C compiler identification is GNU 11.4.0
[0.165s] -- The CXX compiler identification is GNU 11.4.0
[0.172s] -- Detecting C compiler ABI info
[0.233s] -- Detecting C compiler ABI info - done
[0.241s] -- Check for working C compiler: /usr/bin/cc - skipped
[0.241s] -- Detecting C compile features
[0.242s] -- Detecting C compile features - done
[0.245s] -- Detecting CXX compiler ABI info
[0.321s] -- Detecting CXX compiler ABI info - done
[0.329s] -- Check for working CXX compiler: /usr/bin/c++ - skipped
[0.329s] -- Detecting CXX compile features
[0.330s] -- Detecting CXX compile features - done
[0.334s] -- Found ament_cmake: 1.3.12 (/opt/ros/humble/share/ament_cmake/cmake)
[0.507s] -- Found Python3: /usr/bin/python3 (found version "3.10.12") found components: Interpreter 
[0.620s] -- Found ament_lint_auto: 0.12.14 (/opt/ros/humble/share/ament_lint_auto/cmake)
[0.709s] -- Added test 'cppcheck' to perform static code analysis on C / C++ code
[0.709s] -- Configured cppcheck include dirs: $<BUILD_INTERFACE:/home/workspace/mici_ws/src/mici_description/include>
[0.709s] -- Configured cppcheck exclude dirs and/or files: 
[0.710s] -- Added test 'flake8' to check Python code syntax and style conventions
[0.710s] -- Added test 'lint_cmake' to check CMake code style
[0.711s] -- Added test 'pep257' to check Python code against some of the docstring style conventions in PEP 257
[0.712s] -- Added test 'uncrustify' to check C / C++ code style
[0.712s] -- Configured uncrustify additional arguments: 
[0.713s] -- Added test 'xmllint' to check XML markup files
[0.714s] -- Configuring done
[0.717s] -- Generating done
[0.718s] -- Build files have been written to: /home/workspace/mici_ws/build/mici_description
[0.729s] Invoked command in '/home/workspace/mici_ws/build/mici_description' returned '0': CMAKE_PREFIX_PATH=${CMAKE_PREFIX_PATH}:/home/workspace/turtlebot3_ws/install/turtlebot3_autorace_mission:/home/workspace/turtlebot3_ws/install/turtlebot3_autorace_detect:/home/workspace/turtlebot3_ws/install/turtlebot3_autorace_camera:/home/workspace/ros_ws/install/turtlebot3_description:/home/workspace/ros_ws/install/navigation_m:/home/workspace/ros_ws/install/my_robot_control:/opt/ros/humble /usr/bin/cmake /home/workspace/mici_ws/src/mici_description -DCMAKE_INSTALL_PREFIX=/home/workspace/mici_ws/install/mici_description
[0.730s] Invoking command in '/home/workspace/mici_ws/build/mici_description': CMAKE_PREFIX_PATH=${CMAKE_PREFIX_PATH}:/home/workspace/turtlebot3_ws/install/turtlebot3_autorace_mission:/home/workspace/turtlebot3_ws/install/turtlebot3_autorace_detect:/home/workspace/turtlebot3_ws/install/turtlebot3_autorace_camera:/home/workspace/ros_ws/install/turtlebot3_description:/home/workspace/ros_ws/install/navigation_m:/home/workspace/ros_ws/install/my_robot_control:/opt/ros/humble /usr/bin/cmake --build /home/workspace/mici_ws/build/mici_description -- -j12 -l12
[0.774s] [ 50%] [32mBuilding CXX object CMakeFiles/my_node.dir/src/my_node.cpp.o[0m
[0.798s] [100%] [32m[1mLinking CXX executable my_node[0m
[0.833s] [100%] Built target my_node
[0.842s] Invoked command in '/home/workspace/mici_ws/build/mici_description' returned '0': CMAKE_PREFIX_PATH=${CMAKE_PREFIX_PATH}:/home/workspace/turtlebot3_ws/install/turtlebot3_autorace_mission:/home/workspace/turtlebot3_ws/install/turtlebot3_autorace_detect:/home/workspace/turtlebot3_ws/install/turtlebot3_autorace_camera:/home/workspace/ros_ws/install/turtlebot3_description:/home/workspace/ros_ws/install/navigation_m:/home/workspace/ros_ws/install/my_robot_control:/opt/ros/humble /usr/bin/cmake --build /home/workspace/mici_ws/build/mici_description -- -j12 -l12
[0.842s] Invoking command in '/home/workspace/mici_ws/build/mici_description': CMAKE_PREFIX_PATH=${CMAKE_PREFIX_PATH}:/home/workspace/turtlebot3_ws/install/turtlebot3_autorace_mission:/home/workspace/turtlebot3_ws/install/turtlebot3_autorace_detect:/home/workspace/turtlebot3_ws/install/turtlebot3_autorace_camera:/home/workspace/ros_ws/install/turtlebot3_description:/home/workspace/ros_ws/install/navigation_m:/home/workspace/ros_ws/install/my_robot_control:/opt/ros/humble /usr/bin/cmake --install /home/workspace/mici_ws/build/mici_description
[0.850s] -- Install configuration: ""
[0.850s] -- Installing: /home/workspace/mici_ws/install/mici_description/lib/mici_description/my_node
[0.850s] -- Installing: /home/workspace/mici_ws/install/mici_description/share/ament_index/resource_index/package_run_dependencies/mici_description
[0.851s] -- Installing: /home/workspace/mici_ws/install/mici_description/share/ament_index/resource_index/parent_prefix_path/mici_description
[0.851s] -- Installing: /home/workspace/mici_ws/install/mici_description/share/mici_description/environment/ament_prefix_path.sh
[0.851s] -- Installing: /home/workspace/mici_ws/install/mici_description/share/mici_description/environment/ament_prefix_path.dsv
[0.851s] -- Installing: /home/workspace/mici_ws/install/mici_description/share/mici_description/environment/path.sh
[0.851s] -- Installing: /home/workspace/mici_ws/install/mici_description/share/mici_description/environment/path.dsv
[0.851s] -- Installing: /home/workspace/mici_ws/install/mici_description/share/mici_description/local_setup.bash
[0.851s] -- Installing: /home/workspace/mici_ws/install/mici_description/share/mici_description/local_setup.sh
[0.851s] -- Installing: /home/workspace/mici_ws/install/mici_description/share/mici_description/local_setup.zsh
[0.851s] -- Installing: /home/workspace/mici_ws/install/mici_description/share/mici_description/local_setup.dsv
[0.851s] -- Installing: /home/workspace/mici_ws/install/mici_description/share/mici_description/package.dsv
[0.851s] -- Installing: /home/workspace/mici_ws/install/mici_description/share/ament_index/resource_index/packages/mici_description
[0.851s] -- Installing: /home/workspace/mici_ws/install/mici_description/share/mici_description/cmake/mici_descriptionConfig.cmake
[0.851s] -- Installing: /home/workspace/mici_ws/install/mici_description/share/mici_description/cmake/mici_descriptionConfig-version.cmake
[0.851s] -- Installing: /home/workspace/mici_ws/install/mici_description/share/mici_description/package.xml
[0.853s] Invoked command in '/home/workspace/mici_ws/build/mici_description' returned '0': CMAKE_PREFIX_PATH=${CMAKE_PREFIX_PATH}:/home/workspace/turtlebot3_ws/install/turtlebot3_autorace_mission:/home/workspace/turtlebot3_ws/install/turtlebot3_autorace_detect:/home/workspace/turtlebot3_ws/install/turtlebot3_autorace_camera:/home/workspace/ros_ws/install/turtlebot3_description:/home/workspace/ros_ws/install/navigation_m:/home/workspace/ros_ws/install/my_robot_control:/opt/ros/humble /usr/bin/cmake --install /home/workspace/mici_ws/build/mici_description
