[0.010s] Invoking command in '/home/workspace/mici_ws/build/mici_launch': CMAKE_PREFIX_PATH=${CMAKE_PREFIX_PATH}:/home/workspace/turtlebot3_ws/install/turtlebot3_autorace_mission:/home/workspace/turtlebot3_ws/install/turtlebot3_autorace_detect:/home/workspace/turtlebot3_ws/install/turtlebot3_autorace_camera:/home/workspace/ros_ws/install/turtlebot3_description:/home/workspace/ros_ws/install/navigation_m:/home/workspace/ros_ws/install/my_robot_control:/opt/ros/humble /usr/bin/cmake /home/workspace/mici_ws/src/mici_launch -DCMAKE_INSTALL_PREFIX=/home/workspace/mici_ws/install/mici_launch
[0.093s] -- The C compiler identification is GNU 11.4.0
[0.157s] -- The CXX compiler identification is GNU 11.4.0
[0.163s] -- Detecting C compiler ABI info
[0.223s] -- Detecting C compiler ABI info - done
[0.231s] -- Check for working C compiler: /usr/bin/cc - skipped
[0.231s] -- Detecting C compile features
[0.232s] -- Detecting C compile features - done
[0.235s] -- Detecting CXX compiler ABI info
[0.310s] -- Detecting CXX compiler ABI info - done
[0.319s] -- Check for working CXX compiler: /usr/bin/c++ - skipped
[0.319s] -- Detecting CXX compile features
[0.319s] -- Detecting CXX compile features - done
[0.323s] -- Found ament_cmake: 1.3.12 (/opt/ros/humble/share/ament_cmake/cmake)
[0.482s] -- Found Python3: /usr/bin/python3 (found version "3.10.12") found components: Interpreter 
[0.577s] -- Found ament_lint_auto: 0.12.14 (/opt/ros/humble/share/ament_lint_auto/cmake)
[0.663s] -- Added test 'lint_cmake' to check CMake code style
[0.664s] -- Added test 'xmllint' to check XML markup files
[0.665s] -- Configuring done
[0.667s] -- Generating done
[0.668s] -- Build files have been written to: /home/workspace/mici_ws/build/mici_launch
[0.671s] Invoked command in '/home/workspace/mici_ws/build/mici_launch' returned '0': CMAKE_PREFIX_PATH=${CMAKE_PREFIX_PATH}:/home/workspace/turtlebot3_ws/install/turtlebot3_autorace_mission:/home/workspace/turtlebot3_ws/install/turtlebot3_autorace_detect:/home/workspace/turtlebot3_ws/install/turtlebot3_autorace_camera:/home/workspace/ros_ws/install/turtlebot3_description:/home/workspace/ros_ws/install/navigation_m:/home/workspace/ros_ws/install/my_robot_control:/opt/ros/humble /usr/bin/cmake /home/workspace/mici_ws/src/mici_launch -DCMAKE_INSTALL_PREFIX=/home/workspace/mici_ws/install/mici_launch
[0.673s] Invoking command in '/home/workspace/mici_ws/build/mici_launch': CMAKE_PREFIX_PATH=${CMAKE_PREFIX_PATH}:/home/workspace/turtlebot3_ws/install/turtlebot3_autorace_mission:/home/workspace/turtlebot3_ws/install/turtlebot3_autorace_detect:/home/workspace/turtlebot3_ws/install/turtlebot3_autorace_camera:/home/workspace/ros_ws/install/turtlebot3_description:/home/workspace/ros_ws/install/navigation_m:/home/workspace/ros_ws/install/my_robot_control:/opt/ros/humble /usr/bin/cmake --build /home/workspace/mici_ws/build/mici_launch -- -j12 -l12
[0.712s] Invoked command in '/home/workspace/mici_ws/build/mici_launch' returned '0': CMAKE_PREFIX_PATH=${CMAKE_PREFIX_PATH}:/home/workspace/turtlebot3_ws/install/turtlebot3_autorace_mission:/home/workspace/turtlebot3_ws/install/turtlebot3_autorace_detect:/home/workspace/turtlebot3_ws/install/turtlebot3_autorace_camera:/home/workspace/ros_ws/install/turtlebot3_description:/home/workspace/ros_ws/install/navigation_m:/home/workspace/ros_ws/install/my_robot_control:/opt/ros/humble /usr/bin/cmake --build /home/workspace/mici_ws/build/mici_launch -- -j12 -l12
[0.723s] Invoking command in '/home/workspace/mici_ws/build/mici_launch': CMAKE_PREFIX_PATH=${CMAKE_PREFIX_PATH}:/home/workspace/turtlebot3_ws/install/turtlebot3_autorace_mission:/home/workspace/turtlebot3_ws/install/turtlebot3_autorace_detect:/home/workspace/turtlebot3_ws/install/turtlebot3_autorace_camera:/home/workspace/ros_ws/install/turtlebot3_description:/home/workspace/ros_ws/install/navigation_m:/home/workspace/ros_ws/install/my_robot_control:/opt/ros/humble /usr/bin/cmake --install /home/workspace/mici_ws/build/mici_launch
[0.730s] -- Install configuration: ""
[0.730s] -- Installing: /home/workspace/mici_ws/install/mici_launch/share/ament_index/resource_index/package_run_dependencies/mici_launch
[0.730s] -- Installing: /home/workspace/mici_ws/install/mici_launch/share/ament_index/resource_index/parent_prefix_path/mici_launch
[0.730s] -- Installing: /home/workspace/mici_ws/install/mici_launch/share/mici_launch/environment/ament_prefix_path.sh
[0.731s] -- Installing: /home/workspace/mici_ws/install/mici_launch/share/mici_launch/environment/ament_prefix_path.dsv
[0.731s] -- Installing: /home/workspace/mici_ws/install/mici_launch/share/mici_launch/environment/path.sh
[0.731s] -- Installing: /home/workspace/mici_ws/install/mici_launch/share/mici_launch/environment/path.dsv
[0.731s] -- Installing: /home/workspace/mici_ws/install/mici_launch/share/mici_launch/local_setup.bash
[0.731s] -- Installing: /home/workspace/mici_ws/install/mici_launch/share/mici_launch/local_setup.sh
[0.731s] -- Installing: /home/workspace/mici_ws/install/mici_launch/share/mici_launch/local_setup.zsh
[0.731s] -- Installing: /home/workspace/mici_ws/install/mici_launch/share/mici_launch/local_setup.dsv
[0.731s] -- Installing: /home/workspace/mici_ws/install/mici_launch/share/mici_launch/package.dsv
[0.731s] -- Installing: /home/workspace/mici_ws/install/mici_launch/share/ament_index/resource_index/packages/mici_launch
[0.731s] -- Installing: /home/workspace/mici_ws/install/mici_launch/share/mici_launch/cmake/mici_launchConfig.cmake
[0.731s] -- Installing: /home/workspace/mici_ws/install/mici_launch/share/mici_launch/cmake/mici_launchConfig-version.cmake
[0.732s] -- Installing: /home/workspace/mici_ws/install/mici_launch/share/mici_launch/package.xml
[0.733s] Invoked command in '/home/workspace/mici_ws/build/mici_launch' returned '0': CMAKE_PREFIX_PATH=${CMAKE_PREFIX_PATH}:/home/workspace/turtlebot3_ws/install/turtlebot3_autorace_mission:/home/workspace/turtlebot3_ws/install/turtlebot3_autorace_detect:/home/workspace/turtlebot3_ws/install/turtlebot3_autorace_camera:/home/workspace/ros_ws/install/turtlebot3_description:/home/workspace/ros_ws/install/navigation_m:/home/workspace/ros_ws/install/my_robot_control:/opt/ros/humble /usr/bin/cmake --install /home/workspace/mici_ws/build/mici_launch
