[0.121s] DEBUG:colcon:Command line arguments: ['/usr/bin/colcon', 'list', '-p', '--base-paths', '/home/workspace/mici_ws']
[0.121s] DEBUG:colcon:Parsed command line arguments: Namespace(log_base=None, log_level=None, verb_name='list', build_base='build', ignore_user_meta=False, metas=['./colcon.meta'], base_paths=['/home/workspace/mici_ws'], packages_ignore=None, packages_ignore_regex=None, paths=None, packages_up_to=None, packages_up_to_regex=None, packages_above=None, packages_above_and_dependencies=None, packages_above_depth=None, packages_select_by_dep=None, packages_skip_by_dep=None, packages_skip_up_to=None, packages_select_build_failed=False, packages_skip_build_finished=False, packages_select_test_failures=False, packages_skip_test_passed=False, packages_select=None, packages_skip=None, packages_select_regex=None, packages_skip_regex=None, packages_start=None, packages_end=None, allow_overriding=[], topological_order=False, names_only=False, paths_only=True, topological_graph=False, topological_graph_dot=False, topological_graph_density=False, topological_graph_legend=False, topological_graph_dot_cluster=False, topological_graph_dot_include_skipped=False, verb_parser=<colcon_defaults.argument_parser.defaults.DefaultArgumentsDecorator object at 0x7cfd1ad536a0>, verb_extension=<colcon_package_information.verb.list.ListVerb object at 0x7cfd1ae98550>, main=<bound method ListVerb.main of <colcon_package_information.verb.list.ListVerb object at 0x7cfd1ae98550>>)
[0.441s] Level 1:colcon.colcon_core.package_discovery:discover_packages(colcon_meta) check parameters
[0.441s] Level 1:colcon.colcon_core.package_discovery:discover_packages(recursive) check parameters
[0.441s] Level 1:colcon.colcon_core.package_discovery:discover_packages(ignore) check parameters
[0.441s] Level 1:colcon.colcon_core.package_discovery:discover_packages(path) check parameters
[0.441s] Level 1:colcon.colcon_core.package_discovery:discover_packages(recursive) discover
[0.442s] INFO:colcon.colcon_core.package_discovery:Crawling recursively for packages in '/home/workspace/mici_ws'
[0.442s] Level 1:colcon.colcon_core.package_identification:_identify(/home/workspace/mici_ws) by extensions ['ignore', 'ignore_ament_install']
[0.442s] Level 1:colcon.colcon_core.package_identification:_identify(/home/workspace/mici_ws) by extension 'ignore'
[0.442s] Level 1:colcon.colcon_core.package_identification:_identify(/home/workspace/mici_ws) by extension 'ignore_ament_install'
[0.442s] Level 1:colcon.colcon_core.package_identification:_identify(/home/workspace/mici_ws) by extensions ['colcon_pkg']
[0.442s] Level 1:colcon.colcon_core.package_identification:_identify(/home/workspace/mici_ws) by extension 'colcon_pkg'
[0.442s] Level 1:colcon.colcon_core.package_identification:_identify(/home/workspace/mici_ws) by extensions ['colcon_meta']
[0.442s] Level 1:colcon.colcon_core.package_identification:_identify(/home/workspace/mici_ws) by extension 'colcon_meta'
[0.442s] Level 1:colcon.colcon_core.package_identification:_identify(/home/workspace/mici_ws) by extensions ['ros']
[0.442s] Level 1:colcon.colcon_core.package_identification:_identify(/home/workspace/mici_ws) by extension 'ros'
[0.473s] Level 1:colcon.colcon_core.package_identification:_identify(/home/workspace/mici_ws) by extensions ['cmake', 'python']
[0.473s] Level 1:colcon.colcon_core.package_identification:_identify(/home/workspace/mici_ws) by extension 'cmake'
[0.473s] Level 1:colcon.colcon_core.package_identification:_identify(/home/workspace/mici_ws) by extension 'python'
[0.473s] Level 1:colcon.colcon_core.package_identification:_identify(/home/workspace/mici_ws) by extensions ['python_setup_py']
[0.473s] Level 1:colcon.colcon_core.package_identification:_identify(/home/workspace/mici_ws) by extension 'python_setup_py'
[0.474s] Level 1:colcon.colcon_core.package_identification:_identify(/home/workspace/mici_ws/build) by extensions ['ignore', 'ignore_ament_install']
[0.474s] Level 1:colcon.colcon_core.package_identification:_identify(/home/workspace/mici_ws/build) by extension 'ignore'
[0.474s] Level 1:colcon.colcon_core.package_identification:_identify(/home/workspace/mici_ws/build) ignored
[0.474s] Level 1:colcon.colcon_core.package_identification:_identify(/home/workspace/mici_ws/install) by extensions ['ignore', 'ignore_ament_install']
[0.474s] Level 1:colcon.colcon_core.package_identification:_identify(/home/workspace/mici_ws/install) by extension 'ignore'
[0.474s] Level 1:colcon.colcon_core.package_identification:_identify(/home/workspace/mici_ws/install) ignored
[0.475s] Level 1:colcon.colcon_core.package_identification:_identify(/home/workspace/mici_ws/log) by extensions ['ignore', 'ignore_ament_install']
[0.475s] Level 1:colcon.colcon_core.package_identification:_identify(/home/workspace/mici_ws/log) by extension 'ignore'
[0.475s] Level 1:colcon.colcon_core.package_identification:_identify(/home/workspace/mici_ws/log) ignored
[0.475s] Level 1:colcon.colcon_core.package_identification:_identify(/home/workspace/mici_ws/src) by extensions ['ignore', 'ignore_ament_install']
[0.475s] Level 1:colcon.colcon_core.package_identification:_identify(/home/workspace/mici_ws/src) by extension 'ignore'
[0.475s] Level 1:colcon.colcon_core.package_identification:_identify(/home/workspace/mici_ws/src) by extension 'ignore_ament_install'
[0.475s] Level 1:colcon.colcon_core.package_identification:_identify(/home/workspace/mici_ws/src) by extensions ['colcon_pkg']
[0.475s] Level 1:colcon.colcon_core.package_identification:_identify(/home/workspace/mici_ws/src) by extension 'colcon_pkg'
[0.475s] Level 1:colcon.colcon_core.package_identification:_identify(/home/workspace/mici_ws/src) by extensions ['colcon_meta']
[0.476s] Level 1:colcon.colcon_core.package_identification:_identify(/home/workspace/mici_ws/src) by extension 'colcon_meta'
[0.476s] Level 1:colcon.colcon_core.package_identification:_identify(/home/workspace/mici_ws/src) by extensions ['ros']
[0.476s] Level 1:colcon.colcon_core.package_identification:_identify(/home/workspace/mici_ws/src) by extension 'ros'
[0.476s] Level 1:colcon.colcon_core.package_identification:_identify(/home/workspace/mici_ws/src) by extensions ['cmake', 'python']
[0.476s] Level 1:colcon.colcon_core.package_identification:_identify(/home/workspace/mici_ws/src) by extension 'cmake'
[0.476s] Level 1:colcon.colcon_core.package_identification:_identify(/home/workspace/mici_ws/src) by extension 'python'
[0.476s] Level 1:colcon.colcon_core.package_identification:_identify(/home/workspace/mici_ws/src) by extensions ['python_setup_py']
[0.476s] Level 1:colcon.colcon_core.package_identification:_identify(/home/workspace/mici_ws/src) by extension 'python_setup_py'
[0.476s] Level 1:colcon.colcon_core.package_identification:_identify(/home/workspace/mici_ws/src/mici_control) by extensions ['ignore', 'ignore_ament_install']
[0.476s] Level 1:colcon.colcon_core.package_identification:_identify(/home/workspace/mici_ws/src/mici_control) by extension 'ignore'
[0.477s] Level 1:colcon.colcon_core.package_identification:_identify(/home/workspace/mici_ws/src/mici_control) by extension 'ignore_ament_install'
[0.477s] Level 1:colcon.colcon_core.package_identification:_identify(/home/workspace/mici_ws/src/mici_control) by extensions ['colcon_pkg']
[0.477s] Level 1:colcon.colcon_core.package_identification:_identify(/home/workspace/mici_ws/src/mici_control) by extension 'colcon_pkg'
[0.477s] Level 1:colcon.colcon_core.package_identification:_identify(/home/workspace/mici_ws/src/mici_control) by extensions ['colcon_meta']
[0.477s] Level 1:colcon.colcon_core.package_identification:_identify(/home/workspace/mici_ws/src/mici_control) by extension 'colcon_meta'
[0.477s] Level 1:colcon.colcon_core.package_identification:_identify(/home/workspace/mici_ws/src/mici_control) by extensions ['ros']
[0.477s] Level 1:colcon.colcon_core.package_identification:_identify(/home/workspace/mici_ws/src/mici_control) by extension 'ros'
[0.481s] DEBUG:colcon.colcon_core.package_identification:Package '/home/workspace/mici_ws/src/mici_control' with type 'ros.ament_cmake' and name 'mici_control'
[0.481s] Level 1:colcon.colcon_core.package_identification:_identify(/home/workspace/mici_ws/src/mici_description) by extensions ['ignore', 'ignore_ament_install']
[0.481s] Level 1:colcon.colcon_core.package_identification:_identify(/home/workspace/mici_ws/src/mici_description) by extension 'ignore'
[0.482s] Level 1:colcon.colcon_core.package_identification:_identify(/home/workspace/mici_ws/src/mici_description) by extension 'ignore_ament_install'
[0.482s] Level 1:colcon.colcon_core.package_identification:_identify(/home/workspace/mici_ws/src/mici_description) by extensions ['colcon_pkg']
[0.482s] Level 1:colcon.colcon_core.package_identification:_identify(/home/workspace/mici_ws/src/mici_description) by extension 'colcon_pkg'
[0.482s] Level 1:colcon.colcon_core.package_identification:_identify(/home/workspace/mici_ws/src/mici_description) by extensions ['colcon_meta']
[0.482s] Level 1:colcon.colcon_core.package_identification:_identify(/home/workspace/mici_ws/src/mici_description) by extension 'colcon_meta'
[0.482s] Level 1:colcon.colcon_core.package_identification:_identify(/home/workspace/mici_ws/src/mici_description) by extensions ['ros']
[0.482s] Level 1:colcon.colcon_core.package_identification:_identify(/home/workspace/mici_ws/src/mici_description) by extension 'ros'
[0.483s] DEBUG:colcon.colcon_core.package_identification:Package '/home/workspace/mici_ws/src/mici_description' with type 'ros.ament_cmake' and name 'mici_description'
[0.483s] Level 1:colcon.colcon_core.package_identification:_identify(/home/workspace/mici_ws/src/mici_launch) by extensions ['ignore', 'ignore_ament_install']
[0.483s] Level 1:colcon.colcon_core.package_identification:_identify(/home/workspace/mici_ws/src/mici_launch) by extension 'ignore'
[0.483s] Level 1:colcon.colcon_core.package_identification:_identify(/home/workspace/mici_ws/src/mici_launch) by extension 'ignore_ament_install'
[0.483s] Level 1:colcon.colcon_core.package_identification:_identify(/home/workspace/mici_ws/src/mici_launch) by extensions ['colcon_pkg']
[0.484s] Level 1:colcon.colcon_core.package_identification:_identify(/home/workspace/mici_ws/src/mici_launch) by extension 'colcon_pkg'
[0.484s] Level 1:colcon.colcon_core.package_identification:_identify(/home/workspace/mici_ws/src/mici_launch) by extensions ['colcon_meta']
[0.484s] Level 1:colcon.colcon_core.package_identification:_identify(/home/workspace/mici_ws/src/mici_launch) by extension 'colcon_meta'
[0.484s] Level 1:colcon.colcon_core.package_identification:_identify(/home/workspace/mici_ws/src/mici_launch) by extensions ['ros']
[0.484s] Level 1:colcon.colcon_core.package_identification:_identify(/home/workspace/mici_ws/src/mici_launch) by extension 'ros'
[0.485s] DEBUG:colcon.colcon_core.package_identification:Package '/home/workspace/mici_ws/src/mici_launch' with type 'ros.ament_cmake' and name 'mici_launch'
[0.485s] Level 1:colcon.colcon_core.package_discovery:discover_packages(recursive) using defaults
