[0.030s] Invoking command in '/home/workspace/mici_ws/build/mici_description': CMAKE_PREFIX_PATH=${CMAKE_PREFIX_PATH}:/home/workspace/mici_ws/install/py_srvcli:/home/workspace/mici_ws/install/py_pubsub:/home/workspace/mici_ws/install/py_parameter:/home/workspace/mici_ws/install/py_launch_exam:/home/workspace/turtlebot3_ws/install/turtlebot3_autorace_mission:/home/workspace/turtlebot3_ws/install/turtlebot3_autorace_detect:/home/workspace/turtlebot3_ws/install/turtlebot3_autorace_camera:/home/workspace/ros_ws/install/turtlebot3_description:/home/workspace/ros_ws/install/navigation_m:/home/workspace/ros_ws/install/my_robot_control:/opt/ros/humble /usr/bin/cmake --build /home/workspace/mici_ws/build/mici_description -- -j12 -l12
[0.709s] -- Found ament_cmake: 1.3.12 (/opt/ros/humble/share/ament_cmake/cmake)
[0.709s] -- Found geometry_msgs: 4.9.0 (/opt/ros/humble/share/geometry_msgs/cmake)
[0.709s] -- Found rosidl_generator_c: 3.1.7 (/opt/ros/humble/share/rosidl_generator_c/cmake)
[0.709s] -- Found rosidl_adapter: 3.1.7 (/opt/ros/humble/share/rosidl_adapter/cmake)
[0.709s] -- Found rosidl_generator_cpp: 3.1.7 (/opt/ros/humble/share/rosidl_generator_cpp/cmake)
[0.709s] -- Using all available rosidl_typesupport_c: rosidl_typesupport_fastrtps_c;rosidl_typesupport_introspection_c
[0.709s] -- Using all available rosidl_typesupport_cpp: rosidl_typesupport_fastrtps_cpp;rosidl_typesupport_introspection_cpp
[0.709s] -- Found rclcpp: 16.0.14 (/opt/ros/humble/share/rclcpp/cmake)
[0.710s] -- Found rmw_implementation_cmake: 6.1.2 (/opt/ros/humble/share/rmw_implementation_cmake/cmake)
[0.710s] -- Found rmw_cyclonedds_cpp: 1.3.4 (/opt/ros/humble/share/rmw_cyclonedds_cpp/cmake)
[0.710s] -- Using RMW implementation 'rmw_cyclonedds_cpp' as default
[0.710s] -- Looking for pthread.h
[0.710s] -- Looking for pthread.h - found
[0.710s] -- Performing Test CMAKE_HAVE_LIBC_PTHREAD
[0.710s] -- Performing Test CMAKE_HAVE_LIBC_PTHREAD - Success
[0.711s] -- Found Threads: TRUE  
[0.712s] -- Found ament_lint_auto: 0.12.14 (/opt/ros/humble/share/ament_lint_auto/cmake)
[0.712s] -- Added test 'cppcheck' to perform static code analysis on C / C++ code
[0.712s] -- Configured cppcheck include dirs: $<BUILD_INTERFACE:/home/workspace/mici_ws/src/mici_description/include>
[0.712s] -- Configured cppcheck exclude dirs and/or files: 
[0.712s] -- Added test 'flake8' to check Python code syntax and style conventions
[0.712s] -- Added test 'lint_cmake' to check CMake code style
[0.713s] -- Added test 'pep257' to check Python code against some of the docstring style conventions in PEP 257
[0.713s] -- Added test 'uncrustify' to check C / C++ code style
[0.713s] -- Configured uncrustify additional arguments: 
[0.713s] -- Added test 'xmllint' to check XML markup files
[0.713s] -- Configuring done
[0.713s] -- Generating done
[0.713s] -- Build files have been written to: /home/workspace/mici_ws/build/mici_description
[0.726s] [35m[1mConsolidate compiler generated dependencies of target my_node[0m
[0.738s] [100%] Built target my_node
[0.956s] Invoked command in '/home/workspace/mici_ws/build/mici_description' returned '0': CMAKE_PREFIX_PATH=${CMAKE_PREFIX_PATH}:/home/workspace/mici_ws/install/py_srvcli:/home/workspace/mici_ws/install/py_pubsub:/home/workspace/mici_ws/install/py_parameter:/home/workspace/mici_ws/install/py_launch_exam:/home/workspace/turtlebot3_ws/install/turtlebot3_autorace_mission:/home/workspace/turtlebot3_ws/install/turtlebot3_autorace_detect:/home/workspace/turtlebot3_ws/install/turtlebot3_autorace_camera:/home/workspace/ros_ws/install/turtlebot3_description:/home/workspace/ros_ws/install/navigation_m:/home/workspace/ros_ws/install/my_robot_control:/opt/ros/humble /usr/bin/cmake --build /home/workspace/mici_ws/build/mici_description -- -j12 -l12
[0.957s] Invoking command in '/home/workspace/mici_ws/build/mici_description': CMAKE_PREFIX_PATH=${CMAKE_PREFIX_PATH}:/home/workspace/mici_ws/install/py_srvcli:/home/workspace/mici_ws/install/py_pubsub:/home/workspace/mici_ws/install/py_parameter:/home/workspace/mici_ws/install/py_launch_exam:/home/workspace/turtlebot3_ws/install/turtlebot3_autorace_mission:/home/workspace/turtlebot3_ws/install/turtlebot3_autorace_detect:/home/workspace/turtlebot3_ws/install/turtlebot3_autorace_camera:/home/workspace/ros_ws/install/turtlebot3_description:/home/workspace/ros_ws/install/navigation_m:/home/workspace/ros_ws/install/my_robot_control:/opt/ros/humble /usr/bin/cmake --install /home/workspace/mici_ws/build/mici_description
[0.965s] -- Install configuration: ""
[0.965s] -- Installing: /home/workspace/mici_ws/install/mici_description/share/mici_description/launch
[0.965s] -- Installing: /home/workspace/mici_ws/install/mici_description/share/mici_description/launch/mici.launch.py
[0.965s] -- Installing: /home/workspace/mici_ws/install/mici_description/share/mici_description/urdf
[0.965s] -- Installing: /home/workspace/mici_ws/install/mici_description/share/mici_description/urdf/mici.urdf.xacro
[0.965s] -- Installing: /home/workspace/mici_ws/install/mici_description/share/mici_description/urdf/urdf2.urdf.
[0.966s] -- Installing: /home/workspace/mici_ws/install/mici_description/share/mici_description/meshes
[0.966s] -- Installing: /home/workspace/mici_ws/install/mici_description/share/mici_description/meshes/wheels
[0.966s] -- Installing: /home/workspace/mici_ws/install/mici_description/share/mici_description/meshes/wheels/left_tire.stl
[0.967s] -- Installing: /home/workspace/mici_ws/install/mici_description/share/mici_description/meshes/wheels/right_tire.stl
[0.968s] -- Installing: /home/workspace/mici_ws/install/mici_description/share/mici_description/meshes/bases
[0.968s] -- Installing: /home/workspace/mici_ws/install/mici_description/share/mici_description/meshes/bases/waffle_base.stl
[0.994s] -- Installing: /home/workspace/mici_ws/install/mici_description/share/mici_description/meshes/bases/waffle_pi_base.stl
[1.007s] -- Installing: /home/workspace/mici_ws/install/mici_description/share/mici_description/meshes/bases/burger_base.stl
[1.015s] -- Installing: /home/workspace/mici_ws/install/mici_description/share/mici_description/meshes/sensors
[1.016s] -- Installing: /home/workspace/mici_ws/install/mici_description/share/mici_description/meshes/sensors/r200.jpg
[1.016s] -- Installing: /home/workspace/mici_ws/install/mici_description/share/mici_description/meshes/sensors/astra.dae
[1.032s] -- Installing: /home/workspace/mici_ws/install/mici_description/share/mici_description/meshes/sensors/astra.jpg
[1.032s] -- Installing: /home/workspace/mici_ws/install/mici_description/share/mici_description/meshes/sensors/lds.stl
[1.033s] -- Installing: /home/workspace/mici_ws/install/mici_description/share/mici_description/meshes/sensors/r200.dae
[1.034s] -- Installing: /home/workspace/mici_ws/install/mici_description/share/mici_description/meshes/burger_base.stl
[1.042s] -- Installing: /home/workspace/mici_ws/install/mici_description/share/mici_description/meshes/mici.sdf
[1.043s] -- Installing: /home/workspace/mici_ws/install/mici_description/share/mici_description/model
[1.043s] -- Installing: /home/workspace/mici_ws/install/mici_description/share/mici_description/model/model.sdf
[1.043s] -- Installing: /home/workspace/mici_ws/install/mici_description/share/mici_description/rviz
[1.043s] -- Installing: /home/workspace/mici_ws/install/mici_description/share/mici_description/world
[1.043s] -- Up-to-date: /home/workspace/mici_ws/install/mici_description/lib/mici_description/my_node
[1.043s] -- Up-to-date: /home/workspace/mici_ws/install/mici_description/share/ament_index/resource_index/package_run_dependencies/mici_description
[1.044s] -- Installing: /home/workspace/mici_ws/install/mici_description/share/ament_index/resource_index/parent_prefix_path/mici_description
[1.044s] -- Up-to-date: /home/workspace/mici_ws/install/mici_description/share/mici_description/environment/ament_prefix_path.sh
[1.044s] -- Installing: /home/workspace/mici_ws/install/mici_description/share/mici_description/environment/ament_prefix_path.dsv
[1.044s] -- Up-to-date: /home/workspace/mici_ws/install/mici_description/share/mici_description/environment/path.sh
[1.044s] -- Installing: /home/workspace/mici_ws/install/mici_description/share/mici_description/environment/path.dsv
[1.044s] -- Up-to-date: /home/workspace/mici_ws/install/mici_description/share/mici_description/local_setup.bash
[1.044s] -- Up-to-date: /home/workspace/mici_ws/install/mici_description/share/mici_description/local_setup.sh
[1.045s] -- Up-to-date: /home/workspace/mici_ws/install/mici_description/share/mici_description/local_setup.zsh
[1.045s] -- Installing: /home/workspace/mici_ws/install/mici_description/share/mici_description/local_setup.dsv
[1.045s] -- Installing: /home/workspace/mici_ws/install/mici_description/share/mici_description/package.dsv
[1.045s] -- Up-to-date: /home/workspace/mici_ws/install/mici_description/share/ament_index/resource_index/packages/mici_description
[1.045s] -- Up-to-date: /home/workspace/mici_ws/install/mici_description/share/mici_description/cmake/mici_descriptionConfig.cmake
[1.045s] -- Up-to-date: /home/workspace/mici_ws/install/mici_description/share/mici_description/cmake/mici_descriptionConfig-version.cmake
[1.045s] -- Up-to-date: /home/workspace/mici_ws/install/mici_description/share/mici_description/package.xml
[1.048s] Invoked command in '/home/workspace/mici_ws/build/mici_description' returned '0': CMAKE_PREFIX_PATH=${CMAKE_PREFIX_PATH}:/home/workspace/mici_ws/install/py_srvcli:/home/workspace/mici_ws/install/py_pubsub:/home/workspace/mici_ws/install/py_parameter:/home/workspace/mici_ws/install/py_launch_exam:/home/workspace/turtlebot3_ws/install/turtlebot3_autorace_mission:/home/workspace/turtlebot3_ws/install/turtlebot3_autorace_detect:/home/workspace/turtlebot3_ws/install/turtlebot3_autorace_camera:/home/workspace/ros_ws/install/turtlebot3_description:/home/workspace/ros_ws/install/navigation_m:/home/workspace/ros_ws/install/my_robot_control:/opt/ros/humble /usr/bin/cmake --install /home/workspace/mici_ws/build/mici_description
