[0.726s] Invoking command in '/home/workspace/mici_ws/src/py_srvcli': PYTHONPATH=/home/workspace/mici_ws/build/py_srvcli/prefix_override:/usr/lib/python3/dist-packages/colcon_core/task/python/colcon_distutils_commands:/home/workspace/mici_ws/install/py_srvcli/lib/python3.10/site-packages:${PYTHONPATH} /usr/bin/python3 -W ignore:setup.py install is deprecated -W ignore:easy_install command is deprecated setup.py egg_info --egg-base ../../build/py_srvcli build --build-base /home/workspace/mici_ws/build/py_srvcli/build install --record /home/workspace/mici_ws/build/py_srvcli/install.log --single-version-externally-managed install_data
[0.936s] running egg_info
[0.936s] writing ../../build/py_srvcli/py_srvcli.egg-info/PKG-INFO
[0.937s] writing dependency_links to ../../build/py_srvcli/py_srvcli.egg-info/dependency_links.txt
[0.937s] writing entry points to ../../build/py_srvcli/py_srvcli.egg-info/entry_points.txt
[0.937s] writing requirements to ../../build/py_srvcli/py_srvcli.egg-info/requires.txt
[0.937s] writing top-level names to ../../build/py_srvcli/py_srvcli.egg-info/top_level.txt
[0.938s] reading manifest file '../../build/py_srvcli/py_srvcli.egg-info/SOURCES.txt'
[0.939s] writing manifest file '../../build/py_srvcli/py_srvcli.egg-info/SOURCES.txt'
[0.939s] running build
[0.939s] running build_py
[0.939s] copying py_srvcli/service_member.py -> /home/workspace/mici_ws/build/py_srvcli/build/lib/py_srvcli
[0.939s] copying py_srvcli/client_member.py -> /home/workspace/mici_ws/build/py_srvcli/build/lib/py_srvcli
[0.939s] running install
[0.939s] running install_lib
[0.940s] copying /home/workspace/mici_ws/build/py_srvcli/build/lib/py_srvcli/service_member.py -> /home/workspace/mici_ws/install/py_srvcli/lib/python3.10/site-packages/py_srvcli
[0.940s] copying /home/workspace/mici_ws/build/py_srvcli/build/lib/py_srvcli/client_member.py -> /home/workspace/mici_ws/install/py_srvcli/lib/python3.10/site-packages/py_srvcli
[0.940s] byte-compiling /home/workspace/mici_ws/install/py_srvcli/lib/python3.10/site-packages/py_srvcli/service_member.py to service_member.cpython-310.pyc
[0.941s] byte-compiling /home/workspace/mici_ws/install/py_srvcli/lib/python3.10/site-packages/py_srvcli/client_member.py to client_member.cpython-310.pyc
[0.941s] running install_data
[0.941s] running install_egg_info
[0.943s] removing '/home/workspace/mici_ws/install/py_srvcli/lib/python3.10/site-packages/py_srvcli-0.0.0-py3.10.egg-info' (and everything under it)
[0.943s] Copying ../../build/py_srvcli/py_srvcli.egg-info to /home/workspace/mici_ws/install/py_srvcli/lib/python3.10/site-packages/py_srvcli-0.0.0-py3.10.egg-info
[0.943s] running install_scripts
[0.958s] Installing clin script to /home/workspace/mici_ws/install/py_srvcli/lib/py_srvcli
[0.958s] Installing serv script to /home/workspace/mici_ws/install/py_srvcli/lib/py_srvcli
[0.959s] writing list of installed files to '/home/workspace/mici_ws/build/py_srvcli/install.log'
[0.976s] Invoked command in '/home/workspace/mici_ws/src/py_srvcli' returned '0': PYTHONPATH=/home/workspace/mici_ws/build/py_srvcli/prefix_override:/usr/lib/python3/dist-packages/colcon_core/task/python/colcon_distutils_commands:/home/workspace/mici_ws/install/py_srvcli/lib/python3.10/site-packages:${PYTHONPATH} /usr/bin/python3 -W ignore:setup.py install is deprecated -W ignore:easy_install command is deprecated setup.py egg_info --egg-base ../../build/py_srvcli build --build-base /home/workspace/mici_ws/build/py_srvcli/build install --record /home/workspace/mici_ws/build/py_srvcli/install.log --single-version-externally-managed install_data
