[0.041s] Invoking command in '/home/workspace/mici_ws/build/mici_launch': CMAKE_PREFIX_PATH=${CMAKE_PREFIX_PATH}:/home/workspace/turtlebot3_ws/install/turtlebot3_autorace_mission:/home/workspace/turtlebot3_ws/install/turtlebot3_autorace_detect:/home/workspace/turtlebot3_ws/install/turtlebot3_autorace_camera:/home/workspace/ros_ws/install/turtlebot3_description:/home/workspace/ros_ws/install/navigation_m:/home/workspace/ros_ws/install/my_robot_control:/opt/ros/humble /usr/bin/cmake --build /home/workspace/mici_ws/build/mici_launch -- -j12 -l12
[0.232s] Invoked command in '/home/workspace/mici_ws/build/mici_launch' returned '0': CMAKE_PREFIX_PATH=${CMAKE_PREFIX_PATH}:/home/workspace/turtlebot3_ws/install/turtlebot3_autorace_mission:/home/workspace/turtlebot3_ws/install/turtlebot3_autorace_detect:/home/workspace/turtlebot3_ws/install/turtlebot3_autorace_camera:/home/workspace/ros_ws/install/turtlebot3_description:/home/workspace/ros_ws/install/navigation_m:/home/workspace/ros_ws/install/my_robot_control:/opt/ros/humble /usr/bin/cmake --build /home/workspace/mici_ws/build/mici_launch -- -j12 -l12
[0.240s] Invoking command in '/home/workspace/mici_ws/build/mici_launch': CMAKE_PREFIX_PATH=${CMAKE_PREFIX_PATH}:/home/workspace/turtlebot3_ws/install/turtlebot3_autorace_mission:/home/workspace/turtlebot3_ws/install/turtlebot3_autorace_detect:/home/workspace/turtlebot3_ws/install/turtlebot3_autorace_camera:/home/workspace/ros_ws/install/turtlebot3_description:/home/workspace/ros_ws/install/navigation_m:/home/workspace/ros_ws/install/my_robot_control:/opt/ros/humble /usr/bin/cmake --install /home/workspace/mici_ws/build/mici_launch
[0.248s] -- Install configuration: ""
[0.248s] -- Up-to-date: /home/workspace/mici_ws/install/mici_launch/share/ament_index/resource_index/package_run_dependencies/mici_launch
[0.248s] -- Up-to-date: /home/workspace/mici_ws/install/mici_launch/share/ament_index/resource_index/parent_prefix_path/mici_launch
[0.249s] -- Up-to-date: /home/workspace/mici_ws/install/mici_launch/share/mici_launch/environment/ament_prefix_path.sh
[0.250s] -- Up-to-date: /home/workspace/mici_ws/install/mici_launch/share/mici_launch/environment/ament_prefix_path.dsv
[0.250s] -- Up-to-date: /home/workspace/mici_ws/install/mici_launch/share/mici_launch/environment/path.sh
[0.250s] -- Up-to-date: /home/workspace/mici_ws/install/mici_launch/share/mici_launch/environment/path.dsv
[0.250s] -- Up-to-date: /home/workspace/mici_ws/install/mici_launch/share/mici_launch/local_setup.bash
[0.250s] -- Up-to-date: /home/workspace/mici_ws/install/mici_launch/share/mici_launch/local_setup.sh
[0.250s] -- Up-to-date: /home/workspace/mici_ws/install/mici_launch/share/mici_launch/local_setup.zsh
[0.250s] -- Up-to-date: /home/workspace/mici_ws/install/mici_launch/share/mici_launch/local_setup.dsv
[0.250s] -- Installing: /home/workspace/mici_ws/install/mici_launch/share/mici_launch/package.dsv
[0.250s] -- Up-to-date: /home/workspace/mici_ws/install/mici_launch/share/ament_index/resource_index/packages/mici_launch
[0.250s] -- Up-to-date: /home/workspace/mici_ws/install/mici_launch/share/mici_launch/cmake/mici_launchConfig.cmake
[0.251s] -- Up-to-date: /home/workspace/mici_ws/install/mici_launch/share/mici_launch/cmake/mici_launchConfig-version.cmake
[0.251s] -- Up-to-date: /home/workspace/mici_ws/install/mici_launch/share/mici_launch/package.xml
[0.270s] Invoked command in '/home/workspace/mici_ws/build/mici_launch' returned '0': CMAKE_PREFIX_PATH=${CMAKE_PREFIX_PATH}:/home/workspace/turtlebot3_ws/install/turtlebot3_autorace_mission:/home/workspace/turtlebot3_ws/install/turtlebot3_autorace_detect:/home/workspace/turtlebot3_ws/install/turtlebot3_autorace_camera:/home/workspace/ros_ws/install/turtlebot3_description:/home/workspace/ros_ws/install/navigation_m:/home/workspace/ros_ws/install/my_robot_control:/opt/ros/humble /usr/bin/cmake --install /home/workspace/mici_ws/build/mici_launch
