[0.983s] Invoking command in '/home/workspace/mici_ws/src/py_pubsub': PYTHONPATH=/home/workspace/mici_ws/build/py_pubsub/prefix_override:/usr/lib/python3/dist-packages/colcon_core/task/python/colcon_distutils_commands:/home/workspace/mici_ws/install/py_pubsub/lib/python3.10/site-packages:${PYTHONPATH} /usr/bin/python3 -W ignore:setup.py install is deprecated -W ignore:easy_install command is deprecated setup.py egg_info --egg-base ../../build/py_pubsub build --build-base /home/workspace/mici_ws/build/py_pubsub/build install --record /home/workspace/mici_ws/build/py_pubsub/install.log --single-version-externally-managed install_data
[1.190s] running egg_info
[1.190s] writing ../../build/py_pubsub/py_pubsub.egg-info/PKG-INFO
[1.190s] writing dependency_links to ../../build/py_pubsub/py_pubsub.egg-info/dependency_links.txt
[1.190s] writing entry points to ../../build/py_pubsub/py_pubsub.egg-info/entry_points.txt
[1.190s] writing requirements to ../../build/py_pubsub/py_pubsub.egg-info/requires.txt
[1.191s] writing top-level names to ../../build/py_pubsub/py_pubsub.egg-info/top_level.txt
[1.191s] reading manifest file '../../build/py_pubsub/py_pubsub.egg-info/SOURCES.txt'
[1.192s] writing manifest file '../../build/py_pubsub/py_pubsub.egg-info/SOURCES.txt'
[1.192s] running build
[1.192s] running build_py
[1.192s] running install
[1.192s] running install_lib
[1.193s] running install_data
[1.193s] running install_egg_info
[1.194s] removing '/home/workspace/mici_ws/install/py_pubsub/lib/python3.10/site-packages/py_pubsub-0.0.0-py3.10.egg-info' (and everything under it)
[1.195s] Copying ../../build/py_pubsub/py_pubsub.egg-info to /home/workspace/mici_ws/install/py_pubsub/lib/python3.10/site-packages/py_pubsub-0.0.0-py3.10.egg-info
[1.195s] running install_scripts
[1.208s] Installing listener script to /home/workspace/mici_ws/install/py_pubsub/lib/py_pubsub
[1.208s] Installing talker script to /home/workspace/mici_ws/install/py_pubsub/lib/py_pubsub
[1.208s] writing list of installed files to '/home/workspace/mici_ws/build/py_pubsub/install.log'
[1.229s] Invoked command in '/home/workspace/mici_ws/src/py_pubsub' returned '0': PYTHONPATH=/home/workspace/mici_ws/build/py_pubsub/prefix_override:/usr/lib/python3/dist-packages/colcon_core/task/python/colcon_distutils_commands:/home/workspace/mici_ws/install/py_pubsub/lib/python3.10/site-packages:${PYTHONPATH} /usr/bin/python3 -W ignore:setup.py install is deprecated -W ignore:easy_install command is deprecated setup.py egg_info --egg-base ../../build/py_pubsub build --build-base /home/workspace/mici_ws/build/py_pubsub/build install --record /home/workspace/mici_ws/build/py_pubsub/install.log --single-version-externally-managed install_data
