-- Found ament_cmake: 1.3.12 (/opt/ros/humble/share/ament_cmake/cmake)
-- Found ament_lint_auto: 0.12.14 (/opt/ros/humble/share/ament_lint_auto/cmake)
-- Added test 'cppcheck' to perform static code analysis on C / C++ code
-- Configured cppcheck include dirs: $<BUILD_INTERFACE:/home/workspace/mici_ws/src/mici_control/include>
-- Configured cppcheck exclude dirs and/or files: 
-- Added test 'lint_cmake' to check CMake code style
-- Added test 'uncrustify' to check C / C++ code style
-- Configured uncrustify additional arguments: 
-- Added test 'xmllint' to check XML markup files
-- Configuring done
-- Generating done
-- Build files have been written to: /home/workspace/mici_ws/build/mici_control
[ 50%] [32mBuilding CXX object CMakeFiles/my_node.dir/src/my_node.cpp.o[0m
[100%] [32m[1mLinking CXX executable my_node[0m
[100%] Built target my_node
-- Install configuration: ""
-- Installing: /home/workspace/mici_ws/install/mici_control/lib/mici_control/my_node
-- Up-to-date: /home/workspace/mici_ws/install/mici_control/share/ament_index/resource_index/package_run_dependencies/mici_control
-- Installing: /home/workspace/mici_ws/install/mici_control/share/ament_index/resource_index/parent_prefix_path/mici_control
-- Up-to-date: /home/workspace/mici_ws/install/mici_control/share/mici_control/environment/ament_prefix_path.sh
-- Installing: /home/workspace/mici_ws/install/mici_control/share/mici_control/environment/ament_prefix_path.dsv
-- Up-to-date: /home/workspace/mici_ws/install/mici_control/share/mici_control/environment/path.sh
-- Installing: /home/workspace/mici_ws/install/mici_control/share/mici_control/environment/path.dsv
-- Up-to-date: /home/workspace/mici_ws/install/mici_control/share/mici_control/local_setup.bash
-- Up-to-date: /home/workspace/mici_ws/install/mici_control/share/mici_control/local_setup.sh
-- Up-to-date: /home/workspace/mici_ws/install/mici_control/share/mici_control/local_setup.zsh
-- Installing: /home/workspace/mici_ws/install/mici_control/share/mici_control/local_setup.dsv
-- Installing: /home/workspace/mici_ws/install/mici_control/share/mici_control/package.dsv
-- Up-to-date: /home/workspace/mici_ws/install/mici_control/share/ament_index/resource_index/packages/mici_control
-- Up-to-date: /home/workspace/mici_ws/install/mici_control/share/mici_control/cmake/mici_controlConfig.cmake
-- Up-to-date: /home/workspace/mici_ws/install/mici_control/share/mici_control/cmake/mici_controlConfig-version.cmake
-- Up-to-date: /home/workspace/mici_ws/install/mici_control/share/mici_control/package.xml
