[0.024s] Invoking command in '/home/workspace/mici_ws/build/mici_control': CMAKE_PREFIX_PATH=${CMAKE_PREFIX_PATH}:/home/workspace/turtlebot3_ws/install/turtlebot3_autorace_mission:/home/workspace/turtlebot3_ws/install/turtlebot3_autorace_detect:/home/workspace/turtlebot3_ws/install/turtlebot3_autorace_camera:/home/workspace/ros_ws/install/turtlebot3_description:/home/workspace/ros_ws/install/navigation_m:/home/workspace/ros_ws/install/my_robot_control:/opt/ros/humble /usr/bin/cmake --build /home/workspace/mici_ws/build/mici_control -- -j12 -l12
[0.044s] -- Found ament_cmake: 1.3.12 (/opt/ros/humble/share/ament_cmake/cmake)
[0.149s] -- Found ament_lint_auto: 0.12.14 (/opt/ros/humble/share/ament_lint_auto/cmake)
[0.195s] -- Added test 'cppcheck' to perform static code analysis on C / C++ code
[0.195s] -- Configured cppcheck include dirs: $<BUILD_INTERFACE:/home/workspace/mici_ws/src/mici_control/include>
[0.195s] -- Configured cppcheck exclude dirs and/or files: 
[0.195s] -- Added test 'lint_cmake' to check CMake code style
[0.195s] -- Added test 'uncrustify' to check C / C++ code style
[0.195s] -- Configured uncrustify additional arguments: 
[0.195s] -- Added test 'xmllint' to check XML markup files
[0.196s] -- Configuring done
[0.198s] -- Generating done
[0.199s] -- Build files have been written to: /home/workspace/mici_ws/build/mici_control
[0.226s] [ 50%] [32mBuilding CXX object CMakeFiles/my_node.dir/src/my_node.cpp.o[0m
[0.247s] [100%] [32m[1mLinking CXX executable my_node[0m
[0.278s] [100%] Built target my_node
[0.289s] Invoked command in '/home/workspace/mici_ws/build/mici_control' returned '0': CMAKE_PREFIX_PATH=${CMAKE_PREFIX_PATH}:/home/workspace/turtlebot3_ws/install/turtlebot3_autorace_mission:/home/workspace/turtlebot3_ws/install/turtlebot3_autorace_detect:/home/workspace/turtlebot3_ws/install/turtlebot3_autorace_camera:/home/workspace/ros_ws/install/turtlebot3_description:/home/workspace/ros_ws/install/navigation_m:/home/workspace/ros_ws/install/my_robot_control:/opt/ros/humble /usr/bin/cmake --build /home/workspace/mici_ws/build/mici_control -- -j12 -l12
[0.289s] Invoking command in '/home/workspace/mici_ws/build/mici_control': CMAKE_PREFIX_PATH=${CMAKE_PREFIX_PATH}:/home/workspace/turtlebot3_ws/install/turtlebot3_autorace_mission:/home/workspace/turtlebot3_ws/install/turtlebot3_autorace_detect:/home/workspace/turtlebot3_ws/install/turtlebot3_autorace_camera:/home/workspace/ros_ws/install/turtlebot3_description:/home/workspace/ros_ws/install/navigation_m:/home/workspace/ros_ws/install/my_robot_control:/opt/ros/humble /usr/bin/cmake --install /home/workspace/mici_ws/build/mici_control
[0.294s] -- Install configuration: ""
[0.294s] -- Installing: /home/workspace/mici_ws/install/mici_control/lib/mici_control/my_node
[0.295s] -- Up-to-date: /home/workspace/mici_ws/install/mici_control/share/ament_index/resource_index/package_run_dependencies/mici_control
[0.295s] -- Installing: /home/workspace/mici_ws/install/mici_control/share/ament_index/resource_index/parent_prefix_path/mici_control
[0.295s] -- Up-to-date: /home/workspace/mici_ws/install/mici_control/share/mici_control/environment/ament_prefix_path.sh
[0.295s] -- Installing: /home/workspace/mici_ws/install/mici_control/share/mici_control/environment/ament_prefix_path.dsv
[0.295s] -- Up-to-date: /home/workspace/mici_ws/install/mici_control/share/mici_control/environment/path.sh
[0.295s] -- Installing: /home/workspace/mici_ws/install/mici_control/share/mici_control/environment/path.dsv
[0.295s] -- Up-to-date: /home/workspace/mici_ws/install/mici_control/share/mici_control/local_setup.bash
[0.295s] -- Up-to-date: /home/workspace/mici_ws/install/mici_control/share/mici_control/local_setup.sh
[0.295s] -- Up-to-date: /home/workspace/mici_ws/install/mici_control/share/mici_control/local_setup.zsh
[0.295s] -- Installing: /home/workspace/mici_ws/install/mici_control/share/mici_control/local_setup.dsv
[0.295s] -- Installing: /home/workspace/mici_ws/install/mici_control/share/mici_control/package.dsv
[0.296s] -- Up-to-date: /home/workspace/mici_ws/install/mici_control/share/ament_index/resource_index/packages/mici_control
[0.296s] -- Up-to-date: /home/workspace/mici_ws/install/mici_control/share/mici_control/cmake/mici_controlConfig.cmake
[0.296s] -- Up-to-date: /home/workspace/mici_ws/install/mici_control/share/mici_control/cmake/mici_controlConfig-version.cmake
[0.296s] -- Up-to-date: /home/workspace/mici_ws/install/mici_control/share/mici_control/package.xml
[0.297s] Invoked command in '/home/workspace/mici_ws/build/mici_control' returned '0': CMAKE_PREFIX_PATH=${CMAKE_PREFIX_PATH}:/home/workspace/turtlebot3_ws/install/turtlebot3_autorace_mission:/home/workspace/turtlebot3_ws/install/turtlebot3_autorace_detect:/home/workspace/turtlebot3_ws/install/turtlebot3_autorace_camera:/home/workspace/ros_ws/install/turtlebot3_description:/home/workspace/ros_ws/install/navigation_m:/home/workspace/ros_ws/install/my_robot_control:/opt/ros/humble /usr/bin/cmake --install /home/workspace/mici_ws/build/mici_control
