[1.083s] Invoking command in '/home/workspace/mici_ws/src/py_parameter': PYTHONPATH=/home/workspace/mici_ws/build/py_parameter/prefix_override:/usr/lib/python3/dist-packages/colcon_core/task/python/colcon_distutils_commands:/home/workspace/mici_ws/install/py_parameter/lib/python3.10/site-packages:${PYTHONPATH} /usr/bin/python3 -W ignore:setup.py install is deprecated -W ignore:easy_install command is deprecated setup.py egg_info --egg-base ../../build/py_parameter build --build-base /home/workspace/mici_ws/build/py_parameter/build install --record /home/workspace/mici_ws/build/py_parameter/install.log --single-version-externally-managed install_data
[1.309s] running egg_info
[1.309s] writing ../../build/py_parameter/py_parameter.egg-info/PKG-INFO
[1.310s] writing dependency_links to ../../build/py_parameter/py_parameter.egg-info/dependency_links.txt
[1.310s] writing entry points to ../../build/py_parameter/py_parameter.egg-info/entry_points.txt
[1.310s] writing requirements to ../../build/py_parameter/py_parameter.egg-info/requires.txt
[1.310s] writing top-level names to ../../build/py_parameter/py_parameter.egg-info/top_level.txt
[1.311s] reading manifest file '../../build/py_parameter/py_parameter.egg-info/SOURCES.txt'
[1.311s] writing manifest file '../../build/py_parameter/py_parameter.egg-info/SOURCES.txt'
[1.311s] running build
[1.311s] running build_py
[1.311s] running install
[1.311s] running install_lib
[1.312s] running install_data
[1.312s] running install_egg_info
[1.313s] removing '/home/workspace/mici_ws/install/py_parameter/lib/python3.10/site-packages/py_parameter-0.0.0-py3.10.egg-info' (and everything under it)
[1.314s] Copying ../../build/py_parameter/py_parameter.egg-info to /home/workspace/mici_ws/install/py_parameter/lib/python3.10/site-packages/py_parameter-0.0.0-py3.10.egg-info
[1.314s] running install_scripts
[1.326s] Installing param_node script to /home/workspace/mici_ws/install/py_parameter/lib/py_parameter
[1.326s] writing list of installed files to '/home/workspace/mici_ws/build/py_parameter/install.log'
[1.343s] Invoked command in '/home/workspace/mici_ws/src/py_parameter' returned '0': PYTHONPATH=/home/workspace/mici_ws/build/py_parameter/prefix_override:/usr/lib/python3/dist-packages/colcon_core/task/python/colcon_distutils_commands:/home/workspace/mici_ws/install/py_parameter/lib/python3.10/site-packages:${PYTHONPATH} /usr/bin/python3 -W ignore:setup.py install is deprecated -W ignore:easy_install command is deprecated setup.py egg_info --egg-base ../../build/py_parameter build --build-base /home/workspace/mici_ws/build/py_parameter/build install --record /home/workspace/mici_ws/build/py_parameter/install.log --single-version-externally-managed install_data
