[100%] Built target my_node
-- Install configuration: ""
-- Up-to-date: /home/workspace/mici_ws/install/mici_description/share/mici_description/launch
-- Up-to-date: /home/workspace/mici_ws/install/mici_description/share/mici_description/launch/mici.launch.py
-- Up-to-date: /home/workspace/mici_ws/install/mici_description/share/mici_description/urdf
-- Up-to-date: /home/workspace/mici_ws/install/mici_description/share/mici_description/urdf/mici.urdf.xacro
-- Up-to-date: /home/workspace/mici_ws/install/mici_description/share/mici_description/urdf/urdf2.urdf.
-- Up-to-date: /home/workspace/mici_ws/install/mici_description/share/mici_description/meshes
-- Up-to-date: /home/workspace/mici_ws/install/mici_description/share/mici_description/meshes/wheels
-- Up-to-date: /home/workspace/mici_ws/install/mici_description/share/mici_description/meshes/wheels/left_tire.stl
-- Up-to-date: /home/workspace/mici_ws/install/mici_description/share/mici_description/meshes/wheels/right_tire.stl
-- Up-to-date: /home/workspace/mici_ws/install/mici_description/share/mici_description/meshes/bases
-- Up-to-date: /home/workspace/mici_ws/install/mici_description/share/mici_description/meshes/bases/waffle_base.stl
-- Up-to-date: /home/workspace/mici_ws/install/mici_description/share/mici_description/meshes/bases/waffle_pi_base.stl
-- Up-to-date: /home/workspace/mici_ws/install/mici_description/share/mici_description/meshes/bases/burger_base.stl
-- Up-to-date: /home/workspace/mici_ws/install/mici_description/share/mici_description/meshes/sensors
-- Up-to-date: /home/workspace/mici_ws/install/mici_description/share/mici_description/meshes/sensors/r200.jpg
-- Up-to-date: /home/workspace/mici_ws/install/mici_description/share/mici_description/meshes/sensors/astra.dae
-- Up-to-date: /home/workspace/mici_ws/install/mici_description/share/mici_description/meshes/sensors/astra.jpg
-- Up-to-date: /home/workspace/mici_ws/install/mici_description/share/mici_description/meshes/sensors/lds.stl
-- Up-to-date: /home/workspace/mici_ws/install/mici_description/share/mici_description/meshes/sensors/r200.dae
-- Up-to-date: /home/workspace/mici_ws/install/mici_description/share/mici_description/meshes/burger_base.stl
-- Up-to-date: /home/workspace/mici_ws/install/mici_description/share/mici_description/meshes/mici.sdf
-- Up-to-date: /home/workspace/mici_ws/install/mici_description/share/mici_description/model
-- Up-to-date: /home/workspace/mici_ws/install/mici_description/share/mici_description/model/model.sdf
-- Up-to-date: /home/workspace/mici_ws/install/mici_description/share/mici_description/model/turtlebot3_world
-- Up-to-date: /home/workspace/mici_ws/install/mici_description/share/mici_description/model/turtlebot3_world/model.sdf
-- Up-to-date: /home/workspace/mici_ws/install/mici_description/share/mici_description/model/turtlebot3_world/model.config
-- Up-to-date: /home/workspace/mici_ws/install/mici_description/share/mici_description/model/turtlebot3_world/model-1_4.sdf
-- Up-to-date: /home/workspace/mici_ws/install/mici_description/share/mici_description/model/turtlebot3_world/meshes
-- Up-to-date: /home/workspace/mici_ws/install/mici_description/share/mici_description/model/turtlebot3_world/meshes/wall.dae
-- Up-to-date: /home/workspace/mici_ws/install/mici_description/share/mici_description/model/turtlebot3_world/meshes/hexagon.dae
-- Up-to-date: /home/workspace/mici_ws/install/mici_description/share/mici_description/rviz
-- Up-to-date: /home/workspace/mici_ws/install/mici_description/share/mici_description/world
-- Installing: /home/workspace/mici_ws/install/mici_description/share/mici_description/world/mici.world
-- Up-to-date: /home/workspace/mici_ws/install/mici_description/lib/mici_description/my_node
-- Up-to-date: /home/workspace/mici_ws/install/mici_description/share/ament_index/resource_index/package_run_dependencies/mici_description
-- Up-to-date: /home/workspace/mici_ws/install/mici_description/share/ament_index/resource_index/parent_prefix_path/mici_description
-- Up-to-date: /home/workspace/mici_ws/install/mici_description/share/mici_description/environment/ament_prefix_path.sh
-- Up-to-date: /home/workspace/mici_ws/install/mici_description/share/mici_description/environment/ament_prefix_path.dsv
-- Up-to-date: /home/workspace/mici_ws/install/mici_description/share/mici_description/environment/path.sh
-- Up-to-date: /home/workspace/mici_ws/install/mici_description/share/mici_description/environment/path.dsv
-- Up-to-date: /home/workspace/mici_ws/install/mici_description/share/mici_description/local_setup.bash
-- Up-to-date: /home/workspace/mici_ws/install/mici_description/share/mici_description/local_setup.sh
-- Up-to-date: /home/workspace/mici_ws/install/mici_description/share/mici_description/local_setup.zsh
-- Up-to-date: /home/workspace/mici_ws/install/mici_description/share/mici_description/local_setup.dsv
-- Installing: /home/workspace/mici_ws/install/mici_description/share/mici_description/package.dsv
-- Up-to-date: /home/workspace/mici_ws/install/mici_description/share/ament_index/resource_index/packages/mici_description
-- Up-to-date: /home/workspace/mici_ws/install/mici_description/share/mici_description/cmake/mici_descriptionConfig.cmake
-- Up-to-date: /home/workspace/mici_ws/install/mici_description/share/mici_description/cmake/mici_descriptionConfig-version.cmake
-- Up-to-date: /home/workspace/mici_ws/install/mici_description/share/mici_description/package.xml
