running egg_info
writing ../../build/py_launch_exam/py_launch_exam.egg-info/PKG-INFO
writing dependency_links to ../../build/py_launch_exam/py_launch_exam.egg-info/dependency_links.txt
writing entry points to ../../build/py_launch_exam/py_launch_exam.egg-info/entry_points.txt
writing requirements to ../../build/py_launch_exam/py_launch_exam.egg-info/requires.txt
writing top-level names to ../../build/py_launch_exam/py_launch_exam.egg-info/top_level.txt
reading manifest file '../../build/py_launch_exam/py_launch_exam.egg-info/SOURCES.txt'
adding license file 'LICENSE'
writing manifest file '../../build/py_launch_exam/py_launch_exam.egg-info/SOURCES.txt'
running build
running build_py
running install
running install_lib
running install_data
copying launch/mimic_launch.py -> /home/workspace/mici_ws/install/py_launch_exam/share/py_launch_exam/launch
copying launch/turtle_world_launch.py -> /home/workspace/mici_ws/install/py_launch_exam/share/py_launch_exam/launch
copying launch/broadcaster_launch.py -> /home/workspace/mici_ws/install/py_launch_exam/share/py_launch_exam/launch
copying launch/launch_turtlesim_launch.py -> /home/workspace/mici_ws/install/py_launch_exam/share/py_launch_exam/launch
copying launch/rviz_launch.py -> /home/workspace/mici_ws/install/py_launch_exam/share/py_launch_exam/launch
running install_egg_info
removing '/home/workspace/mici_ws/install/py_launch_exam/lib/python3.10/site-packages/py_launch_exam-0.0.0-py3.10.egg-info' (and everything under it)
Copying ../../build/py_launch_exam/py_launch_exam.egg-info to /home/workspace/mici_ws/install/py_launch_exam/lib/python3.10/site-packages/py_launch_exam-0.0.0-py3.10.egg-info
running install_scripts
writing list of installed files to '/home/workspace/mici_ws/build/py_launch_exam/install.log'
