[0.033s] Invoking command in '/home/workspace/mici_ws/build/mici_control': CMAKE_PREFIX_PATH=${CMAKE_PREFIX_PATH}:/home/workspace/ros_ws/install/turtlebot3_description:/home/workspace/ros_ws/install/my_robot_control:/home/workspace/mici_ws/install/py_srvcli:/home/workspace/mici_ws/install/py_pubsub:/home/workspace/mici_ws/install/py_parameter:/home/workspace/mici_ws/install/py_launch_exam:/home/workspace/turtlebot3_ws/install/turtlebot3_autorace_mission:/home/workspace/turtlebot3_ws/install/turtlebot3_autorace_detect:/home/workspace/turtlebot3_ws/install/turtlebot3_autorace_camera:/opt/ros/humble /usr/bin/cmake --build /home/workspace/mici_ws/build/mici_control -- -j12 -l12
[0.579s] [100%] Built target my_node
[0.750s] Invoked command in '/home/workspace/mici_ws/build/mici_control' returned '0': CMAKE_PREFIX_PATH=${CMAKE_PREFIX_PATH}:/home/workspace/ros_ws/install/turtlebot3_description:/home/workspace/ros_ws/install/my_robot_control:/home/workspace/mici_ws/install/py_srvcli:/home/workspace/mici_ws/install/py_pubsub:/home/workspace/mici_ws/install/py_parameter:/home/workspace/mici_ws/install/py_launch_exam:/home/workspace/turtlebot3_ws/install/turtlebot3_autorace_mission:/home/workspace/turtlebot3_ws/install/turtlebot3_autorace_detect:/home/workspace/turtlebot3_ws/install/turtlebot3_autorace_camera:/opt/ros/humble /usr/bin/cmake --build /home/workspace/mici_ws/build/mici_control -- -j12 -l12
[0.751s] Invoking command in '/home/workspace/mici_ws/build/mici_control': CMAKE_PREFIX_PATH=${CMAKE_PREFIX_PATH}:/home/workspace/ros_ws/install/turtlebot3_description:/home/workspace/ros_ws/install/my_robot_control:/home/workspace/mici_ws/install/py_srvcli:/home/workspace/mici_ws/install/py_pubsub:/home/workspace/mici_ws/install/py_parameter:/home/workspace/mici_ws/install/py_launch_exam:/home/workspace/turtlebot3_ws/install/turtlebot3_autorace_mission:/home/workspace/turtlebot3_ws/install/turtlebot3_autorace_detect:/home/workspace/turtlebot3_ws/install/turtlebot3_autorace_camera:/opt/ros/humble /usr/bin/cmake --install /home/workspace/mici_ws/build/mici_control
[0.762s] -- Install configuration: ""
[0.763s] -- Up-to-date: /home/workspace/mici_ws/install/mici_control/lib/mici_control/my_node
[0.763s] -- Up-to-date: /home/workspace/mici_ws/install/mici_control/share/ament_index/resource_index/package_run_dependencies/mici_control
[0.763s] -- Up-to-date: /home/workspace/mici_ws/install/mici_control/share/ament_index/resource_index/parent_prefix_path/mici_control
[0.763s] -- Up-to-date: /home/workspace/mici_ws/install/mici_control/share/mici_control/environment/ament_prefix_path.sh
[0.763s] -- Up-to-date: /home/workspace/mici_ws/install/mici_control/share/mici_control/environment/ament_prefix_path.dsv
[0.763s] -- Up-to-date: /home/workspace/mici_ws/install/mici_control/share/mici_control/environment/path.sh
[0.763s] -- Up-to-date: /home/workspace/mici_ws/install/mici_control/share/mici_control/environment/path.dsv
[0.763s] -- Up-to-date: /home/workspace/mici_ws/install/mici_control/share/mici_control/local_setup.bash
[0.763s] -- Up-to-date: /home/workspace/mici_ws/install/mici_control/share/mici_control/local_setup.sh
[0.763s] -- Up-to-date: /home/workspace/mici_ws/install/mici_control/share/mici_control/local_setup.zsh
[0.763s] -- Up-to-date: /home/workspace/mici_ws/install/mici_control/share/mici_control/local_setup.dsv
[0.763s] -- Installing: /home/workspace/mici_ws/install/mici_control/share/mici_control/package.dsv
[0.763s] -- Up-to-date: /home/workspace/mici_ws/install/mici_control/share/ament_index/resource_index/packages/mici_control
[0.763s] -- Up-to-date: /home/workspace/mici_ws/install/mici_control/share/mici_control/cmake/mici_controlConfig.cmake
[0.763s] -- Up-to-date: /home/workspace/mici_ws/install/mici_control/share/mici_control/cmake/mici_controlConfig-version.cmake
[0.764s] -- Up-to-date: /home/workspace/mici_ws/install/mici_control/share/mici_control/package.xml
[0.781s] Invoked command in '/home/workspace/mici_ws/build/mici_control' returned '0': CMAKE_PREFIX_PATH=${CMAKE_PREFIX_PATH}:/home/workspace/ros_ws/install/turtlebot3_description:/home/workspace/ros_ws/install/my_robot_control:/home/workspace/mici_ws/install/py_srvcli:/home/workspace/mici_ws/install/py_pubsub:/home/workspace/mici_ws/install/py_parameter:/home/workspace/mici_ws/install/py_launch_exam:/home/workspace/turtlebot3_ws/install/turtlebot3_autorace_mission:/home/workspace/turtlebot3_ws/install/turtlebot3_autorace_detect:/home/workspace/turtlebot3_ws/install/turtlebot3_autorace_camera:/opt/ros/humble /usr/bin/cmake --install /home/workspace/mici_ws/build/mici_control
